[rosmaster.main][INFO] 2024-07-16 17:50:29,902: initialization complete, waiting for shutdown
[rosmaster.main][INFO] 2024-07-16 17:50:29,902: Starting ROS Master Node
[xmlrpc][INFO] 2024-07-16 17:50:29,911: XML-RPC server binding to 0.0.0.0:11311
[xmlrpc][INFO] 2024-07-16 17:50:29,911: Started XML-RPC server [http://rafzarf:11311/]
[rosmaster.master][INFO] 2024-07-16 17:50:29,911: Master initialized: port[11311], uri[http://rafzarf:11311/]
[xmlrpc][INFO] 2024-07-16 17:50:29,911: xml rpc node: starting XML-RPC server
[rosmaster.master][INFO] 2024-07-16 17:50:30,014: +PARAM [/run_id] by /roslaunch
[rosmaster.master][INFO] 2024-07-16 17:50:30,016: +PARAM [/roslaunch/uris/host_rafzarf__40073] by /roslaunch
[rosmaster.master][INFO] 2024-07-16 17:50:30,095: +PARAM [/rosversion] by /roslaunch
[rosmaster.master][INFO] 2024-07-16 17:50:30,095: +PARAM [/rosdistro] by /roslaunch
[rosmaster.master][INFO] 2024-07-16 17:50:30,134: +SERVICE [/rosout/get_loggers] /rosout http://rafzarf:35275/
[rosmaster.master][INFO] 2024-07-16 17:50:30,135: +SERVICE [/rosout/set_logger_level] /rosout http://rafzarf:35275/
[rosmaster.master][INFO] 2024-07-16 17:50:30,136: +PUB [/rosout_agg] /rosout http://rafzarf:35275/
[rosmaster.master][INFO] 2024-07-16 17:50:30,139: +SUB [/rosout] /rosout http://rafzarf:35275/
[rosmaster.master][INFO] 2024-07-16 17:50:42,636: +PUB [/rosout] /demo_topic_publisher http://rafzarf:42749/
[rosmaster.master][INFO] 2024-07-16 17:50:42,637: +SERVICE [/demo_topic_publisher/get_loggers] /demo_topic_publisher http://rafzarf:42749/
[rosmaster.master][INFO] 2024-07-16 17:50:42,637: +SERVICE [/demo_topic_publisher/set_logger_level] /demo_topic_publisher http://rafzarf:42749/
[rosmaster.master][INFO] 2024-07-16 17:50:42,638: +PUB [/numbers] /demo_topic_publisher http://rafzarf:42749/
[rosmaster.master][INFO] 2024-07-16 17:50:42,638: publisherUpdate[/rosout] -> http://rafzarf:35275/ ['http://rafzarf:42749/']
[rosmaster.master][INFO] 2024-07-16 17:50:42,640: +CACHEDPARAM [/rosout_disable_topics_generation] by /demo_topic_publisher
[rosmaster.master][INFO] 2024-07-16 17:50:42,652: publisherUpdate[/rosout] -> http://rafzarf:35275/ ['http://rafzarf:42749/']: sec=0.01, result=[1, '', 0]
[rosmaster.master][INFO] 2024-07-16 17:50:42,940: +CACHEDPARAM [/rosout/omit_topics] by /rosout
[rosmaster.master][INFO] 2024-07-16 17:50:57,122: +PUB [/rosout] /demo_topic_subscriber http://rafzarf:45069/
[rosmaster.master][INFO] 2024-07-16 17:50:57,123: +SERVICE [/demo_topic_subscriber/get_loggers] /demo_topic_subscriber http://rafzarf:45069/
[rosmaster.master][INFO] 2024-07-16 17:50:57,123: +SERVICE [/demo_topic_subscriber/set_logger_level] /demo_topic_subscriber http://rafzarf:45069/
[rosmaster.master][INFO] 2024-07-16 17:50:57,125: +SUB [/numbers] /demo_topic_subscriber http://rafzarf:45069/
[rosmaster.master][INFO] 2024-07-16 17:50:57,160: publisherUpdate[/rosout] -> http://rafzarf:35275/ ['http://rafzarf:42749/', 'http://rafzarf:45069/']
[rosmaster.master][INFO] 2024-07-16 17:50:57,173: publisherUpdate[/rosout] -> http://rafzarf:35275/ ['http://rafzarf:42749/', 'http://rafzarf:45069/']: sec=0.01, result=[1, '', 0]
[rosmaster.master][INFO] 2024-07-16 17:50:57,439: +CACHEDPARAM [/rosout_disable_topics_generation] by /demo_topic_subscriber
[rosmaster.master][INFO] 2024-07-16 17:51:50,686: -PUB [/rosout] /demo_topic_subscriber http://rafzarf:45069/
[rosmaster.master][INFO] 2024-07-16 17:51:50,686: -SUB [/numbers] /demo_topic_subscriber http://rafzarf:45069/
[rosmaster.master][INFO] 2024-07-16 17:51:50,686: -SERVICE [/demo_topic_subscriber/get_loggers] /demo_topic_subscriber rosrpc://rafzarf:44947
[rosmaster.master][INFO] 2024-07-16 17:51:50,687: -SERVICE [/demo_topic_subscriber/set_logger_level] /demo_topic_subscriber rosrpc://rafzarf:44947
[rosmaster.master][INFO] 2024-07-16 17:51:50,687: publisherUpdate[/rosout] -> http://rafzarf:35275/ ['http://rafzarf:42749/']
[rosmaster.master][INFO] 2024-07-16 17:51:50,688: -CACHEDPARAM [/rosout_disable_topics_generation] by /demo_topic_subscriber
[rosmaster.master][INFO] 2024-07-16 17:51:50,688: publisherUpdate[/rosout] -> http://rafzarf:35275/ ['http://rafzarf:42749/']: sec=0.00, result=[1, '', 0]
[rosmaster.master][INFO] 2024-07-16 17:51:51,882: -PUB [/rosout] /demo_topic_publisher http://rafzarf:42749/
[rosmaster.master][INFO] 2024-07-16 17:51:51,883: -PUB [/numbers] /demo_topic_publisher http://rafzarf:42749/
[rosmaster.master][INFO] 2024-07-16 17:51:51,884: -SERVICE [/demo_topic_publisher/get_loggers] /demo_topic_publisher rosrpc://rafzarf:36423
[rosmaster.master][INFO] 2024-07-16 17:51:51,885: publisherUpdate[/rosout] -> http://rafzarf:35275/ []
[rosmaster.master][INFO] 2024-07-16 17:51:51,885: -SERVICE [/demo_topic_publisher/set_logger_level] /demo_topic_publisher rosrpc://rafzarf:36423
[rosmaster.master][INFO] 2024-07-16 17:51:51,886: publisherUpdate[/rosout] -> http://rafzarf:35275/ []: sec=0.00, result=[1, '', 0]
[rosmaster.master][INFO] 2024-07-16 17:51:51,887: -CACHEDPARAM [/rosout_disable_topics_generation] by /demo_topic_publisher
[rosmaster.master][INFO] 2024-07-16 20:11:34,244: -PUB [/rosout_agg] /rosout http://rafzarf:35275/
[rosmaster.master][INFO] 2024-07-16 20:11:34,245: -SUB [/rosout] /rosout http://rafzarf:35275/
[rosmaster.master][INFO] 2024-07-16 20:11:34,245: -SERVICE [/rosout/get_loggers] /rosout rosrpc://rafzarf:54669
[rosmaster.master][INFO] 2024-07-16 20:11:34,245: -SERVICE [/rosout/set_logger_level] /rosout rosrpc://rafzarf:54669
[rosmaster.master][INFO] 2024-07-16 20:11:34,246: -CACHEDPARAM [/rosout/omit_topics] by /rosout
[rosmaster.main][INFO] 2024-07-16 20:11:34,325: keyboard interrupt, will exit
[rosmaster.main][INFO] 2024-07-16 20:11:34,326: stopping master...
[rospy.core][INFO] 2024-07-16 20:11:34,326: signal_shutdown [atexit]
