[rospy.client][INFO] 2024-07-24 22:51:29,499: init_node, name[/joint_state_publisher_gui], pid[182030]
[xmlrpc][INFO] 2024-07-24 22:51:29,500: XML-RPC server binding to 0.0.0.0:0
[xmlrpc][INFO] 2024-07-24 22:51:29,500: Started XML-RPC server [http://rafzarf:33657/]
[rospy.impl.masterslave][INFO] 2024-07-24 22:51:29,500: _ready: http://rafzarf:33657/
[rospy.init][INFO] 2024-07-24 22:51:29,500: ROS Slave URI: [http://rafzarf:33657/]
[rospy.registration][INFO] 2024-07-24 22:51:29,500: Registering with master node http://localhost:11311
[xmlrpc][INFO] 2024-07-24 22:51:29,500: xml rpc node: starting XML-RPC server
[rospy.init][INFO] 2024-07-24 22:51:29,601: registered with master
[rospy.rosout][INFO] 2024-07-24 22:51:29,601: initializing /rosout core topic
[rospy.rosout][INFO] 2024-07-24 22:51:29,603: connected to core topic /rosout
[rospy.simtime][INFO] 2024-07-24 22:51:29,604: /use_sim_time is not set, will not subscribe to simulated time [/clock] topic
[rosout][INFO] 2024-07-24 22:51:29,720: Centering
[rospy.internal][INFO] 2024-07-24 22:51:29,821: topic[/joint_states] adding connection to [/robot_state_publisher], count 0
[rospy.internal][INFO] 2024-07-24 22:51:29,903: topic[/rosout] adding connection to [/rosout], count 0
[rosout][INFO] 2024-07-24 22:51:58,940: Randomizing
[rosout][INFO] 2024-07-24 22:51:59,486: Randomizing
[rosout][INFO] 2024-07-24 22:51:59,960: Randomizing
[rosout][INFO] 2024-07-24 22:52:00,510: Randomizing
[rosout][INFO] 2024-07-24 22:52:00,910: Randomizing
[rosout][INFO] 2024-07-24 22:52:01,290: Randomizing
[rosout][INFO] 2024-07-24 22:52:01,798: Centering
[rosout][INFO] 2024-07-24 22:52:03,153: Randomizing
[rosout][INFO] 2024-07-24 22:52:03,686: Centering
[rospy.client][INFO] 2024-07-24 23:43:34,074: init_node, name[/joint_state_publisher_gui], pid[280133]
[xmlrpc][INFO] 2024-07-24 23:43:34,075: XML-RPC server binding to 0.0.0.0:0
[xmlrpc][INFO] 2024-07-24 23:43:34,075: Started XML-RPC server [http://rafzarf:41503/]
[rospy.impl.masterslave][INFO] 2024-07-24 23:43:34,075: _ready: http://rafzarf:41503/
[rospy.init][INFO] 2024-07-24 23:43:34,075: ROS Slave URI: [http://rafzarf:41503/]
[rospy.registration][INFO] 2024-07-24 23:43:34,075: Registering with master node http://localhost:11311
[xmlrpc][INFO] 2024-07-24 23:43:34,076: xml rpc node: starting XML-RPC server
[rospy.init][INFO] 2024-07-24 23:43:34,176: registered with master
[rospy.rosout][INFO] 2024-07-24 23:43:34,176: initializing /rosout core topic
[rospy.rosout][INFO] 2024-07-24 23:43:34,179: connected to core topic /rosout
[rospy.simtime][INFO] 2024-07-24 23:43:34,179: /use_sim_time is not set, will not subscribe to simulated time [/clock] topic
[rosout][INFO] 2024-07-24 23:43:34,282: Centering
[rospy.internal][INFO] 2024-07-24 23:43:34,418: topic[/rosout] adding connection to [/rosout], count 0
[rospy.internal][INFO] 2024-07-24 23:43:34,519: topic[/joint_states] adding connection to [/robot_state_publisher], count 0
[rosout][INFO] 2024-07-24 23:44:02,211: Randomizing
[rosout][INFO] 2024-07-24 23:44:02,726: Randomizing
[rosout][INFO] 2024-07-24 23:44:03,209: Randomizing
[rosout][INFO] 2024-07-24 23:44:03,597: Randomizing
[rosout][INFO] 2024-07-24 23:44:04,014: Randomizing
[rosout][INFO] 2024-07-24 23:44:04,385: Randomizing
[rosout][INFO] 2024-07-24 23:44:04,630: Randomizing
[rosout][INFO] 2024-07-24 23:44:04,877: Randomizing
[rosout][INFO] 2024-07-24 23:44:05,152: Randomizing
[rosout][INFO] 2024-07-24 23:44:05,460: Randomizing
[rosout][INFO] 2024-07-24 23:44:06,064: Randomizing
[rosout][INFO] 2024-07-24 23:44:06,494: Randomizing
[rosout][INFO] 2024-07-24 23:44:06,868: Randomizing
[rosout][INFO] 2024-07-24 23:44:07,270: Randomizing
[rosout][INFO] 2024-07-24 23:44:07,633: Randomizing
[rosout][INFO] 2024-07-24 23:44:08,136: Randomizing
