[rosmaster.main][INFO] 2024-07-24 22:51:23,185: initialization complete, waiting for shutdown
[rosmaster.main][INFO] 2024-07-24 22:51:23,185: Starting ROS Master Node
[xmlrpc][INFO] 2024-07-24 22:51:23,188: XML-RPC server binding to 0.0.0.0:11311
[xmlrpc][INFO] 2024-07-24 22:51:23,188: Started XML-RPC server [http://rafzarf:11311/]
[rosmaster.master][INFO] 2024-07-24 22:51:23,188: Master initialized: port[11311], uri[http://rafzarf:11311/]
[xmlrpc][INFO] 2024-07-24 22:51:23,188: xml rpc node: starting XML-RPC server
[rosmaster.master][INFO] 2024-07-24 22:51:23,227: +PARAM [/run_id] by /roslaunch
[rosmaster.master][INFO] 2024-07-24 22:51:23,228: +PARAM [/roslaunch/uris/host_rafzarf__44331] by /roslaunch
[rosmaster.master][INFO] 2024-07-24 22:51:23,253: +PARAM [/rosversion] by /roslaunch
[rosmaster.master][INFO] 2024-07-24 22:51:23,253: +PARAM [/rosdistro] by /roslaunch
[rosmaster.master][INFO] 2024-07-24 22:51:23,274: +SERVICE [/rosout/get_loggers] /rosout http://rafzarf:33129/
[rosmaster.master][INFO] 2024-07-24 22:51:23,274: +SERVICE [/rosout/set_logger_level] /rosout http://rafzarf:33129/
[rosmaster.master][INFO] 2024-07-24 22:51:23,276: +PUB [/rosout_agg] /rosout http://rafzarf:33129/
[rosmaster.master][INFO] 2024-07-24 22:51:23,278: +SUB [/rosout] /rosout http://rafzarf:33129/
[rosmaster.master][INFO] 2024-07-24 22:51:29,185: +PARAM [/roslaunch/uris/host_rafzarf__37679] by /roslaunch
[rosmaster.master][INFO] 2024-07-24 22:51:29,188: +PARAM [/rosversion] by /roslaunch
[rosmaster.master][INFO] 2024-07-24 22:51:29,188: +PARAM [/rosdistro] by /roslaunch
[rosmaster.master][INFO] 2024-07-24 22:51:29,188: +PARAM [/robot_description] by /roslaunch
[rosmaster.master][INFO] 2024-07-24 22:51:29,240: +PUB [/rosout] /robot_state_publisher http://rafzarf:46273/
[rosmaster.master][INFO] 2024-07-24 22:51:29,240: +SERVICE [/robot_state_publisher/get_loggers] /robot_state_publisher http://rafzarf:46273/
[rosmaster.master][INFO] 2024-07-24 22:51:29,241: +SERVICE [/robot_state_publisher/set_logger_level] /robot_state_publisher http://rafzarf:46273/
[rosmaster.master][INFO] 2024-07-24 22:51:29,243: +CACHEDPARAM [/rosout_disable_topics_generation] by /robot_state_publisher
[rosmaster.master][INFO] 2024-07-24 22:51:29,244: +PUB [/tf] /robot_state_publisher http://rafzarf:46273/
[rosmaster.master][INFO] 2024-07-24 22:51:29,244: +PUB [/tf_static] /robot_state_publisher http://rafzarf:46273/
[rosmaster.master][INFO] 2024-07-24 22:51:29,245: +SUB [/joint_states] /robot_state_publisher http://rafzarf:46273/
[rosmaster.master][INFO] 2024-07-24 22:51:29,299: publisherUpdate[/rosout] -> http://rafzarf:33129/ ['http://rafzarf:46273/']
[rosmaster.master][INFO] 2024-07-24 22:51:29,302: publisherUpdate[/rosout] -> http://rafzarf:33129/ ['http://rafzarf:46273/']: sec=0.00, result=[1, '', 0]
[rosmaster.master][INFO] 2024-07-24 22:51:29,380: +PUB [/rosout] /rviz http://rafzarf:35651/
[rosmaster.master][INFO] 2024-07-24 22:51:29,381: +SERVICE [/rviz/get_loggers] /rviz http://rafzarf:35651/
[rosmaster.master][INFO] 2024-07-24 22:51:29,381: +SERVICE [/rviz/set_logger_level] /rviz http://rafzarf:35651/
[rosmaster.master][INFO] 2024-07-24 22:51:29,382: +CACHEDPARAM [/rosout_disable_topics_generation] by /rviz
[rosmaster.master][INFO] 2024-07-24 22:51:29,399: publisherUpdate[/rosout] -> http://rafzarf:33129/ ['http://rafzarf:46273/', 'http://rafzarf:35651/']
[rosmaster.master][INFO] 2024-07-24 22:51:29,400: publisherUpdate[/rosout] -> http://rafzarf:33129/ ['http://rafzarf:46273/', 'http://rafzarf:35651/']: sec=0.00, result=[1, '', 0]
[rosmaster.master][INFO] 2024-07-24 22:51:29,554: +SUB [/tf] /rviz http://rafzarf:35651/
[rosmaster.master][INFO] 2024-07-24 22:51:29,555: +SUB [/tf_static] /rviz http://rafzarf:35651/
[rosmaster.master][INFO] 2024-07-24 22:51:29,602: +PUB [/initialpose] /rviz http://rafzarf:35651/
[rosmaster.master][INFO] 2024-07-24 22:51:29,602: +PUB [/goal] /rviz http://rafzarf:35651/
[rosmaster.master][INFO] 2024-07-24 22:51:29,603: +PUB [/rosout] /joint_state_publisher_gui http://rafzarf:33657/
[rosmaster.master][INFO] 2024-07-24 22:51:29,605: +SERVICE [/joint_state_publisher_gui/get_loggers] /joint_state_publisher_gui http://rafzarf:33657/
[rosmaster.master][INFO] 2024-07-24 22:51:29,605: +SERVICE [/joint_state_publisher_gui/set_logger_level] /joint_state_publisher_gui http://rafzarf:33657/
[rosmaster.master][INFO] 2024-07-24 22:51:29,607: -PUB [/goal] /rviz http://rafzarf:35651/
[rosmaster.master][INFO] 2024-07-24 22:51:29,608: -PUB [/initialpose] /rviz http://rafzarf:35651/
[rosmaster.master][INFO] 2024-07-24 22:51:29,610: +PUB [/initialpose] /rviz http://rafzarf:35651/
[rosmaster.master][INFO] 2024-07-24 22:51:29,610: +PUB [/goal] /rviz http://rafzarf:35651/
[rosmaster.master][INFO] 2024-07-24 22:51:29,611: +PUB [/move_base_simple/goal] /rviz http://rafzarf:35651/
[rosmaster.master][INFO] 2024-07-24 22:51:29,611: -PUB [/goal] /rviz http://rafzarf:35651/
[rosmaster.master][INFO] 2024-07-24 22:51:29,611: +PUB [/clicked_point] /rviz http://rafzarf:35651/
[rosmaster.master][INFO] 2024-07-24 22:51:29,648: +SERVICE [/rviz/reload_shaders] /rviz http://rafzarf:35651/
[rosmaster.master][INFO] 2024-07-24 22:51:29,649: +SERVICE [/rviz/load_config] /rviz http://rafzarf:35651/
[rosmaster.master][INFO] 2024-07-24 22:51:29,649: +SERVICE [/rviz/load_config_discarding_changes] /rviz http://rafzarf:35651/
[rosmaster.master][INFO] 2024-07-24 22:51:29,649: +SERVICE [/rviz/save_config] /rviz http://rafzarf:35651/
[rosmaster.master][INFO] 2024-07-24 22:51:29,666: +PUB [/joint_states] /joint_state_publisher_gui http://rafzarf:33657/
[rosmaster.master][INFO] 2024-07-24 22:51:29,700: publisherUpdate[/rosout] -> http://rafzarf:33129/ ['http://rafzarf:46273/', 'http://rafzarf:35651/', 'http://rafzarf:33657/']
[rosmaster.master][INFO] 2024-07-24 22:51:29,701: publisherUpdate[/joint_states] -> http://rafzarf:46273/ ['http://rafzarf:33657/']
[rosmaster.master][INFO] 2024-07-24 22:51:29,701: publisherUpdate[/joint_states] -> http://rafzarf:46273/ ['http://rafzarf:33657/']: sec=0.00, result=[1, '', 0]
[rosmaster.master][INFO] 2024-07-24 22:51:29,702: publisherUpdate[/rosout] -> http://rafzarf:33129/ ['http://rafzarf:46273/', 'http://rafzarf:35651/', 'http://rafzarf:33657/']: sec=0.00, result=[1, '', 0]
[rosmaster.master][INFO] 2024-07-24 22:51:29,721: +CACHEDPARAM [/rosout_disable_topics_generation] by /joint_state_publisher_gui
[rosmaster.master][INFO] 2024-07-24 22:51:29,903: +CACHEDPARAM [/rosout/omit_topics] by /rosout
[rosmaster.master][INFO] 2024-07-24 22:51:58,942: +CACHEDPARAM [/rosout_disable_topics_generation] by /joint_state_publisher_gui
[rosmaster.master][INFO] 2024-07-24 22:51:59,487: +CACHEDPARAM [/rosout_disable_topics_generation] by /joint_state_publisher_gui
[rosmaster.master][INFO] 2024-07-24 22:51:59,961: +CACHEDPARAM [/rosout_disable_topics_generation] by /joint_state_publisher_gui
[rosmaster.master][INFO] 2024-07-24 22:52:00,511: +CACHEDPARAM [/rosout_disable_topics_generation] by /joint_state_publisher_gui
[rosmaster.master][INFO] 2024-07-24 22:52:00,912: +CACHEDPARAM [/rosout_disable_topics_generation] by /joint_state_publisher_gui
[rosmaster.master][INFO] 2024-07-24 22:52:01,292: +CACHEDPARAM [/rosout_disable_topics_generation] by /joint_state_publisher_gui
[rosmaster.master][INFO] 2024-07-24 22:52:01,799: +CACHEDPARAM [/rosout_disable_topics_generation] by /joint_state_publisher_gui
[rosmaster.master][INFO] 2024-07-24 22:52:03,154: +CACHEDPARAM [/rosout_disable_topics_generation] by /joint_state_publisher_gui
[rosmaster.master][INFO] 2024-07-24 22:52:03,688: +CACHEDPARAM [/rosout_disable_topics_generation] by /joint_state_publisher_gui
[rosmaster.master][INFO] 2024-07-24 22:52:20,330: -PUB [/clicked_point] /rviz http://rafzarf:35651/
[rosmaster.master][INFO] 2024-07-24 22:52:20,331: -PUB [/move_base_simple/goal] /rviz http://rafzarf:35651/
[rosmaster.master][INFO] 2024-07-24 22:52:20,332: -PUB [/initialpose] /rviz http://rafzarf:35651/
[rosmaster.master][INFO] 2024-07-24 22:52:20,341: -SUB [/tf_static] /rviz http://rafzarf:35651/
[rosmaster.master][INFO] 2024-07-24 22:52:20,342: -SUB [/tf] /rviz http://rafzarf:35651/
[rosmaster.master][INFO] 2024-07-24 22:52:20,346: -SERVICE [/rviz/save_config] /rviz rosrpc://rafzarf:46887
[rosmaster.master][INFO] 2024-07-24 22:52:20,347: -SERVICE [/rviz/load_config_discarding_changes] /rviz rosrpc://rafzarf:46887
[rosmaster.master][INFO] 2024-07-24 22:52:20,348: -SERVICE [/rviz/load_config] /rviz rosrpc://rafzarf:46887
[rosmaster.master][INFO] 2024-07-24 22:52:20,349: -SERVICE [/rviz/reload_shaders] /rviz rosrpc://rafzarf:46887
[rosmaster.master][INFO] 2024-07-24 22:52:20,589: -PUB [/rosout] /rviz http://rafzarf:35651/
[rosmaster.master][INFO] 2024-07-24 22:52:20,590: -SERVICE [/rviz/get_loggers] /rviz rosrpc://rafzarf:46887
[rosmaster.master][INFO] 2024-07-24 22:52:20,591: -SERVICE [/rviz/set_logger_level] /rviz rosrpc://rafzarf:46887
[rosmaster.master][INFO] 2024-07-24 22:52:20,592: -CACHEDPARAM [/rosout_disable_topics_generation] by /rviz
[rosmaster.master][INFO] 2024-07-24 22:52:20,599: publisherUpdate[/rosout] -> http://rafzarf:33129/ ['http://rafzarf:46273/', 'http://rafzarf:33657/']
[rosmaster.master][INFO] 2024-07-24 22:52:20,601: publisherUpdate[/rosout] -> http://rafzarf:33129/ ['http://rafzarf:46273/', 'http://rafzarf:33657/']: sec=0.00, result=[1, '', 0]
[rosmaster.master][INFO] 2024-07-24 22:52:20,910: -PUB [/rosout] /robot_state_publisher http://rafzarf:46273/
[rosmaster.master][INFO] 2024-07-24 22:52:20,910: -PUB [/tf] /robot_state_publisher http://rafzarf:46273/
[rosmaster.master][INFO] 2024-07-24 22:52:20,910: -PUB [/tf_static] /robot_state_publisher http://rafzarf:46273/
[rosmaster.master][INFO] 2024-07-24 22:52:20,910: -SUB [/joint_states] /robot_state_publisher http://rafzarf:46273/
[rosmaster.master][INFO] 2024-07-24 22:52:20,911: -SERVICE [/robot_state_publisher/get_loggers] /robot_state_publisher rosrpc://rafzarf:40793
[rosmaster.master][INFO] 2024-07-24 22:52:20,911: -SERVICE [/robot_state_publisher/set_logger_level] /robot_state_publisher rosrpc://rafzarf:40793
[rosmaster.master][INFO] 2024-07-24 22:52:20,911: -CACHEDPARAM [/rosout_disable_topics_generation] by /robot_state_publisher
[rosmaster.master][INFO] 2024-07-24 22:52:21,000: publisherUpdate[/rosout] -> http://rafzarf:33129/ ['http://rafzarf:33657/']
[rosmaster.master][INFO] 2024-07-24 22:52:21,001: publisherUpdate[/rosout] -> http://rafzarf:33129/ ['http://rafzarf:33657/']: sec=0.00, result=[1, '', 0]
[rosmaster.master][INFO] 2024-07-24 23:43:33,813: +PARAM [/roslaunch/uris/host_rafzarf__35843] by /roslaunch
[rosmaster.master][INFO] 2024-07-24 23:43:33,815: +PARAM [/rosversion] by /roslaunch
[rosmaster.master][INFO] 2024-07-24 23:43:33,815: +PARAM [/rosdistro] by /roslaunch
[rosmaster.master][INFO] 2024-07-24 23:43:33,815: +PARAM [/robot_description] by /roslaunch
[rosmaster.master][INFO] 2024-07-24 23:43:33,852: +PUB [/rosout] /robot_state_publisher http://rafzarf:36799/
[rosmaster.master][INFO] 2024-07-24 23:43:33,853: +SERVICE [/robot_state_publisher/get_loggers] /robot_state_publisher http://rafzarf:36799/
[rosmaster.master][INFO] 2024-07-24 23:43:33,853: +SERVICE [/robot_state_publisher/set_logger_level] /robot_state_publisher http://rafzarf:36799/
[rosmaster.master][INFO] 2024-07-24 23:43:33,854: +CACHEDPARAM [/rosout_disable_topics_generation] by /robot_state_publisher
[rosmaster.master][INFO] 2024-07-24 23:43:33,855: +PUB [/tf] /robot_state_publisher http://rafzarf:36799/
[rosmaster.master][INFO] 2024-07-24 23:43:33,855: +PUB [/tf_static] /robot_state_publisher http://rafzarf:36799/
[rosmaster.master][INFO] 2024-07-24 23:43:33,856: +SUB [/joint_states] /robot_state_publisher http://rafzarf:36799/
[rosmaster.master][INFO] 2024-07-24 23:43:33,913: publisherUpdate[/rosout] -> http://rafzarf:33129/ ['http://rafzarf:33657/', 'http://rafzarf:36799/']
[rosmaster.master][INFO] 2024-07-24 23:43:33,914: publisherUpdate[/rosout] -> http://rafzarf:33129/ ['http://rafzarf:33657/', 'http://rafzarf:36799/']: sec=0.00, result=[1, '', 0]
[rosmaster.master][INFO] 2024-07-24 23:43:33,963: +PUB [/rosout] /rviz http://rafzarf:40077/
[rosmaster.master][INFO] 2024-07-24 23:43:33,963: +SERVICE [/rviz/get_loggers] /rviz http://rafzarf:40077/
[rosmaster.master][INFO] 2024-07-24 23:43:33,964: +SERVICE [/rviz/set_logger_level] /rviz http://rafzarf:40077/
[rosmaster.master][INFO] 2024-07-24 23:43:33,965: +CACHEDPARAM [/rosout_disable_topics_generation] by /rviz
[rosmaster.master][INFO] 2024-07-24 23:43:34,014: publisherUpdate[/rosout] -> http://rafzarf:33129/ ['http://rafzarf:33657/', 'http://rafzarf:36799/', 'http://rafzarf:40077/']
[rosmaster.master][INFO] 2024-07-24 23:43:34,014: publisherUpdate[/rosout] -> http://rafzarf:33129/ ['http://rafzarf:33657/', 'http://rafzarf:36799/', 'http://rafzarf:40077/']: sec=0.00, result=[1, '', 0]
[rosmaster.master][INFO] 2024-07-24 23:43:34,111: +SUB [/tf] /rviz http://rafzarf:40077/
[rosmaster.master][INFO] 2024-07-24 23:43:34,112: +SUB [/tf_static] /rviz http://rafzarf:40077/
[rosmaster.master][INFO] 2024-07-24 23:43:34,138: +PUB [/initialpose] /rviz http://rafzarf:40077/
[rosmaster.master][INFO] 2024-07-24 23:43:34,139: +PUB [/goal] /rviz http://rafzarf:40077/
[rosmaster.master][INFO] 2024-07-24 23:43:34,142: -PUB [/goal] /rviz http://rafzarf:40077/
[rosmaster.master][INFO] 2024-07-24 23:43:34,143: -PUB [/initialpose] /rviz http://rafzarf:40077/
[rosmaster.master][INFO] 2024-07-24 23:43:34,145: +PUB [/initialpose] /rviz http://rafzarf:40077/
[rosmaster.master][INFO] 2024-07-24 23:43:34,145: +PUB [/goal] /rviz http://rafzarf:40077/
[rosmaster.master][INFO] 2024-07-24 23:43:34,145: +PUB [/move_base_simple/goal] /rviz http://rafzarf:40077/
[rosmaster.master][INFO] 2024-07-24 23:43:34,146: -PUB [/goal] /rviz http://rafzarf:40077/
[rosmaster.master][INFO] 2024-07-24 23:43:34,146: +PUB [/clicked_point] /rviz http://rafzarf:40077/
[rosmaster.master][INFO] 2024-07-24 23:43:34,166: +SERVICE [/rviz/reload_shaders] /rviz http://rafzarf:40077/
[rosmaster.master][INFO] 2024-07-24 23:43:34,166: +SERVICE [/rviz/load_config] /rviz http://rafzarf:40077/
[rosmaster.master][INFO] 2024-07-24 23:43:34,166: +SERVICE [/rviz/load_config_discarding_changes] /rviz http://rafzarf:40077/
[rosmaster.master][INFO] 2024-07-24 23:43:34,166: +SERVICE [/rviz/save_config] /rviz http://rafzarf:40077/
[rosmaster.master][INFO] 2024-07-24 23:43:34,178: +PUB [/rosout] /joint_state_publisher_gui http://rafzarf:41503/
[rosmaster.master][INFO] 2024-07-24 23:43:34,180: +SERVICE [/joint_state_publisher_gui/get_loggers] /joint_state_publisher_gui http://rafzarf:41503/
[rosmaster.master][INFO] 2024-07-24 23:43:34,180: +SERVICE [/joint_state_publisher_gui/set_logger_level] /joint_state_publisher_gui http://rafzarf:41503/
[rosmaster.master][INFO] 2024-07-24 23:43:34,215: publisherUpdate[/rosout] -> http://rafzarf:33129/ ['http://rafzarf:36799/', 'http://rafzarf:40077/', 'http://rafzarf:41503/']
[rosmaster.master][INFO] 2024-07-24 23:43:34,216: publisherUpdate[/rosout] -> http://rafzarf:33129/ ['http://rafzarf:36799/', 'http://rafzarf:40077/', 'http://rafzarf:41503/']: sec=0.00, result=[1, '', 0]
[rosmaster.master][INFO] 2024-07-24 23:43:34,240: +PUB [/joint_states] /joint_state_publisher_gui http://rafzarf:41503/
[rosmaster.master][INFO] 2024-07-24 23:43:34,282: +CACHEDPARAM [/rosout_disable_topics_generation] by /joint_state_publisher_gui
[rosmaster.master][INFO] 2024-07-24 23:43:34,315: publisherUpdate[/joint_states] -> http://rafzarf:36799/ ['http://rafzarf:41503/']
[rosmaster.master][INFO] 2024-07-24 23:43:34,316: publisherUpdate[/joint_states] -> http://rafzarf:36799/ ['http://rafzarf:41503/']: sec=0.00, result=[1, '', 0]
[rosmaster.master][INFO] 2024-07-24 23:44:02,212: +CACHEDPARAM [/rosout_disable_topics_generation] by /joint_state_publisher_gui
[rosmaster.master][INFO] 2024-07-24 23:44:02,728: +CACHEDPARAM [/rosout_disable_topics_generation] by /joint_state_publisher_gui
[rosmaster.master][INFO] 2024-07-24 23:44:03,210: +CACHEDPARAM [/rosout_disable_topics_generation] by /joint_state_publisher_gui
[rosmaster.master][INFO] 2024-07-24 23:44:03,598: +CACHEDPARAM [/rosout_disable_topics_generation] by /joint_state_publisher_gui
[rosmaster.master][INFO] 2024-07-24 23:44:04,015: +CACHEDPARAM [/rosout_disable_topics_generation] by /joint_state_publisher_gui
[rosmaster.master][INFO] 2024-07-24 23:44:04,386: +CACHEDPARAM [/rosout_disable_topics_generation] by /joint_state_publisher_gui
[rosmaster.master][INFO] 2024-07-24 23:44:04,632: +CACHEDPARAM [/rosout_disable_topics_generation] by /joint_state_publisher_gui
[rosmaster.master][INFO] 2024-07-24 23:44:04,878: +CACHEDPARAM [/rosout_disable_topics_generation] by /joint_state_publisher_gui
[rosmaster.master][INFO] 2024-07-24 23:44:05,154: +CACHEDPARAM [/rosout_disable_topics_generation] by /joint_state_publisher_gui
[rosmaster.master][INFO] 2024-07-24 23:44:05,462: +CACHEDPARAM [/rosout_disable_topics_generation] by /joint_state_publisher_gui
[rosmaster.master][INFO] 2024-07-24 23:44:06,065: +CACHEDPARAM [/rosout_disable_topics_generation] by /joint_state_publisher_gui
[rosmaster.master][INFO] 2024-07-24 23:44:06,495: +CACHEDPARAM [/rosout_disable_topics_generation] by /joint_state_publisher_gui
[rosmaster.master][INFO] 2024-07-24 23:44:06,869: +CACHEDPARAM [/rosout_disable_topics_generation] by /joint_state_publisher_gui
[rosmaster.master][INFO] 2024-07-24 23:44:07,272: +CACHEDPARAM [/rosout_disable_topics_generation] by /joint_state_publisher_gui
[rosmaster.master][INFO] 2024-07-24 23:44:07,634: +CACHEDPARAM [/rosout_disable_topics_generation] by /joint_state_publisher_gui
[rosmaster.master][INFO] 2024-07-24 23:44:08,137: +CACHEDPARAM [/rosout_disable_topics_generation] by /joint_state_publisher_gui
[rosmaster.master][INFO] 2024-07-24 23:44:34,187: -PUB [/clicked_point] /rviz http://rafzarf:40077/
[rosmaster.master][INFO] 2024-07-24 23:44:34,187: -PUB [/move_base_simple/goal] /rviz http://rafzarf:40077/
[rosmaster.master][INFO] 2024-07-24 23:44:34,188: -PUB [/initialpose] /rviz http://rafzarf:40077/
[rosmaster.master][INFO] 2024-07-24 23:44:34,192: -SUB [/tf_static] /rviz http://rafzarf:40077/
[rosmaster.master][INFO] 2024-07-24 23:44:34,193: -SUB [/tf] /rviz http://rafzarf:40077/
[rosmaster.master][INFO] 2024-07-24 23:44:34,195: -SERVICE [/rviz/save_config] /rviz rosrpc://rafzarf:46093
[rosmaster.master][INFO] 2024-07-24 23:44:34,196: -SERVICE [/rviz/load_config_discarding_changes] /rviz rosrpc://rafzarf:46093
[rosmaster.master][INFO] 2024-07-24 23:44:34,197: -SERVICE [/rviz/load_config] /rviz rosrpc://rafzarf:46093
[rosmaster.master][INFO] 2024-07-24 23:44:34,197: -SERVICE [/rviz/reload_shaders] /rviz rosrpc://rafzarf:46093
[rosmaster.master][INFO] 2024-07-24 23:44:34,312: -PUB [/rosout] /rviz http://rafzarf:40077/
[rosmaster.master][INFO] 2024-07-24 23:44:34,314: -SERVICE [/rviz/get_loggers] /rviz rosrpc://rafzarf:46093
[rosmaster.master][INFO] 2024-07-24 23:44:34,314: publisherUpdate[/rosout] -> http://rafzarf:33129/ ['http://rafzarf:36799/', 'http://rafzarf:41503/']
[rosmaster.master][INFO] 2024-07-24 23:44:34,315: -SERVICE [/rviz/set_logger_level] /rviz rosrpc://rafzarf:46093
[rosmaster.master][INFO] 2024-07-24 23:44:34,316: -CACHEDPARAM [/rosout_disable_topics_generation] by /rviz
[rosmaster.master][INFO] 2024-07-24 23:44:34,316: publisherUpdate[/rosout] -> http://rafzarf:33129/ ['http://rafzarf:36799/', 'http://rafzarf:41503/']: sec=0.00, result=[1, '', 0]
[rosmaster.master][INFO] 2024-07-24 23:44:34,612: -PUB [/rosout] /robot_state_publisher http://rafzarf:36799/
[rosmaster.master][INFO] 2024-07-24 23:44:34,613: -PUB [/tf] /robot_state_publisher http://rafzarf:36799/
[rosmaster.master][INFO] 2024-07-24 23:44:34,613: -PUB [/tf_static] /robot_state_publisher http://rafzarf:36799/
[rosmaster.master][INFO] 2024-07-24 23:44:34,613: -SUB [/joint_states] /robot_state_publisher http://rafzarf:36799/
[rosmaster.master][INFO] 2024-07-24 23:44:34,614: -SERVICE [/robot_state_publisher/get_loggers] /robot_state_publisher rosrpc://rafzarf:47483
[rosmaster.master][INFO] 2024-07-24 23:44:34,614: -SERVICE [/robot_state_publisher/set_logger_level] /robot_state_publisher rosrpc://rafzarf:47483
[rosmaster.master][INFO] 2024-07-24 23:44:34,614: -CACHEDPARAM [/rosout_disable_topics_generation] by /robot_state_publisher
[rosmaster.master][INFO] 2024-07-24 23:44:34,615: publisherUpdate[/rosout] -> http://rafzarf:33129/ ['http://rafzarf:41503/']
[rosmaster.master][INFO] 2024-07-24 23:44:34,615: publisherUpdate[/rosout] -> http://rafzarf:33129/ ['http://rafzarf:41503/']: sec=0.00, result=[1, '', 0]
[rosmaster.master][INFO] 2024-07-24 23:58:21,682: -PUB [/rosout_agg] /rosout http://rafzarf:33129/
[rosmaster.master][INFO] 2024-07-24 23:58:21,683: -SUB [/rosout] /rosout http://rafzarf:33129/
[rosmaster.master][INFO] 2024-07-24 23:58:21,683: -SERVICE [/rosout/get_loggers] /rosout rosrpc://rafzarf:48387
[rosmaster.master][INFO] 2024-07-24 23:58:21,683: -SERVICE [/rosout/set_logger_level] /rosout rosrpc://rafzarf:48387
[rosmaster.master][INFO] 2024-07-24 23:58:21,684: -CACHEDPARAM [/rosout/omit_topics] by /rosout
[rosmaster.main][INFO] 2024-07-24 23:58:21,714: keyboard interrupt, will exit
[rosmaster.main][INFO] 2024-07-24 23:58:21,714: stopping master...
[rospy.core][INFO] 2024-07-24 23:58:21,715: signal_shutdown [atexit]
