[rosmaster.main][INFO] 2024-07-27 16:09:37,130: initialization complete, waiting for shutdown
[rosmaster.main][INFO] 2024-07-27 16:09:37,130: Starting ROS Master Node
[xmlrpc][INFO] 2024-07-27 16:09:37,146: XML-RPC server binding to 0.0.0.0:11311
[xmlrpc][INFO] 2024-07-27 16:09:37,146: Started XML-RPC server [http://rafzarf:11311/]
[rosmaster.master][INFO] 2024-07-27 16:09:37,146: Master initialized: port[11311], uri[http://rafzarf:11311/]
[xmlrpc][INFO] 2024-07-27 16:09:37,147: xml rpc node: starting XML-RPC server
[rosmaster.master][INFO] 2024-07-27 16:09:37,164: +PARAM [/run_id] by /roslaunch
[rosmaster.master][INFO] 2024-07-27 16:09:37,165: +PARAM [/roslaunch/uris/host_rafzarf__43127] by /roslaunch
[rosmaster.master][INFO] 2024-07-27 16:09:37,187: +PARAM [/rosversion] by /roslaunch
[rosmaster.master][INFO] 2024-07-27 16:09:37,188: +PARAM [/rosdistro] by /roslaunch
[rosmaster.master][INFO] 2024-07-27 16:09:37,188: +PARAM [/robot_description] by /roslaunch
[rosmaster.master][INFO] 2024-07-27 16:09:37,196: +SERVICE [/rosout/get_loggers] /rosout http://rafzarf:39391/
[rosmaster.master][INFO] 2024-07-27 16:09:37,196: +SERVICE [/rosout/set_logger_level] /rosout http://rafzarf:39391/
[rosmaster.master][INFO] 2024-07-27 16:09:37,197: +PUB [/rosout_agg] /rosout http://rafzarf:39391/
[rosmaster.master][INFO] 2024-07-27 16:09:37,198: +SUB [/rosout] /rosout http://rafzarf:39391/
[rosmaster.master][INFO] 2024-07-27 16:09:37,212: +PUB [/rosout] /robot_state_publisher http://rafzarf:45333/
[rosmaster.master][INFO] 2024-07-27 16:09:37,213: +SERVICE [/robot_state_publisher/get_loggers] /robot_state_publisher http://rafzarf:45333/
[rosmaster.master][INFO] 2024-07-27 16:09:37,213: +SERVICE [/robot_state_publisher/set_logger_level] /robot_state_publisher http://rafzarf:45333/
[rosmaster.master][INFO] 2024-07-27 16:09:37,215: +CACHEDPARAM [/rosout_disable_topics_generation] by /robot_state_publisher
[rosmaster.master][INFO] 2024-07-27 16:09:37,215: +PUB [/tf] /robot_state_publisher http://rafzarf:45333/
[rosmaster.master][INFO] 2024-07-27 16:09:37,216: +PUB [/tf_static] /robot_state_publisher http://rafzarf:45333/
[rosmaster.master][INFO] 2024-07-27 16:09:37,217: +SUB [/joint_states] /robot_state_publisher http://rafzarf:45333/
[rosmaster.master][INFO] 2024-07-27 16:09:37,230: publisherUpdate[/rosout] -> http://rafzarf:39391/ ['http://rafzarf:45333/']
[rosmaster.master][INFO] 2024-07-27 16:09:37,234: publisherUpdate[/rosout] -> http://rafzarf:39391/ ['http://rafzarf:45333/']: sec=0.00, result=[1, '', 0]
[rosmaster.master][INFO] 2024-07-27 16:09:37,359: +PUB [/rosout] /rviz http://rafzarf:39111/
[rosmaster.master][INFO] 2024-07-27 16:09:37,359: +SERVICE [/rviz/get_loggers] /rviz http://rafzarf:39111/
[rosmaster.master][INFO] 2024-07-27 16:09:37,359: +SERVICE [/rviz/set_logger_level] /rviz http://rafzarf:39111/
[rosmaster.master][INFO] 2024-07-27 16:09:37,360: +CACHEDPARAM [/rosout_disable_topics_generation] by /rviz
[rosmaster.master][INFO] 2024-07-27 16:09:37,433: publisherUpdate[/rosout] -> http://rafzarf:39391/ ['http://rafzarf:45333/', 'http://rafzarf:39111/']
[rosmaster.master][INFO] 2024-07-27 16:09:37,435: publisherUpdate[/rosout] -> http://rafzarf:39391/ ['http://rafzarf:45333/', 'http://rafzarf:39111/']: sec=0.00, result=[1, '', 0]
[rosmaster.master][INFO] 2024-07-27 16:09:37,508: +SUB [/tf] /rviz http://rafzarf:39111/
[rosmaster.master][INFO] 2024-07-27 16:09:37,509: +SUB [/tf_static] /rviz http://rafzarf:39111/
[rosmaster.master][INFO] 2024-07-27 16:09:37,534: +PUB [/initialpose] /rviz http://rafzarf:39111/
[rosmaster.master][INFO] 2024-07-27 16:09:37,535: +PUB [/goal] /rviz http://rafzarf:39111/
[rosmaster.master][INFO] 2024-07-27 16:09:37,540: -PUB [/goal] /rviz http://rafzarf:39111/
[rosmaster.master][INFO] 2024-07-27 16:09:37,541: -PUB [/initialpose] /rviz http://rafzarf:39111/
[rosmaster.master][INFO] 2024-07-27 16:09:37,543: +PUB [/initialpose] /rviz http://rafzarf:39111/
[rosmaster.master][INFO] 2024-07-27 16:09:37,544: +PUB [/goal] /rviz http://rafzarf:39111/
[rosmaster.master][INFO] 2024-07-27 16:09:37,544: +PUB [/move_base_simple/goal] /rviz http://rafzarf:39111/
[rosmaster.master][INFO] 2024-07-27 16:09:37,544: -PUB [/goal] /rviz http://rafzarf:39111/
[rosmaster.master][INFO] 2024-07-27 16:09:37,544: +PUB [/clicked_point] /rviz http://rafzarf:39111/
[rosmaster.master][INFO] 2024-07-27 16:09:37,565: +SERVICE [/rviz/reload_shaders] /rviz http://rafzarf:39111/
[rosmaster.master][INFO] 2024-07-27 16:09:37,565: +SERVICE [/rviz/load_config] /rviz http://rafzarf:39111/
[rosmaster.master][INFO] 2024-07-27 16:09:37,565: +SERVICE [/rviz/load_config_discarding_changes] /rviz http://rafzarf:39111/
[rosmaster.master][INFO] 2024-07-27 16:09:37,566: +SERVICE [/rviz/save_config] /rviz http://rafzarf:39111/
[rosmaster.master][INFO] 2024-07-27 16:09:37,574: +PUB [/rosout] /joint_state_publisher_gui http://rafzarf:39831/
[rosmaster.master][INFO] 2024-07-27 16:09:37,576: +SERVICE [/joint_state_publisher_gui/get_loggers] /joint_state_publisher_gui http://rafzarf:39831/
[rosmaster.master][INFO] 2024-07-27 16:09:37,576: +SERVICE [/joint_state_publisher_gui/set_logger_level] /joint_state_publisher_gui http://rafzarf:39831/
[rosmaster.master][INFO] 2024-07-27 16:09:37,634: publisherUpdate[/rosout] -> http://rafzarf:39391/ ['http://rafzarf:45333/', 'http://rafzarf:39111/', 'http://rafzarf:39831/']
[rosmaster.master][INFO] 2024-07-27 16:09:37,635: publisherUpdate[/rosout] -> http://rafzarf:39391/ ['http://rafzarf:45333/', 'http://rafzarf:39111/', 'http://rafzarf:39831/']: sec=0.00, result=[1, '', 0]
[rosmaster.master][INFO] 2024-07-27 16:09:37,648: +PUB [/joint_states] /joint_state_publisher_gui http://rafzarf:39831/
[rosmaster.master][INFO] 2024-07-27 16:09:37,693: +CACHEDPARAM [/rosout_disable_topics_generation] by /joint_state_publisher_gui
[rosmaster.master][INFO] 2024-07-27 16:09:37,735: publisherUpdate[/joint_states] -> http://rafzarf:45333/ ['http://rafzarf:39831/']
[rosmaster.master][INFO] 2024-07-27 16:09:37,736: publisherUpdate[/joint_states] -> http://rafzarf:45333/ ['http://rafzarf:39831/']: sec=0.00, result=[1, '', 0]
[rosmaster.master][INFO] 2024-07-27 16:09:37,839: +CACHEDPARAM [/rosout/omit_topics] by /rosout
[rosmaster.master][INFO] 2024-07-27 16:09:43,522: -PUB [/clicked_point] /rviz http://rafzarf:39111/
[rosmaster.master][INFO] 2024-07-27 16:09:43,523: -PUB [/move_base_simple/goal] /rviz http://rafzarf:39111/
[rosmaster.master][INFO] 2024-07-27 16:09:43,523: -PUB [/initialpose] /rviz http://rafzarf:39111/
[rosmaster.master][INFO] 2024-07-27 16:09:43,531: -SUB [/tf_static] /rviz http://rafzarf:39111/
[rosmaster.master][INFO] 2024-07-27 16:09:43,532: -SUB [/tf] /rviz http://rafzarf:39111/
[rosmaster.master][INFO] 2024-07-27 16:09:43,533: -SERVICE [/rviz/save_config] /rviz rosrpc://rafzarf:40011
[rosmaster.master][INFO] 2024-07-27 16:09:43,534: -SERVICE [/rviz/load_config_discarding_changes] /rviz rosrpc://rafzarf:40011
[rosmaster.master][INFO] 2024-07-27 16:09:43,534: -SERVICE [/rviz/load_config] /rviz rosrpc://rafzarf:40011
[rosmaster.master][INFO] 2024-07-27 16:09:43,535: -SERVICE [/rviz/reload_shaders] /rviz rosrpc://rafzarf:40011
[rosmaster.master][INFO] 2024-07-27 16:09:43,645: -PUB [/rosout] /rviz http://rafzarf:39111/
[rosmaster.master][INFO] 2024-07-27 16:09:43,645: publisherUpdate[/rosout] -> http://rafzarf:39391/ ['http://rafzarf:45333/', 'http://rafzarf:39831/']
[rosmaster.master][INFO] 2024-07-27 16:09:43,646: -SERVICE [/rviz/get_loggers] /rviz rosrpc://rafzarf:40011
[rosmaster.master][INFO] 2024-07-27 16:09:43,646: publisherUpdate[/rosout] -> http://rafzarf:39391/ ['http://rafzarf:45333/', 'http://rafzarf:39831/']: sec=0.00, result=[1, '', 0]
[rosmaster.master][INFO] 2024-07-27 16:09:43,646: -SERVICE [/rviz/set_logger_level] /rviz rosrpc://rafzarf:40011
[rosmaster.master][INFO] 2024-07-27 16:09:43,647: -CACHEDPARAM [/rosout_disable_topics_generation] by /rviz
[rosmaster.master][INFO] 2024-07-27 16:09:43,947: -PUB [/rosout] /robot_state_publisher http://rafzarf:45333/
[rosmaster.master][INFO] 2024-07-27 16:09:43,948: -PUB [/tf] /robot_state_publisher http://rafzarf:45333/
[rosmaster.master][INFO] 2024-07-27 16:09:43,948: -PUB [/tf_static] /robot_state_publisher http://rafzarf:45333/
[rosmaster.master][INFO] 2024-07-27 16:09:43,948: -SUB [/joint_states] /robot_state_publisher http://rafzarf:45333/
[rosmaster.master][INFO] 2024-07-27 16:09:43,949: -SERVICE [/robot_state_publisher/get_loggers] /robot_state_publisher rosrpc://rafzarf:39149
[rosmaster.master][INFO] 2024-07-27 16:09:43,949: -SERVICE [/robot_state_publisher/set_logger_level] /robot_state_publisher rosrpc://rafzarf:39149
[rosmaster.master][INFO] 2024-07-27 16:09:43,949: -CACHEDPARAM [/rosout_disable_topics_generation] by /robot_state_publisher
[rosmaster.master][INFO] 2024-07-27 16:09:43,950: publisherUpdate[/rosout] -> http://rafzarf:39391/ ['http://rafzarf:39831/']
[rosmaster.master][INFO] 2024-07-27 16:09:43,950: publisherUpdate[/rosout] -> http://rafzarf:39391/ ['http://rafzarf:39831/']: sec=0.00, result=[1, '', 0]
[rosmaster.master][INFO] 2024-07-27 16:09:44,051: -PUB [/rosout_agg] /rosout http://rafzarf:39391/
[rosmaster.master][INFO] 2024-07-27 16:09:44,051: -SUB [/rosout] /rosout http://rafzarf:39391/
[rosmaster.master][INFO] 2024-07-27 16:09:44,051: -SERVICE [/rosout/get_loggers] /rosout rosrpc://rafzarf:48997
[rosmaster.master][INFO] 2024-07-27 16:09:44,052: -SERVICE [/rosout/set_logger_level] /rosout rosrpc://rafzarf:48997
[rosmaster.master][INFO] 2024-07-27 16:09:44,052: -CACHEDPARAM [/rosout/omit_topics] by /rosout
[rosmaster.main][INFO] 2024-07-27 16:09:44,074: keyboard interrupt, will exit
[rosmaster.main][INFO] 2024-07-27 16:09:44,074: stopping master...
[rospy.core][INFO] 2024-07-27 16:09:44,074: signal_shutdown [atexit]
