[rospy.client][INFO] 2024-07-25 15:48:14,543: init_node, name[/joint_state_publisher_gui], pid[18658]
[xmlrpc][INFO] 2024-07-25 15:48:14,543: XML-RPC server binding to 0.0.0.0:0
[xmlrpc][INFO] 2024-07-25 15:48:14,543: Started XML-RPC server [http://rafzarf:38001/]
[rospy.init][INFO] 2024-07-25 15:48:14,543: ROS Slave URI: [http://rafzarf:38001/]
[rospy.impl.masterslave][INFO] 2024-07-25 15:48:14,544: _ready: http://rafzarf:38001/
[rospy.registration][INFO] 2024-07-25 15:48:14,544: Registering with master node http://localhost:11311
[xmlrpc][INFO] 2024-07-25 15:48:14,544: xml rpc node: starting XML-RPC server
[rospy.init][INFO] 2024-07-25 15:48:14,644: registered with master
[rospy.rosout][INFO] 2024-07-25 15:48:14,644: initializing /rosout core topic
[rospy.rosout][INFO] 2024-07-25 15:48:14,646: connected to core topic /rosout
[rospy.simtime][INFO] 2024-07-25 15:48:14,647: /use_sim_time is not set, will not subscribe to simulated time [/clock] topic
[rosout][INFO] 2024-07-25 15:48:14,767: Centering
[rospy.internal][INFO] 2024-07-25 15:48:14,906: topic[/rosout] adding connection to [/rosout], count 0
[rospy.internal][INFO] 2024-07-25 15:48:14,982: topic[/joint_states] adding connection to [/robot_state_publisher], count 0
[rosout][INFO] 2024-07-25 15:48:44,675: Randomizing
[rosout][INFO] 2024-07-25 15:48:45,057: Randomizing
[rosout][INFO] 2024-07-25 15:48:45,437: Randomizing
[rosout][INFO] 2024-07-25 15:48:45,673: Randomizing
[rosout][INFO] 2024-07-25 15:48:45,909: Randomizing
[rosout][INFO] 2024-07-25 15:48:46,159: Randomizing
