[rosmaster.main][INFO] 2024-07-25 15:47:14,349: initialization complete, waiting for shutdown
[rosmaster.main][INFO] 2024-07-25 15:47:14,349: Starting ROS Master Node
[xmlrpc][INFO] 2024-07-25 15:47:14,355: XML-RPC server binding to 0.0.0.0:11311
[xmlrpc][INFO] 2024-07-25 15:47:14,355: Started XML-RPC server [http://rafzarf:11311/]
[rosmaster.master][INFO] 2024-07-25 15:47:14,355: Master initialized: port[11311], uri[http://rafzarf:11311/]
[xmlrpc][INFO] 2024-07-25 15:47:14,355: xml rpc node: starting XML-RPC server
[rosmaster.master][INFO] 2024-07-25 15:47:14,390: +PARAM [/run_id] by /roslaunch
[rosmaster.master][INFO] 2024-07-25 15:47:14,391: +PARAM [/roslaunch/uris/host_rafzarf__44765] by /roslaunch
[rosmaster.master][INFO] 2024-07-25 15:47:14,417: +PARAM [/rosversion] by /roslaunch
[rosmaster.master][INFO] 2024-07-25 15:47:14,417: +PARAM [/rosdistro] by /roslaunch
[rosmaster.master][INFO] 2024-07-25 15:47:14,442: +SERVICE [/rosout/get_loggers] /rosout http://rafzarf:36701/
[rosmaster.master][INFO] 2024-07-25 15:47:14,443: +SERVICE [/rosout/set_logger_level] /rosout http://rafzarf:36701/
[rosmaster.master][INFO] 2024-07-25 15:47:14,443: +PUB [/rosout_agg] /rosout http://rafzarf:36701/
[rosmaster.master][INFO] 2024-07-25 15:47:14,444: +SUB [/rosout] /rosout http://rafzarf:36701/
[rosmaster.master][INFO] 2024-07-25 15:48:14,191: +PARAM [/roslaunch/uris/host_rafzarf__46763] by /roslaunch
[rosmaster.master][INFO] 2024-07-25 15:48:14,193: +PARAM [/rosversion] by /roslaunch
[rosmaster.master][INFO] 2024-07-25 15:48:14,194: +PARAM [/rosdistro] by /roslaunch
[rosmaster.master][INFO] 2024-07-25 15:48:14,194: +PARAM [/robot_description] by /roslaunch
[rosmaster.master][INFO] 2024-07-25 15:48:14,248: +PUB [/rosout] /robot_state_publisher http://rafzarf:41523/
[rosmaster.master][INFO] 2024-07-25 15:48:14,248: +SERVICE [/robot_state_publisher/get_loggers] /robot_state_publisher http://rafzarf:41523/
[rosmaster.master][INFO] 2024-07-25 15:48:14,248: +SERVICE [/robot_state_publisher/set_logger_level] /robot_state_publisher http://rafzarf:41523/
[rosmaster.master][INFO] 2024-07-25 15:48:14,251: +CACHEDPARAM [/rosout_disable_topics_generation] by /robot_state_publisher
[rosmaster.master][INFO] 2024-07-25 15:48:14,252: +PUB [/tf] /robot_state_publisher http://rafzarf:41523/
[rosmaster.master][INFO] 2024-07-25 15:48:14,252: +PUB [/tf_static] /robot_state_publisher http://rafzarf:41523/
[rosmaster.master][INFO] 2024-07-25 15:48:14,254: +SUB [/joint_states] /robot_state_publisher http://rafzarf:41523/
[rosmaster.master][INFO] 2024-07-25 15:48:14,277: publisherUpdate[/rosout] -> http://rafzarf:36701/ ['http://rafzarf:41523/']
[rosmaster.master][INFO] 2024-07-25 15:48:14,280: publisherUpdate[/rosout] -> http://rafzarf:36701/ ['http://rafzarf:41523/']: sec=0.00, result=[1, '', 0]
[rosmaster.master][INFO] 2024-07-25 15:48:14,418: +PUB [/rosout] /rviz http://rafzarf:36433/
[rosmaster.master][INFO] 2024-07-25 15:48:14,418: +SERVICE [/rviz/get_loggers] /rviz http://rafzarf:36433/
[rosmaster.master][INFO] 2024-07-25 15:48:14,418: +SERVICE [/rviz/set_logger_level] /rviz http://rafzarf:36433/
[rosmaster.master][INFO] 2024-07-25 15:48:14,419: +CACHEDPARAM [/rosout_disable_topics_generation] by /rviz
[rosmaster.master][INFO] 2024-07-25 15:48:14,477: publisherUpdate[/rosout] -> http://rafzarf:36701/ ['http://rafzarf:41523/', 'http://rafzarf:36433/']
[rosmaster.master][INFO] 2024-07-25 15:48:14,478: publisherUpdate[/rosout] -> http://rafzarf:36701/ ['http://rafzarf:41523/', 'http://rafzarf:36433/']: sec=0.00, result=[1, '', 0]
[rosmaster.master][INFO] 2024-07-25 15:48:14,589: +SUB [/tf] /rviz http://rafzarf:36433/
[rosmaster.master][INFO] 2024-07-25 15:48:14,590: +SUB [/tf_static] /rviz http://rafzarf:36433/
[rosmaster.master][INFO] 2024-07-25 15:48:14,637: +PUB [/initialpose] /rviz http://rafzarf:36433/
[rosmaster.master][INFO] 2024-07-25 15:48:14,638: +PUB [/goal] /rviz http://rafzarf:36433/
[rosmaster.master][INFO] 2024-07-25 15:48:14,642: -PUB [/goal] /rviz http://rafzarf:36433/
[rosmaster.master][INFO] 2024-07-25 15:48:14,642: -PUB [/initialpose] /rviz http://rafzarf:36433/
[rosmaster.master][INFO] 2024-07-25 15:48:14,644: +PUB [/initialpose] /rviz http://rafzarf:36433/
[rosmaster.master][INFO] 2024-07-25 15:48:14,645: +PUB [/goal] /rviz http://rafzarf:36433/
[rosmaster.master][INFO] 2024-07-25 15:48:14,645: +PUB [/move_base_simple/goal] /rviz http://rafzarf:36433/
[rosmaster.master][INFO] 2024-07-25 15:48:14,645: -PUB [/goal] /rviz http://rafzarf:36433/
[rosmaster.master][INFO] 2024-07-25 15:48:14,645: +PUB [/clicked_point] /rviz http://rafzarf:36433/
[rosmaster.master][INFO] 2024-07-25 15:48:14,646: +PUB [/rosout] /joint_state_publisher_gui http://rafzarf:38001/
[rosmaster.master][INFO] 2024-07-25 15:48:14,648: +SERVICE [/joint_state_publisher_gui/get_loggers] /joint_state_publisher_gui http://rafzarf:38001/
[rosmaster.master][INFO] 2024-07-25 15:48:14,648: +SERVICE [/joint_state_publisher_gui/set_logger_level] /joint_state_publisher_gui http://rafzarf:38001/
[rosmaster.master][INFO] 2024-07-25 15:48:14,678: publisherUpdate[/rosout] -> http://rafzarf:36701/ ['http://rafzarf:41523/', 'http://rafzarf:36433/', 'http://rafzarf:38001/']
[rosmaster.master][INFO] 2024-07-25 15:48:14,679: publisherUpdate[/rosout] -> http://rafzarf:36701/ ['http://rafzarf:41523/', 'http://rafzarf:36433/', 'http://rafzarf:38001/']: sec=0.00, result=[1, '', 0]
[rosmaster.master][INFO] 2024-07-25 15:48:14,686: +SERVICE [/rviz/reload_shaders] /rviz http://rafzarf:36433/
[rosmaster.master][INFO] 2024-07-25 15:48:14,686: +SERVICE [/rviz/load_config] /rviz http://rafzarf:36433/
[rosmaster.master][INFO] 2024-07-25 15:48:14,687: +SERVICE [/rviz/load_config_discarding_changes] /rviz http://rafzarf:36433/
[rosmaster.master][INFO] 2024-07-25 15:48:14,687: +SERVICE [/rviz/save_config] /rviz http://rafzarf:36433/
[rosmaster.master][INFO] 2024-07-25 15:48:14,710: +PUB [/joint_states] /joint_state_publisher_gui http://rafzarf:38001/
[rosmaster.master][INFO] 2024-07-25 15:48:14,768: +CACHEDPARAM [/rosout_disable_topics_generation] by /joint_state_publisher_gui
[rosmaster.master][INFO] 2024-07-25 15:48:14,779: publisherUpdate[/joint_states] -> http://rafzarf:41523/ ['http://rafzarf:38001/']
[rosmaster.master][INFO] 2024-07-25 15:48:14,780: publisherUpdate[/joint_states] -> http://rafzarf:41523/ ['http://rafzarf:38001/']: sec=0.00, result=[1, '', 0]
[rosmaster.master][INFO] 2024-07-25 15:48:14,907: +CACHEDPARAM [/rosout/omit_topics] by /rosout
[rosmaster.master][INFO] 2024-07-25 15:48:44,676: +CACHEDPARAM [/rosout_disable_topics_generation] by /joint_state_publisher_gui
[rosmaster.master][INFO] 2024-07-25 15:48:45,058: +CACHEDPARAM [/rosout_disable_topics_generation] by /joint_state_publisher_gui
[rosmaster.master][INFO] 2024-07-25 15:48:45,438: +CACHEDPARAM [/rosout_disable_topics_generation] by /joint_state_publisher_gui
[rosmaster.master][INFO] 2024-07-25 15:48:45,673: +CACHEDPARAM [/rosout_disable_topics_generation] by /joint_state_publisher_gui
[rosmaster.master][INFO] 2024-07-25 15:48:45,910: +CACHEDPARAM [/rosout_disable_topics_generation] by /joint_state_publisher_gui
[rosmaster.master][INFO] 2024-07-25 15:48:46,160: +CACHEDPARAM [/rosout_disable_topics_generation] by /joint_state_publisher_gui
[rosmaster.master][INFO] 2024-07-25 15:51:47,830: -PUB [/clicked_point] /rviz http://rafzarf:36433/
[rosmaster.master][INFO] 2024-07-25 15:51:47,831: -PUB [/move_base_simple/goal] /rviz http://rafzarf:36433/
[rosmaster.master][INFO] 2024-07-25 15:51:47,832: -PUB [/initialpose] /rviz http://rafzarf:36433/
[rosmaster.master][INFO] 2024-07-25 15:51:47,837: -SUB [/tf_static] /rviz http://rafzarf:36433/
[rosmaster.master][INFO] 2024-07-25 15:51:47,838: -SUB [/tf] /rviz http://rafzarf:36433/
[rosmaster.master][INFO] 2024-07-25 15:51:47,841: -SERVICE [/rviz/save_config] /rviz rosrpc://rafzarf:51071
[rosmaster.master][INFO] 2024-07-25 15:51:47,842: -SERVICE [/rviz/load_config_discarding_changes] /rviz rosrpc://rafzarf:51071
[rosmaster.master][INFO] 2024-07-25 15:51:47,842: -SERVICE [/rviz/load_config] /rviz rosrpc://rafzarf:51071
[rosmaster.master][INFO] 2024-07-25 15:51:47,843: -SERVICE [/rviz/reload_shaders] /rviz rosrpc://rafzarf:51071
[rosmaster.master][INFO] 2024-07-25 15:51:48,004: -PUB [/rosout] /rviz http://rafzarf:36433/
[rosmaster.master][INFO] 2024-07-25 15:51:48,005: -SERVICE [/rviz/get_loggers] /rviz rosrpc://rafzarf:51071
[rosmaster.master][INFO] 2024-07-25 15:51:48,005: -SERVICE [/rviz/set_logger_level] /rviz rosrpc://rafzarf:51071
[rosmaster.master][INFO] 2024-07-25 15:51:48,006: -CACHEDPARAM [/rosout_disable_topics_generation] by /rviz
[rosmaster.master][INFO] 2024-07-25 15:51:48,036: publisherUpdate[/rosout] -> http://rafzarf:36701/ ['http://rafzarf:41523/', 'http://rafzarf:38001/']
[rosmaster.master][INFO] 2024-07-25 15:51:48,037: publisherUpdate[/rosout] -> http://rafzarf:36701/ ['http://rafzarf:41523/', 'http://rafzarf:38001/']: sec=0.00, result=[1, '', 0]
[rosmaster.master][INFO] 2024-07-25 15:51:48,316: -PUB [/rosout] /robot_state_publisher http://rafzarf:41523/
[rosmaster.master][INFO] 2024-07-25 15:51:48,317: -PUB [/tf] /robot_state_publisher http://rafzarf:41523/
[rosmaster.master][INFO] 2024-07-25 15:51:48,317: -PUB [/tf_static] /robot_state_publisher http://rafzarf:41523/
[rosmaster.master][INFO] 2024-07-25 15:51:48,317: -SUB [/joint_states] /robot_state_publisher http://rafzarf:41523/
[rosmaster.master][INFO] 2024-07-25 15:51:48,318: -SERVICE [/robot_state_publisher/get_loggers] /robot_state_publisher rosrpc://rafzarf:58875
[rosmaster.master][INFO] 2024-07-25 15:51:48,318: -SERVICE [/robot_state_publisher/set_logger_level] /robot_state_publisher rosrpc://rafzarf:58875
[rosmaster.master][INFO] 2024-07-25 15:51:48,318: -CACHEDPARAM [/rosout_disable_topics_generation] by /robot_state_publisher
[rosmaster.master][INFO] 2024-07-25 15:51:48,337: publisherUpdate[/rosout] -> http://rafzarf:36701/ ['http://rafzarf:38001/']
[rosmaster.master][INFO] 2024-07-25 15:51:48,338: publisherUpdate[/rosout] -> http://rafzarf:36701/ ['http://rafzarf:38001/']: sec=0.00, result=[1, '', 0]
