[rosmaster.main][INFO] 2024-07-27 01:06:56,392: initialization complete, waiting for shutdown
[rosmaster.main][INFO] 2024-07-27 01:06:56,392: Starting ROS Master Node
[xmlrpc][INFO] 2024-07-27 01:06:56,396: XML-RPC server binding to 0.0.0.0:11311
[xmlrpc][INFO] 2024-07-27 01:06:56,396: Started XML-RPC server [http://rafzarf:11311/]
[rosmaster.master][INFO] 2024-07-27 01:06:56,396: Master initialized: port[11311], uri[http://rafzarf:11311/]
[xmlrpc][INFO] 2024-07-27 01:06:56,396: xml rpc node: starting XML-RPC server
[rosmaster.master][INFO] 2024-07-27 01:06:56,437: +PARAM [/run_id] by /roslaunch
[rosmaster.master][INFO] 2024-07-27 01:06:56,438: +PARAM [/roslaunch/uris/host_rafzarf__41273] by /roslaunch
[rosmaster.master][INFO] 2024-07-27 01:06:56,460: +PARAM [/rosversion] by /roslaunch
[rosmaster.master][INFO] 2024-07-27 01:06:56,460: +PARAM [/rosdistro] by /roslaunch
[rosmaster.master][INFO] 2024-07-27 01:06:56,467: +SERVICE [/rosout/get_loggers] /rosout http://rafzarf:39579/
[rosmaster.master][INFO] 2024-07-27 01:06:56,467: +SERVICE [/rosout/set_logger_level] /rosout http://rafzarf:39579/
[rosmaster.master][INFO] 2024-07-27 01:06:56,468: +PUB [/rosout_agg] /rosout http://rafzarf:39579/
[rosmaster.master][INFO] 2024-07-27 01:06:56,469: +SUB [/rosout] /rosout http://rafzarf:39579/
[rosmaster.master][INFO] 2024-07-27 01:09:20,379: +PUB [/rosout] /demo_topic_publisher http://rafzarf:44717/
[rosmaster.master][INFO] 2024-07-27 01:09:20,380: +SERVICE [/demo_topic_publisher/get_loggers] /demo_topic_publisher http://rafzarf:44717/
[rosmaster.master][INFO] 2024-07-27 01:09:20,380: +SERVICE [/demo_topic_publisher/set_logger_level] /demo_topic_publisher http://rafzarf:44717/
[rosmaster.master][INFO] 2024-07-27 01:09:20,381: +PUB [/numbers] /demo_topic_publisher http://rafzarf:44717/
[rosmaster.master][INFO] 2024-07-27 01:09:20,382: +CACHEDPARAM [/rosout_disable_topics_generation] by /demo_topic_publisher
[rosmaster.master][INFO] 2024-07-27 01:09:20,394: publisherUpdate[/rosout] -> http://rafzarf:39579/ ['http://rafzarf:44717/']
[rosmaster.master][INFO] 2024-07-27 01:09:20,397: publisherUpdate[/rosout] -> http://rafzarf:39579/ ['http://rafzarf:44717/']: sec=0.00, result=[1, '', 0]
[rosmaster.master][INFO] 2024-07-27 01:09:20,683: +CACHEDPARAM [/rosout/omit_topics] by /rosout
[rosmaster.master][INFO] 2024-07-27 01:09:24,205: -PUB [/rosout] /demo_topic_publisher http://rafzarf:44717/
[rosmaster.master][INFO] 2024-07-27 01:09:24,206: -PUB [/numbers] /demo_topic_publisher http://rafzarf:44717/
[rosmaster.master][INFO] 2024-07-27 01:09:24,207: -SERVICE [/demo_topic_publisher/get_loggers] /demo_topic_publisher rosrpc://rafzarf:42403
[rosmaster.master][INFO] 2024-07-27 01:09:24,208: -SERVICE [/demo_topic_publisher/set_logger_level] /demo_topic_publisher rosrpc://rafzarf:42403
[rosmaster.master][INFO] 2024-07-27 01:09:24,209: -CACHEDPARAM [/rosout_disable_topics_generation] by /demo_topic_publisher
[rosmaster.master][INFO] 2024-07-27 01:09:24,302: publisherUpdate[/rosout] -> http://rafzarf:39579/ []
[rosmaster.master][INFO] 2024-07-27 01:09:24,304: publisherUpdate[/rosout] -> http://rafzarf:39579/ []: sec=0.00, result=[1, '', 0]
[rosmaster.master][INFO] 2024-07-27 01:09:27,309: -PUB [/rosout_agg] /rosout http://rafzarf:39579/
[rosmaster.master][INFO] 2024-07-27 01:09:27,309: -SUB [/rosout] /rosout http://rafzarf:39579/
[rosmaster.master][INFO] 2024-07-27 01:09:27,310: -SERVICE [/rosout/get_loggers] /rosout rosrpc://rafzarf:58837
[rosmaster.master][INFO] 2024-07-27 01:09:27,310: -SERVICE [/rosout/set_logger_level] /rosout rosrpc://rafzarf:58837
[rosmaster.master][INFO] 2024-07-27 01:09:27,311: -CACHEDPARAM [/rosout/omit_topics] by /rosout
[rosmaster.main][INFO] 2024-07-27 01:09:27,401: keyboard interrupt, will exit
[rosmaster.main][INFO] 2024-07-27 01:09:27,402: stopping master...
[rospy.core][INFO] 2024-07-27 01:09:27,402: signal_shutdown [atexit]
