[rosmaster.main][INFO] 2024-07-23 15:19:42,612: initialization complete, waiting for shutdown
[rosmaster.main][INFO] 2024-07-23 15:19:42,612: Starting ROS Master Node
[xmlrpc][INFO] 2024-07-23 15:19:42,617: XML-RPC server binding to 0.0.0.0:11311
[xmlrpc][INFO] 2024-07-23 15:19:42,617: Started XML-RPC server [http://rafzarf:11311/]
[rosmaster.master][INFO] 2024-07-23 15:19:42,617: Master initialized: port[11311], uri[http://rafzarf:11311/]
[xmlrpc][INFO] 2024-07-23 15:19:42,617: xml rpc node: starting XML-RPC server
[rosmaster.master][INFO] 2024-07-23 15:19:42,632: +PARAM [/run_id] by /roslaunch
[rosmaster.master][INFO] 2024-07-23 15:19:42,633: +PARAM [/roslaunch/uris/host_rafzarf__40913] by /roslaunch
[rosmaster.master][INFO] 2024-07-23 15:19:42,662: +PARAM [/rosversion] by /roslaunch
[rosmaster.master][INFO] 2024-07-23 15:19:42,662: +PARAM [/rosdistro] by /roslaunch
[rosmaster.master][INFO] 2024-07-23 15:19:42,700: +SERVICE [/rosout/get_loggers] /rosout http://rafzarf:36011/
[rosmaster.master][INFO] 2024-07-23 15:19:42,701: +SERVICE [/rosout/set_logger_level] /rosout http://rafzarf:36011/
[rosmaster.master][INFO] 2024-07-23 15:19:42,702: +PUB [/rosout_agg] /rosout http://rafzarf:36011/
[rosmaster.master][INFO] 2024-07-23 15:19:42,704: +SUB [/rosout] /rosout http://rafzarf:36011/
[rosmaster.master][INFO] 2024-07-23 15:20:07,613: +PUB [/rosout] /demo_topic_publisher http://rafzarf:45579/
[rosmaster.master][INFO] 2024-07-23 15:20:07,613: +SERVICE [/demo_topic_publisher/get_loggers] /demo_topic_publisher http://rafzarf:45579/
[rosmaster.master][INFO] 2024-07-23 15:20:07,614: +SERVICE [/demo_topic_publisher/set_logger_level] /demo_topic_publisher http://rafzarf:45579/
[rosmaster.master][INFO] 2024-07-23 15:20:07,614: +PUB [/numbers] /demo_topic_publisher http://rafzarf:45579/
[rosmaster.master][INFO] 2024-07-23 15:20:07,615: +CACHEDPARAM [/rosout_disable_topics_generation] by /demo_topic_publisher
[rosmaster.master][INFO] 2024-07-23 15:20:07,681: publisherUpdate[/rosout] -> http://rafzarf:36011/ ['http://rafzarf:45579/']
[rosmaster.master][INFO] 2024-07-23 15:20:07,688: publisherUpdate[/rosout] -> http://rafzarf:36011/ ['http://rafzarf:45579/']: sec=0.01, result=[1, '', 0]
[rosmaster.master][INFO] 2024-07-23 15:20:07,916: +CACHEDPARAM [/rosout/omit_topics] by /rosout
[rosmaster.master][INFO] 2024-07-23 15:20:21,381: +PUB [/rosout] /demo_topic_subscriber http://rafzarf:39387/
[rosmaster.master][INFO] 2024-07-23 15:20:21,381: +SERVICE [/demo_topic_subscriber/get_loggers] /demo_topic_subscriber http://rafzarf:39387/
[rosmaster.master][INFO] 2024-07-23 15:20:21,382: +SERVICE [/demo_topic_subscriber/set_logger_level] /demo_topic_subscriber http://rafzarf:39387/
[rosmaster.master][INFO] 2024-07-23 15:20:21,383: +SUB [/numbers] /demo_topic_subscriber http://rafzarf:39387/
[rosmaster.master][INFO] 2024-07-23 15:20:21,418: publisherUpdate[/rosout] -> http://rafzarf:36011/ ['http://rafzarf:45579/', 'http://rafzarf:39387/']
[rosmaster.master][INFO] 2024-07-23 15:20:21,420: publisherUpdate[/rosout] -> http://rafzarf:36011/ ['http://rafzarf:45579/', 'http://rafzarf:39387/']: sec=0.00, result=[1, '', 0]
[rosmaster.master][INFO] 2024-07-23 15:20:21,716: +CACHEDPARAM [/rosout_disable_topics_generation] by /demo_topic_subscriber
[rosmaster.master][INFO] 2024-07-23 15:20:36,898: +PUB [/rosout] /rostopic_9924_1721722836781 http://rafzarf:39045/
[rosmaster.master][INFO] 2024-07-23 15:20:36,902: +SERVICE [/rostopic_9924_1721722836781/get_loggers] /rostopic_9924_1721722836781 http://rafzarf:39045/
[rosmaster.master][INFO] 2024-07-23 15:20:36,904: +SERVICE [/rostopic_9924_1721722836781/set_logger_level] /rostopic_9924_1721722836781 http://rafzarf:39045/
[rosmaster.master][INFO] 2024-07-23 15:20:36,910: +SUB [/numbers] /rostopic_9924_1721722836781 http://rafzarf:39045/
[rosmaster.master][INFO] 2024-07-23 15:20:36,950: publisherUpdate[/rosout] -> http://rafzarf:36011/ ['http://rafzarf:45579/', 'http://rafzarf:39387/', 'http://rafzarf:39045/']
[rosmaster.master][INFO] 2024-07-23 15:20:36,952: publisherUpdate[/rosout] -> http://rafzarf:36011/ ['http://rafzarf:45579/', 'http://rafzarf:39387/', 'http://rafzarf:39045/']: sec=0.00, result=[1, '', 0]
[rosmaster.master][INFO] 2024-07-23 15:20:41,980: -SUB [/numbers] /rostopic_9924_1721722836781 http://rafzarf:39045/
[rosmaster.master][INFO] 2024-07-23 15:20:41,980: -PUB [/rosout] /rostopic_9924_1721722836781 http://rafzarf:39045/
[rosmaster.master][INFO] 2024-07-23 15:20:41,981: -SERVICE [/rostopic_9924_1721722836781/get_loggers] /rostopic_9924_1721722836781 rosrpc://rafzarf:40885
[rosmaster.master][INFO] 2024-07-23 15:20:41,981: -SERVICE [/rostopic_9924_1721722836781/set_logger_level] /rostopic_9924_1721722836781 rosrpc://rafzarf:40885
[rosmaster.master][INFO] 2024-07-23 15:20:42,063: publisherUpdate[/rosout] -> http://rafzarf:36011/ ['http://rafzarf:45579/', 'http://rafzarf:39387/']
[rosmaster.master][INFO] 2024-07-23 15:20:42,064: publisherUpdate[/rosout] -> http://rafzarf:36011/ ['http://rafzarf:45579/', 'http://rafzarf:39387/']: sec=0.00, result=[1, '', 0]
[rosmaster.master][INFO] 2024-07-23 15:20:55,896: -PUB [/rosout] /demo_topic_subscriber http://rafzarf:39387/
[rosmaster.master][INFO] 2024-07-23 15:20:55,896: -SUB [/numbers] /demo_topic_subscriber http://rafzarf:39387/
[rosmaster.master][INFO] 2024-07-23 15:20:55,897: -SERVICE [/demo_topic_subscriber/get_loggers] /demo_topic_subscriber rosrpc://rafzarf:59001
[rosmaster.master][INFO] 2024-07-23 15:20:55,897: -SERVICE [/demo_topic_subscriber/set_logger_level] /demo_topic_subscriber rosrpc://rafzarf:59001
[rosmaster.master][INFO] 2024-07-23 15:20:55,897: -CACHEDPARAM [/rosout_disable_topics_generation] by /demo_topic_subscriber
[rosmaster.master][INFO] 2024-07-23 15:20:55,996: publisherUpdate[/rosout] -> http://rafzarf:36011/ ['http://rafzarf:45579/']
[rosmaster.master][INFO] 2024-07-23 15:20:55,997: publisherUpdate[/rosout] -> http://rafzarf:36011/ ['http://rafzarf:45579/']: sec=0.00, result=[1, '', 0]
[rosmaster.master][INFO] 2024-07-23 15:21:01,962: -PUB [/rosout] /demo_topic_publisher http://rafzarf:45579/
[rosmaster.master][INFO] 2024-07-23 15:21:01,963: -PUB [/numbers] /demo_topic_publisher http://rafzarf:45579/
[rosmaster.master][INFO] 2024-07-23 15:21:01,964: -SERVICE [/demo_topic_publisher/get_loggers] /demo_topic_publisher rosrpc://rafzarf:38427
[rosmaster.master][INFO] 2024-07-23 15:21:01,964: -SERVICE [/demo_topic_publisher/set_logger_level] /demo_topic_publisher rosrpc://rafzarf:38427
[rosmaster.master][INFO] 2024-07-23 15:21:01,965: -CACHEDPARAM [/rosout_disable_topics_generation] by /demo_topic_publisher
[rosmaster.master][INFO] 2024-07-23 15:21:02,007: publisherUpdate[/rosout] -> http://rafzarf:36011/ []
[rosmaster.master][INFO] 2024-07-23 15:21:02,008: publisherUpdate[/rosout] -> http://rafzarf:36011/ []: sec=0.00, result=[1, '', 0]
[rosmaster.master][INFO] 2024-07-23 15:21:17,744: -PUB [/rosout_agg] /rosout http://rafzarf:36011/
[rosmaster.master][INFO] 2024-07-23 15:21:17,745: -SUB [/rosout] /rosout http://rafzarf:36011/
[rosmaster.master][INFO] 2024-07-23 15:21:17,745: -SERVICE [/rosout/get_loggers] /rosout rosrpc://rafzarf:46971
[rosmaster.master][INFO] 2024-07-23 15:21:17,745: -SERVICE [/rosout/set_logger_level] /rosout rosrpc://rafzarf:46971
[rosmaster.master][INFO] 2024-07-23 15:21:17,746: -CACHEDPARAM [/rosout/omit_topics] by /rosout
[rosmaster.main][INFO] 2024-07-23 15:21:17,852: keyboard interrupt, will exit
[rosmaster.main][INFO] 2024-07-23 15:21:17,852: stopping master...
[rospy.core][INFO] 2024-07-23 15:21:17,853: signal_shutdown [atexit]
