[rosmaster.main][INFO] 2024-07-22 14:46:58,138: initialization complete, waiting for shutdown
[rosmaster.main][INFO] 2024-07-22 14:46:58,139: Starting ROS Master Node
[xmlrpc][INFO] 2024-07-22 14:46:58,142: XML-RPC server binding to 0.0.0.0:11311
[xmlrpc][INFO] 2024-07-22 14:46:58,142: Started XML-RPC server [http://rafzarf:11311/]
[rosmaster.master][INFO] 2024-07-22 14:46:58,142: Master initialized: port[11311], uri[http://rafzarf:11311/]
[xmlrpc][INFO] 2024-07-22 14:46:58,142: xml rpc node: starting XML-RPC server
[rosmaster.master][INFO] 2024-07-22 14:46:58,180: +PARAM [/run_id] by /roslaunch
[rosmaster.master][INFO] 2024-07-22 14:46:58,181: +PARAM [/roslaunch/uris/host_rafzarf__40131] by /roslaunch
[rosmaster.master][INFO] 2024-07-22 14:46:58,203: +PARAM [/rosversion] by /roslaunch
[rosmaster.master][INFO] 2024-07-22 14:46:58,203: +PARAM [/rosdistro] by /roslaunch
[rosmaster.master][INFO] 2024-07-22 14:46:58,209: +SERVICE [/rosout/get_loggers] /rosout http://rafzarf:44907/
[rosmaster.master][INFO] 2024-07-22 14:46:58,209: +SERVICE [/rosout/set_logger_level] /rosout http://rafzarf:44907/
[rosmaster.master][INFO] 2024-07-22 14:46:58,210: +PUB [/rosout_agg] /rosout http://rafzarf:44907/
[rosmaster.master][INFO] 2024-07-22 14:46:58,210: +SUB [/rosout] /rosout http://rafzarf:44907/
[rosmaster.master][INFO] 2024-07-22 14:47:45,549: +PUB [/rosout] /demo_msg_publisher http://rafzarf:41893/
[rosmaster.master][INFO] 2024-07-22 14:47:45,550: +SERVICE [/demo_msg_publisher/get_loggers] /demo_msg_publisher http://rafzarf:41893/
[rosmaster.master][INFO] 2024-07-22 14:47:45,550: +SERVICE [/demo_msg_publisher/set_logger_level] /demo_msg_publisher http://rafzarf:41893/
[rosmaster.master][INFO] 2024-07-22 14:47:45,551: +PUB [/demo_msg_topic] /demo_msg_publisher http://rafzarf:41893/
[rosmaster.master][INFO] 2024-07-22 14:47:45,551: +CACHEDPARAM [/rosout_disable_topics_generation] by /demo_msg_publisher
[rosmaster.master][INFO] 2024-07-22 14:47:45,635: publisherUpdate[/rosout] -> http://rafzarf:44907/ ['http://rafzarf:41893/']
[rosmaster.master][INFO] 2024-07-22 14:47:45,656: publisherUpdate[/rosout] -> http://rafzarf:44907/ ['http://rafzarf:41893/']: sec=0.02, result=[1, '', 0]
[rosmaster.master][INFO] 2024-07-22 14:47:45,952: +CACHEDPARAM [/rosout/omit_topics] by /rosout
[rosmaster.master][INFO] 2024-07-22 14:47:58,155: +PUB [/rosout] /demo_msg_subscriber http://rafzarf:41275/
[rosmaster.master][INFO] 2024-07-22 14:47:58,155: +SERVICE [/demo_msg_subscriber/get_loggers] /demo_msg_subscriber http://rafzarf:41275/
[rosmaster.master][INFO] 2024-07-22 14:47:58,156: +SERVICE [/demo_msg_subscriber/set_logger_level] /demo_msg_subscriber http://rafzarf:41275/
[rosmaster.master][INFO] 2024-07-22 14:47:58,157: +SUB [/demo_msg_topic] /demo_msg_subscriber http://rafzarf:41275/
[rosmaster.master][INFO] 2024-07-22 14:47:58,157: publisherUpdate[/rosout] -> http://rafzarf:44907/ ['http://rafzarf:41893/', 'http://rafzarf:41275/']
[rosmaster.master][INFO] 2024-07-22 14:47:58,166: publisherUpdate[/rosout] -> http://rafzarf:44907/ ['http://rafzarf:41893/', 'http://rafzarf:41275/']: sec=0.01, result=[1, '', 0]
[rosmaster.master][INFO] 2024-07-22 14:47:58,453: +CACHEDPARAM [/rosout_disable_topics_generation] by /demo_msg_subscriber
[rosmaster.master][INFO] 2024-07-22 14:48:41,532: -PUB [/rosout] /demo_msg_publisher http://rafzarf:41893/
[rosmaster.master][INFO] 2024-07-22 14:48:41,533: -PUB [/demo_msg_topic] /demo_msg_publisher http://rafzarf:41893/
[rosmaster.master][INFO] 2024-07-22 14:48:41,534: -SERVICE [/demo_msg_publisher/get_loggers] /demo_msg_publisher rosrpc://rafzarf:41439
[rosmaster.master][INFO] 2024-07-22 14:48:41,535: -SERVICE [/demo_msg_publisher/set_logger_level] /demo_msg_publisher rosrpc://rafzarf:41439
[rosmaster.master][INFO] 2024-07-22 14:48:41,536: -CACHEDPARAM [/rosout_disable_topics_generation] by /demo_msg_publisher
[rosmaster.master][INFO] 2024-07-22 14:48:41,541: publisherUpdate[/rosout] -> http://rafzarf:44907/ ['http://rafzarf:41275/']
[rosmaster.master][INFO] 2024-07-22 14:48:41,542: publisherUpdate[/rosout] -> http://rafzarf:44907/ ['http://rafzarf:41275/']: sec=0.00, result=[1, '', 0]
[rosmaster.master][INFO] 2024-07-22 14:48:41,542: publisherUpdate[/demo_msg_topic] -> http://rafzarf:41275/ []
[rosmaster.master][INFO] 2024-07-22 14:48:41,556: publisherUpdate[/demo_msg_topic] -> http://rafzarf:41275/ []: sec=0.01, result=[1, '', 0]
[rosmaster.master][INFO] 2024-07-22 14:48:45,664: -PUB [/rosout] /demo_msg_subscriber http://rafzarf:41275/
[rosmaster.master][INFO] 2024-07-22 14:48:45,664: -SUB [/demo_msg_topic] /demo_msg_subscriber http://rafzarf:41275/
[rosmaster.master][INFO] 2024-07-22 14:48:45,664: -SERVICE [/demo_msg_subscriber/get_loggers] /demo_msg_subscriber rosrpc://rafzarf:46827
[rosmaster.master][INFO] 2024-07-22 14:48:45,665: -SERVICE [/demo_msg_subscriber/set_logger_level] /demo_msg_subscriber rosrpc://rafzarf:46827
[rosmaster.master][INFO] 2024-07-22 14:48:45,665: -CACHEDPARAM [/rosout_disable_topics_generation] by /demo_msg_subscriber
[rosmaster.master][INFO] 2024-07-22 14:48:45,665: publisherUpdate[/rosout] -> http://rafzarf:44907/ []
[rosmaster.master][INFO] 2024-07-22 14:48:45,665: publisherUpdate[/rosout] -> http://rafzarf:44907/ []: sec=0.00, result=[1, '', 0]
[rosmaster.master][INFO] 2024-07-22 14:48:48,470: -PUB [/rosout_agg] /rosout http://rafzarf:44907/
[rosmaster.master][INFO] 2024-07-22 14:48:48,470: -SUB [/rosout] /rosout http://rafzarf:44907/
[rosmaster.master][INFO] 2024-07-22 14:48:48,471: -SERVICE [/rosout/get_loggers] /rosout rosrpc://rafzarf:49211
[rosmaster.master][INFO] 2024-07-22 14:48:48,471: -SERVICE [/rosout/set_logger_level] /rosout rosrpc://rafzarf:49211
[rosmaster.master][INFO] 2024-07-22 14:48:48,471: -CACHEDPARAM [/rosout/omit_topics] by /rosout
[rosmaster.main][INFO] 2024-07-22 14:48:48,486: keyboard interrupt, will exit
[rosmaster.main][INFO] 2024-07-22 14:48:48,487: stopping master...
[rospy.core][INFO] 2024-07-22 14:48:48,487: signal_shutdown [atexit]
