[rosmaster.main][INFO] 2024-08-01 13:43:22,164: initialization complete, waiting for shutdown
[rosmaster.main][INFO] 2024-08-01 13:43:22,165: Starting ROS Master Node
[xmlrpc][INFO] 2024-08-01 13:43:22,172: XML-RPC server binding to 0.0.0.0:11311
[xmlrpc][INFO] 2024-08-01 13:43:22,172: Started XML-RPC server [http://rafzarf:11311/]
[rosmaster.master][INFO] 2024-08-01 13:43:22,172: Master initialized: port[11311], uri[http://rafzarf:11311/]
[xmlrpc][INFO] 2024-08-01 13:43:22,172: xml rpc node: starting XML-RPC server
[rosmaster.master][INFO] 2024-08-01 13:43:22,200: +PARAM [/run_id] by /roslaunch
[rosmaster.master][INFO] 2024-08-01 13:43:22,201: +PARAM [/roslaunch/uris/host_rafzarf__36535] by /roslaunch
[rosmaster.master][INFO] 2024-08-01 13:43:22,230: +PARAM [/rosversion] by /roslaunch
[rosmaster.master][INFO] 2024-08-01 13:43:22,230: +PARAM [/rosdistro] by /roslaunch
[rosmaster.master][INFO] 2024-08-01 13:43:22,260: +SERVICE [/rosout/get_loggers] /rosout http://rafzarf:44049/
[rosmaster.master][INFO] 2024-08-01 13:43:22,261: +SERVICE [/rosout/set_logger_level] /rosout http://rafzarf:44049/
[rosmaster.master][INFO] 2024-08-01 13:43:22,261: +PUB [/rosout_agg] /rosout http://rafzarf:44049/
[rosmaster.master][INFO] 2024-08-01 13:43:22,262: +SUB [/rosout] /rosout http://rafzarf:44049/
[rosmaster.master][INFO] 2024-08-01 13:44:03,610: +PUB [/rosout] /demo_topic_publisher http://rafzarf:34747/
[rosmaster.master][INFO] 2024-08-01 13:44:03,611: +SERVICE [/demo_topic_publisher/get_loggers] /demo_topic_publisher http://rafzarf:34747/
[rosmaster.master][INFO] 2024-08-01 13:44:03,611: +SERVICE [/demo_topic_publisher/set_logger_level] /demo_topic_publisher http://rafzarf:34747/
[rosmaster.master][INFO] 2024-08-01 13:44:03,611: +PUB [/numbers] /demo_topic_publisher http://rafzarf:34747/
[rosmaster.master][INFO] 2024-08-01 13:44:03,612: +CACHEDPARAM [/rosout_disable_topics_generation] by /demo_topic_publisher
[rosmaster.master][INFO] 2024-08-01 13:44:03,641: publisherUpdate[/rosout] -> http://rafzarf:44049/ ['http://rafzarf:34747/']
[rosmaster.master][INFO] 2024-08-01 13:44:03,648: publisherUpdate[/rosout] -> http://rafzarf:44049/ ['http://rafzarf:34747/']: sec=0.01, result=[1, '', 0]
[rosmaster.master][INFO] 2024-08-01 13:44:03,913: +CACHEDPARAM [/rosout/omit_topics] by /rosout
[rosmaster.master][INFO] 2024-08-01 13:44:13,665: -PUB [/rosout] /demo_topic_publisher http://rafzarf:34747/
[rosmaster.master][INFO] 2024-08-01 13:44:13,666: -PUB [/numbers] /demo_topic_publisher http://rafzarf:34747/
[rosmaster.master][INFO] 2024-08-01 13:44:13,668: -SERVICE [/demo_topic_publisher/get_loggers] /demo_topic_publisher rosrpc://rafzarf:46729
[rosmaster.master][INFO] 2024-08-01 13:44:13,668: -SERVICE [/demo_topic_publisher/set_logger_level] /demo_topic_publisher rosrpc://rafzarf:46729
[rosmaster.master][INFO] 2024-08-01 13:44:13,670: -CACHEDPARAM [/rosout_disable_topics_generation] by /demo_topic_publisher
[rosmaster.master][INFO] 2024-08-01 13:44:13,760: publisherUpdate[/rosout] -> http://rafzarf:44049/ []
[rosmaster.master][INFO] 2024-08-01 13:44:13,761: publisherUpdate[/rosout] -> http://rafzarf:44049/ []: sec=0.00, result=[1, '', 0]
[rosmaster.master][INFO] 2024-08-01 13:44:14,663: -PUB [/rosout_agg] /rosout http://rafzarf:44049/
[rosmaster.master][INFO] 2024-08-01 13:44:14,663: -SUB [/rosout] /rosout http://rafzarf:44049/
[rosmaster.master][INFO] 2024-08-01 13:44:14,663: -SERVICE [/rosout/get_loggers] /rosout rosrpc://rafzarf:40773
[rosmaster.master][INFO] 2024-08-01 13:44:14,664: -SERVICE [/rosout/set_logger_level] /rosout rosrpc://rafzarf:40773
[rosmaster.master][INFO] 2024-08-01 13:44:14,664: -CACHEDPARAM [/rosout/omit_topics] by /rosout
[rosmaster.main][INFO] 2024-08-01 13:44:14,739: keyboard interrupt, will exit
[rosmaster.main][INFO] 2024-08-01 13:44:14,739: stopping master...
[rospy.core][INFO] 2024-08-01 13:44:14,739: signal_shutdown [atexit]
