[rosmaster.main][INFO] 2024-07-15 20:10:03,271: initialization complete, waiting for shutdown
[rosmaster.main][INFO] 2024-07-15 20:10:03,271: Starting ROS Master Node
[xmlrpc][INFO] 2024-07-15 20:10:03,277: XML-RPC server binding to 0.0.0.0:11311
[xmlrpc][INFO] 2024-07-15 20:10:03,277: Started XML-RPC server [http://rafzarf:11311/]
[rosmaster.master][INFO] 2024-07-15 20:10:03,277: Master initialized: port[11311], uri[http://rafzarf:11311/]
[xmlrpc][INFO] 2024-07-15 20:10:03,277: xml rpc node: starting XML-RPC server
[rosmaster.master][INFO] 2024-07-15 20:10:03,308: +PARAM [/run_id] by /roslaunch
[rosmaster.master][INFO] 2024-07-15 20:10:03,309: +PARAM [/roslaunch/uris/host_rafzarf__39317] by /roslaunch
[rosmaster.master][INFO] 2024-07-15 20:10:03,334: +PARAM [/rosversion] by /roslaunch
[rosmaster.master][INFO] 2024-07-15 20:10:03,334: +PARAM [/rosdistro] by /roslaunch
[rosmaster.master][INFO] 2024-07-15 20:10:03,355: +SERVICE [/rosout/get_loggers] /rosout http://rafzarf:36485/
[rosmaster.master][INFO] 2024-07-15 20:10:03,356: +SERVICE [/rosout/set_logger_level] /rosout http://rafzarf:36485/
[rosmaster.master][INFO] 2024-07-15 20:10:03,357: +PUB [/rosout_agg] /rosout http://rafzarf:36485/
[rosmaster.master][INFO] 2024-07-15 20:10:03,359: +SUB [/rosout] /rosout http://rafzarf:36485/
[rosmaster.master][INFO] 2024-07-15 20:10:53,688: +PUB [/rosout] /demo_topic_publisher http://rafzarf:46857/
[rosmaster.master][INFO] 2024-07-15 20:10:53,689: +SERVICE [/demo_topic_publisher/get_loggers] /demo_topic_publisher http://rafzarf:46857/
[rosmaster.master][INFO] 2024-07-15 20:10:53,689: +SERVICE [/demo_topic_publisher/set_logger_level] /demo_topic_publisher http://rafzarf:46857/
[rosmaster.master][INFO] 2024-07-15 20:10:53,689: +PUB [/numbers] /demo_topic_publisher http://rafzarf:46857/
[rosmaster.master][INFO] 2024-07-15 20:10:53,690: +CACHEDPARAM [/rosout_disable_topics_generation] by /demo_topic_publisher
[rosmaster.master][INFO] 2024-07-15 20:10:53,694: publisherUpdate[/rosout] -> http://rafzarf:36485/ ['http://rafzarf:46857/']
[rosmaster.master][INFO] 2024-07-15 20:10:53,705: publisherUpdate[/rosout] -> http://rafzarf:36485/ ['http://rafzarf:46857/']: sec=0.01, result=[1, '', 0]
[rosmaster.master][INFO] 2024-07-15 20:10:53,991: +CACHEDPARAM [/rosout/omit_topics] by /rosout
[rosmaster.master][INFO] 2024-07-15 20:11:14,191: +PUB [/rosout] /demo_topic_subscriber http://rafzarf:38473/
[rosmaster.master][INFO] 2024-07-15 20:11:14,191: +SERVICE [/demo_topic_subscriber/get_loggers] /demo_topic_subscriber http://rafzarf:38473/
[rosmaster.master][INFO] 2024-07-15 20:11:14,191: +SERVICE [/demo_topic_subscriber/set_logger_level] /demo_topic_subscriber http://rafzarf:38473/
[rosmaster.master][INFO] 2024-07-15 20:11:14,192: +SUB [/numbers] /demo_topic_subscriber http://rafzarf:38473/
[rosmaster.master][INFO] 2024-07-15 20:11:14,232: publisherUpdate[/rosout] -> http://rafzarf:36485/ ['http://rafzarf:46857/', 'http://rafzarf:38473/']
[rosmaster.master][INFO] 2024-07-15 20:11:14,250: publisherUpdate[/rosout] -> http://rafzarf:36485/ ['http://rafzarf:46857/', 'http://rafzarf:38473/']: sec=0.02, result=[1, '', 0]
[rosmaster.master][INFO] 2024-07-15 20:11:14,491: +CACHEDPARAM [/rosout_disable_topics_generation] by /demo_topic_subscriber
[rosmaster.master][INFO] 2024-07-15 20:12:24,903: +PUB [/rosout] /rostopic_68206_1721049144785 http://rafzarf:36329/
[rosmaster.master][INFO] 2024-07-15 20:12:24,908: +SERVICE [/rostopic_68206_1721049144785/get_loggers] /rostopic_68206_1721049144785 http://rafzarf:36329/
[rosmaster.master][INFO] 2024-07-15 20:12:24,909: +SERVICE [/rostopic_68206_1721049144785/set_logger_level] /rostopic_68206_1721049144785 http://rafzarf:36329/
[rosmaster.master][INFO] 2024-07-15 20:12:24,915: +SUB [/numbers] /rostopic_68206_1721049144785 http://rafzarf:36329/
[rosmaster.master][INFO] 2024-07-15 20:12:24,977: publisherUpdate[/rosout] -> http://rafzarf:36485/ ['http://rafzarf:46857/', 'http://rafzarf:38473/', 'http://rafzarf:36329/']
[rosmaster.master][INFO] 2024-07-15 20:12:24,996: publisherUpdate[/rosout] -> http://rafzarf:36485/ ['http://rafzarf:46857/', 'http://rafzarf:38473/', 'http://rafzarf:36329/']: sec=0.02, result=[1, '', 0]
[rosmaster.master][INFO] 2024-07-15 20:12:26,493: -SUB [/numbers] /rostopic_68206_1721049144785 http://rafzarf:36329/
[rosmaster.master][INFO] 2024-07-15 20:12:26,494: -PUB [/rosout] /rostopic_68206_1721049144785 http://rafzarf:36329/
[rosmaster.master][INFO] 2024-07-15 20:12:26,494: -SERVICE [/rostopic_68206_1721049144785/get_loggers] /rostopic_68206_1721049144785 rosrpc://rafzarf:46483
[rosmaster.master][INFO] 2024-07-15 20:12:26,494: -SERVICE [/rostopic_68206_1721049144785/set_logger_level] /rostopic_68206_1721049144785 rosrpc://rafzarf:46483
[rosmaster.master][INFO] 2024-07-15 20:12:26,498: publisherUpdate[/rosout] -> http://rafzarf:36485/ ['http://rafzarf:46857/', 'http://rafzarf:38473/']
[rosmaster.master][INFO] 2024-07-15 20:12:26,499: publisherUpdate[/rosout] -> http://rafzarf:36485/ ['http://rafzarf:46857/', 'http://rafzarf:38473/']: sec=0.00, result=[1, '', 0]
[rosmaster.master][INFO] 2024-07-15 20:13:19,095: +PUB [/rosout] /rqt_gui_py_node_69074 http://rafzarf:35433/
[rosmaster.master][INFO] 2024-07-15 20:13:19,100: +SERVICE [/rqt_gui_py_node_69074/get_loggers] /rqt_gui_py_node_69074 http://rafzarf:35433/
[rosmaster.master][INFO] 2024-07-15 20:13:19,101: publisherUpdate[/rosout] -> http://rafzarf:36485/ ['http://rafzarf:46857/', 'http://rafzarf:38473/', 'http://rafzarf:35433/']
[rosmaster.master][INFO] 2024-07-15 20:13:19,102: +SERVICE [/rqt_gui_py_node_69074/set_logger_level] /rqt_gui_py_node_69074 http://rafzarf:35433/
[rosmaster.master][INFO] 2024-07-15 20:13:19,103: publisherUpdate[/rosout] -> http://rafzarf:36485/ ['http://rafzarf:46857/', 'http://rafzarf:38473/', 'http://rafzarf:35433/']: sec=0.00, result=[1, '', 0]
[rosmaster.master][INFO] 2024-07-15 20:13:19,135: +SUB [/statistics] /rqt_gui_py_node_69074 http://rafzarf:35433/
[rosmaster.master][INFO] 2024-07-15 20:14:03,174: -SUB [/statistics] /rqt_gui_py_node_69074 http://rafzarf:35433/
[rosmaster.master][INFO] 2024-07-15 20:14:03,174: -PUB [/rosout] /rqt_gui_py_node_69074 http://rafzarf:35433/
[rosmaster.master][INFO] 2024-07-15 20:14:03,174: -SERVICE [/rqt_gui_py_node_69074/get_loggers] /rqt_gui_py_node_69074 rosrpc://rafzarf:35443
[rosmaster.master][INFO] 2024-07-15 20:14:03,175: -SERVICE [/rqt_gui_py_node_69074/set_logger_level] /rqt_gui_py_node_69074 rosrpc://rafzarf:35443
[rosmaster.master][INFO] 2024-07-15 20:14:03,197: publisherUpdate[/rosout] -> http://rafzarf:36485/ ['http://rafzarf:46857/', 'http://rafzarf:38473/']
[rosmaster.master][INFO] 2024-07-15 20:14:03,198: publisherUpdate[/rosout] -> http://rafzarf:36485/ ['http://rafzarf:46857/', 'http://rafzarf:38473/']: sec=0.00, result=[1, '', 0]
[rosmaster.master][INFO] 2024-07-15 20:14:28,683: +PUB [/rosout] /rqt_gui_py_node_70081 http://rafzarf:37565/
[rosmaster.master][INFO] 2024-07-15 20:14:28,687: +SERVICE [/rqt_gui_py_node_70081/get_loggers] /rqt_gui_py_node_70081 http://rafzarf:37565/
[rosmaster.master][INFO] 2024-07-15 20:14:28,689: +SERVICE [/rqt_gui_py_node_70081/set_logger_level] /rqt_gui_py_node_70081 http://rafzarf:37565/
[rosmaster.master][INFO] 2024-07-15 20:14:28,710: +SUB [/statistics] /rqt_gui_py_node_70081 http://rafzarf:37565/
[rosmaster.master][INFO] 2024-07-15 20:14:28,753: publisherUpdate[/rosout] -> http://rafzarf:36485/ ['http://rafzarf:46857/', 'http://rafzarf:38473/', 'http://rafzarf:37565/']
[rosmaster.master][INFO] 2024-07-15 20:14:28,754: publisherUpdate[/rosout] -> http://rafzarf:36485/ ['http://rafzarf:46857/', 'http://rafzarf:38473/', 'http://rafzarf:37565/']: sec=0.00, result=[1, '', 0]
[rosmaster.master][INFO] 2024-07-15 20:15:21,566: -SUB [/statistics] /rqt_gui_py_node_70081 http://rafzarf:37565/
[rosmaster.master][INFO] 2024-07-15 20:15:21,566: -PUB [/rosout] /rqt_gui_py_node_70081 http://rafzarf:37565/
[rosmaster.master][INFO] 2024-07-15 20:15:21,566: -SERVICE [/rqt_gui_py_node_70081/get_loggers] /rqt_gui_py_node_70081 rosrpc://rafzarf:37873
[rosmaster.master][INFO] 2024-07-15 20:15:21,566: -SERVICE [/rqt_gui_py_node_70081/set_logger_level] /rqt_gui_py_node_70081 rosrpc://rafzarf:37873
[rosmaster.master][INFO] 2024-07-15 20:15:21,576: publisherUpdate[/rosout] -> http://rafzarf:36485/ ['http://rafzarf:46857/', 'http://rafzarf:38473/']
[rosmaster.master][INFO] 2024-07-15 20:15:21,576: publisherUpdate[/rosout] -> http://rafzarf:36485/ ['http://rafzarf:46857/', 'http://rafzarf:38473/']: sec=0.00, result=[1, '', 0]
[rosmaster.master][INFO] 2024-07-15 20:15:34,737: -PUB [/rosout] /demo_topic_publisher http://rafzarf:46857/
[rosmaster.master][INFO] 2024-07-15 20:15:34,738: -PUB [/numbers] /demo_topic_publisher http://rafzarf:46857/
[rosmaster.master][INFO] 2024-07-15 20:15:34,739: -SERVICE [/demo_topic_publisher/get_loggers] /demo_topic_publisher rosrpc://rafzarf:54499
[rosmaster.master][INFO] 2024-07-15 20:15:34,740: -SERVICE [/demo_topic_publisher/set_logger_level] /demo_topic_publisher rosrpc://rafzarf:54499
[rosmaster.master][INFO] 2024-07-15 20:15:34,741: -CACHEDPARAM [/rosout_disable_topics_generation] by /demo_topic_publisher
[rosmaster.master][INFO] 2024-07-15 20:15:34,801: publisherUpdate[/rosout] -> http://rafzarf:36485/ ['http://rafzarf:38473/']
[rosmaster.master][INFO] 2024-07-15 20:15:34,801: publisherUpdate[/numbers] -> http://rafzarf:38473/ []
[rosmaster.master][INFO] 2024-07-15 20:15:34,803: publisherUpdate[/rosout] -> http://rafzarf:36485/ ['http://rafzarf:38473/']: sec=0.00, result=[1, '', 0]
[rosmaster.master][INFO] 2024-07-15 20:15:34,817: publisherUpdate[/numbers] -> http://rafzarf:38473/ []: sec=0.01, result=[1, '', 0]
[rosmaster.master][INFO] 2024-07-15 20:15:36,920: -PUB [/rosout] /demo_topic_subscriber http://rafzarf:38473/
[rosmaster.master][INFO] 2024-07-15 20:15:36,921: -SUB [/numbers] /demo_topic_subscriber http://rafzarf:38473/
[rosmaster.master][INFO] 2024-07-15 20:15:36,921: publisherUpdate[/rosout] -> http://rafzarf:36485/ []
[rosmaster.master][INFO] 2024-07-15 20:15:36,921: -SERVICE [/demo_topic_subscriber/get_loggers] /demo_topic_subscriber rosrpc://rafzarf:44321
[rosmaster.master][INFO] 2024-07-15 20:15:36,922: publisherUpdate[/rosout] -> http://rafzarf:36485/ []: sec=0.00, result=[1, '', 0]
[rosmaster.master][INFO] 2024-07-15 20:15:36,922: -SERVICE [/demo_topic_subscriber/set_logger_level] /demo_topic_subscriber rosrpc://rafzarf:44321
[rosmaster.master][INFO] 2024-07-15 20:15:36,922: -CACHEDPARAM [/rosout_disable_topics_generation] by /demo_topic_subscriber
[rosmaster.master][INFO] 2024-07-15 21:03:40,897: -PUB [/rosout_agg] /rosout http://rafzarf:36485/
[rosmaster.master][INFO] 2024-07-15 21:03:40,897: -SUB [/rosout] /rosout http://rafzarf:36485/
[rosmaster.master][INFO] 2024-07-15 21:03:40,898: -SERVICE [/rosout/get_loggers] /rosout rosrpc://rafzarf:57045
[rosmaster.master][INFO] 2024-07-15 21:03:40,898: -SERVICE [/rosout/set_logger_level] /rosout rosrpc://rafzarf:57045
[rosmaster.master][INFO] 2024-07-15 21:03:40,898: -CACHEDPARAM [/rosout/omit_topics] by /rosout
[rosmaster.main][INFO] 2024-07-15 21:03:40,967: keyboard interrupt, will exit
[rosmaster.main][INFO] 2024-07-15 21:03:40,968: stopping master...
[rospy.core][INFO] 2024-07-15 21:03:40,968: signal_shutdown [atexit]
