[rosmaster.main][INFO] 2024-07-27 10:37:28,517: initialization complete, waiting for shutdown
[rosmaster.main][INFO] 2024-07-27 10:37:28,517: Starting ROS Master Node
[xmlrpc][INFO] 2024-07-27 10:37:28,539: XML-RPC server binding to 0.0.0.0:11311
[xmlrpc][INFO] 2024-07-27 10:37:28,540: Started XML-RPC server [http://rafzarf:11311/]
[xmlrpc][INFO] 2024-07-27 10:37:28,540: xml rpc node: starting XML-RPC server
[rosmaster.master][INFO] 2024-07-27 10:37:28,540: Master initialized: port[11311], uri[http://rafzarf:11311/]
[rosmaster.master][INFO] 2024-07-27 10:37:28,545: +PARAM [/run_id] by /roslaunch
[rosmaster.master][INFO] 2024-07-27 10:37:28,545: +PARAM [/roslaunch/uris/host_rafzarf__33529] by /roslaunch
[rosmaster.master][INFO] 2024-07-27 10:37:28,568: +PARAM [/rosversion] by /roslaunch
[rosmaster.master][INFO] 2024-07-27 10:37:28,568: +PARAM [/rosdistro] by /roslaunch
[rosmaster.master][INFO] 2024-07-27 10:37:28,597: +SERVICE [/rosout/get_loggers] /rosout http://rafzarf:46107/
[rosmaster.master][INFO] 2024-07-27 10:37:28,597: +SERVICE [/rosout/set_logger_level] /rosout http://rafzarf:46107/
[rosmaster.master][INFO] 2024-07-27 10:37:28,597: +PUB [/rosout_agg] /rosout http://rafzarf:46107/
[rosmaster.master][INFO] 2024-07-27 10:37:28,598: +SUB [/rosout] /rosout http://rafzarf:46107/
[rosmaster.master][INFO] 2024-07-27 10:37:48,303: +PARAM [/roslaunch/uris/host_rafzarf__38283] by /roslaunch
[rosmaster.master][INFO] 2024-07-27 10:37:48,305: +PARAM [/rosversion] by /roslaunch
[rosmaster.master][INFO] 2024-07-27 10:37:48,305: +PARAM [/rosdistro] by /roslaunch
[rosmaster.master][INFO] 2024-07-27 10:37:48,305: +PARAM [/robot_description] by /roslaunch
[rosmaster.master][INFO] 2024-07-27 10:37:48,358: +PUB [/rosout] /robot_state_publisher http://rafzarf:42973/
[rosmaster.master][INFO] 2024-07-27 10:37:48,359: +SERVICE [/robot_state_publisher/get_loggers] /robot_state_publisher http://rafzarf:42973/
[rosmaster.master][INFO] 2024-07-27 10:37:48,359: +SERVICE [/robot_state_publisher/set_logger_level] /robot_state_publisher http://rafzarf:42973/
[rosmaster.master][INFO] 2024-07-27 10:37:48,360: +CACHEDPARAM [/rosout_disable_topics_generation] by /robot_state_publisher
[rosmaster.master][INFO] 2024-07-27 10:37:48,362: publisherUpdate[/rosout] -> http://rafzarf:46107/ ['http://rafzarf:42973/']
[rosmaster.master][INFO] 2024-07-27 10:37:48,364: +PUB [/tf] /robot_state_publisher http://rafzarf:42973/
[rosmaster.master][INFO] 2024-07-27 10:37:48,364: +PUB [/tf_static] /robot_state_publisher http://rafzarf:42973/
[rosmaster.master][INFO] 2024-07-27 10:37:48,366: publisherUpdate[/rosout] -> http://rafzarf:46107/ ['http://rafzarf:42973/']: sec=0.00, result=[1, '', 0]
[rosmaster.master][INFO] 2024-07-27 10:37:48,367: +SUB [/joint_states] /robot_state_publisher http://rafzarf:42973/
[rosmaster.master][INFO] 2024-07-27 10:37:48,531: +PUB [/rosout] /rviz http://rafzarf:45297/
[rosmaster.master][INFO] 2024-07-27 10:37:48,531: +SERVICE [/rviz/get_loggers] /rviz http://rafzarf:45297/
[rosmaster.master][INFO] 2024-07-27 10:37:48,531: +SERVICE [/rviz/set_logger_level] /rviz http://rafzarf:45297/
[rosmaster.master][INFO] 2024-07-27 10:37:48,532: +CACHEDPARAM [/rosout_disable_topics_generation] by /rviz
[rosmaster.master][INFO] 2024-07-27 10:37:48,564: publisherUpdate[/rosout] -> http://rafzarf:46107/ ['http://rafzarf:42973/', 'http://rafzarf:45297/']
[rosmaster.master][INFO] 2024-07-27 10:37:48,565: publisherUpdate[/rosout] -> http://rafzarf:46107/ ['http://rafzarf:42973/', 'http://rafzarf:45297/']: sec=0.00, result=[1, '', 0]
[rosmaster.master][INFO] 2024-07-27 10:37:48,713: +SUB [/tf] /rviz http://rafzarf:45297/
[rosmaster.master][INFO] 2024-07-27 10:37:48,714: +SUB [/tf_static] /rviz http://rafzarf:45297/
[rosmaster.master][INFO] 2024-07-27 10:37:48,762: +PUB [/initialpose] /rviz http://rafzarf:45297/
[rosmaster.master][INFO] 2024-07-27 10:37:48,763: +PUB [/goal] /rviz http://rafzarf:45297/
[rosmaster.master][INFO] 2024-07-27 10:37:48,767: +CACHEDPARAM [/rosout/omit_topics] by /rosout
[rosmaster.master][INFO] 2024-07-27 10:37:48,770: -PUB [/goal] /rviz http://rafzarf:45297/
[rosmaster.master][INFO] 2024-07-27 10:37:48,771: -PUB [/initialpose] /rviz http://rafzarf:45297/
[rosmaster.master][INFO] 2024-07-27 10:37:48,773: +PUB [/rosout] /joint_state_publisher_gui http://rafzarf:43125/
[rosmaster.master][INFO] 2024-07-27 10:37:48,773: +PUB [/initialpose] /rviz http://rafzarf:45297/
[rosmaster.master][INFO] 2024-07-27 10:37:48,774: +PUB [/goal] /rviz http://rafzarf:45297/
[rosmaster.master][INFO] 2024-07-27 10:37:48,774: +PUB [/move_base_simple/goal] /rviz http://rafzarf:45297/
[rosmaster.master][INFO] 2024-07-27 10:37:48,774: +SERVICE [/joint_state_publisher_gui/get_loggers] /joint_state_publisher_gui http://rafzarf:43125/
[rosmaster.master][INFO] 2024-07-27 10:37:48,775: -PUB [/goal] /rviz http://rafzarf:45297/
[rosmaster.master][INFO] 2024-07-27 10:37:48,775: +SERVICE [/joint_state_publisher_gui/set_logger_level] /joint_state_publisher_gui http://rafzarf:43125/
[rosmaster.master][INFO] 2024-07-27 10:37:48,775: +PUB [/clicked_point] /rviz http://rafzarf:45297/
[rosmaster.master][INFO] 2024-07-27 10:37:48,833: +SERVICE [/rviz/reload_shaders] /rviz http://rafzarf:45297/
[rosmaster.master][INFO] 2024-07-27 10:37:48,834: +SERVICE [/rviz/load_config] /rviz http://rafzarf:45297/
[rosmaster.master][INFO] 2024-07-27 10:37:48,834: +SERVICE [/rviz/load_config_discarding_changes] /rviz http://rafzarf:45297/
[rosmaster.master][INFO] 2024-07-27 10:37:48,835: +SERVICE [/rviz/save_config] /rviz http://rafzarf:45297/
[rosmaster.master][INFO] 2024-07-27 10:37:48,865: +PUB [/joint_states] /joint_state_publisher_gui http://rafzarf:43125/
[rosmaster.master][INFO] 2024-07-27 10:37:48,865: publisherUpdate[/rosout] -> http://rafzarf:46107/ ['http://rafzarf:42973/', 'http://rafzarf:45297/', 'http://rafzarf:43125/']
[rosmaster.master][INFO] 2024-07-27 10:37:48,866: publisherUpdate[/rosout] -> http://rafzarf:46107/ ['http://rafzarf:42973/', 'http://rafzarf:45297/', 'http://rafzarf:43125/']: sec=0.00, result=[1, '', 0]
[rosmaster.master][INFO] 2024-07-27 10:37:48,866: publisherUpdate[/joint_states] -> http://rafzarf:42973/ ['http://rafzarf:43125/']
[rosmaster.master][INFO] 2024-07-27 10:37:48,867: publisherUpdate[/joint_states] -> http://rafzarf:42973/ ['http://rafzarf:43125/']: sec=0.00, result=[1, '', 0]
[rosmaster.master][INFO] 2024-07-27 10:37:48,906: +CACHEDPARAM [/rosout_disable_topics_generation] by /joint_state_publisher_gui
[rosmaster.master][INFO] 2024-07-27 10:37:58,533: +CACHEDPARAM [/rosout_disable_topics_generation] by /joint_state_publisher_gui
[rosmaster.master][INFO] 2024-07-27 10:37:59,099: +CACHEDPARAM [/rosout_disable_topics_generation] by /joint_state_publisher_gui
[rosmaster.master][INFO] 2024-07-27 10:37:59,619: +CACHEDPARAM [/rosout_disable_topics_generation] by /joint_state_publisher_gui
[rosmaster.master][INFO] 2024-07-27 10:38:00,301: +CACHEDPARAM [/rosout_disable_topics_generation] by /joint_state_publisher_gui
[rosmaster.master][INFO] 2024-07-27 10:38:00,821: +CACHEDPARAM [/rosout_disable_topics_generation] by /joint_state_publisher_gui
[rosmaster.master][INFO] 2024-07-27 10:38:01,378: +CACHEDPARAM [/rosout_disable_topics_generation] by /joint_state_publisher_gui
[rosmaster.master][INFO] 2024-07-27 10:38:02,023: +CACHEDPARAM [/rosout_disable_topics_generation] by /joint_state_publisher_gui
[rosmaster.master][INFO] 2024-07-27 10:38:03,360: +CACHEDPARAM [/rosout_disable_topics_generation] by /joint_state_publisher_gui
[rosmaster.master][INFO] 2024-07-27 10:38:39,121: +CACHEDPARAM [/rosout_disable_topics_generation] by /joint_state_publisher_gui
[rosmaster.master][INFO] 2024-07-27 10:38:41,656: +CACHEDPARAM [/rosout_disable_topics_generation] by /joint_state_publisher_gui
[rosmaster.master][INFO] 2024-07-27 10:38:42,334: +CACHEDPARAM [/rosout_disable_topics_generation] by /joint_state_publisher_gui
[rosmaster.master][INFO] 2024-07-27 10:38:42,854: +CACHEDPARAM [/rosout_disable_topics_generation] by /joint_state_publisher_gui
[rosmaster.master][INFO] 2024-07-27 10:38:43,363: +CACHEDPARAM [/rosout_disable_topics_generation] by /joint_state_publisher_gui
[rosmaster.master][INFO] 2024-07-27 10:38:43,860: +CACHEDPARAM [/rosout_disable_topics_generation] by /joint_state_publisher_gui
[rosmaster.master][INFO] 2024-07-27 10:39:02,549: +CACHEDPARAM [/rosout_disable_topics_generation] by /joint_state_publisher_gui
[rosmaster.master][INFO] 2024-07-27 10:39:03,187: +CACHEDPARAM [/rosout_disable_topics_generation] by /joint_state_publisher_gui
[rosmaster.master][INFO] 2024-07-27 10:39:46,341: -PUB [/clicked_point] /rviz http://rafzarf:45297/
[rosmaster.master][INFO] 2024-07-27 10:39:46,342: -PUB [/move_base_simple/goal] /rviz http://rafzarf:45297/
[rosmaster.master][INFO] 2024-07-27 10:39:46,343: -PUB [/initialpose] /rviz http://rafzarf:45297/
[rosmaster.master][INFO] 2024-07-27 10:39:46,347: -SUB [/tf_static] /rviz http://rafzarf:45297/
[rosmaster.master][INFO] 2024-07-27 10:39:46,348: -SUB [/tf] /rviz http://rafzarf:45297/
[rosmaster.master][INFO] 2024-07-27 10:39:46,350: -SERVICE [/rviz/save_config] /rviz rosrpc://rafzarf:49975
[rosmaster.master][INFO] 2024-07-27 10:39:46,350: -SERVICE [/rviz/load_config_discarding_changes] /rviz rosrpc://rafzarf:49975
[rosmaster.master][INFO] 2024-07-27 10:39:46,350: -SERVICE [/rviz/load_config] /rviz rosrpc://rafzarf:49975
[rosmaster.master][INFO] 2024-07-27 10:39:46,351: -SERVICE [/rviz/reload_shaders] /rviz rosrpc://rafzarf:49975
[rosmaster.master][INFO] 2024-07-27 10:39:46,548: -PUB [/rosout] /rviz http://rafzarf:45297/
[rosmaster.master][INFO] 2024-07-27 10:39:46,550: -SERVICE [/rviz/get_loggers] /rviz rosrpc://rafzarf:49975
[rosmaster.master][INFO] 2024-07-27 10:39:46,550: -SERVICE [/rviz/set_logger_level] /rviz rosrpc://rafzarf:49975
[rosmaster.master][INFO] 2024-07-27 10:39:46,551: -CACHEDPARAM [/rosout_disable_topics_generation] by /rviz
[rosmaster.master][INFO] 2024-07-27 10:39:46,575: publisherUpdate[/rosout] -> http://rafzarf:46107/ ['http://rafzarf:42973/', 'http://rafzarf:43125/']
[rosmaster.master][INFO] 2024-07-27 10:39:46,576: publisherUpdate[/rosout] -> http://rafzarf:46107/ ['http://rafzarf:42973/', 'http://rafzarf:43125/']: sec=0.00, result=[1, '', 0]
[rosmaster.master][INFO] 2024-07-27 10:39:46,856: -PUB [/rosout] /robot_state_publisher http://rafzarf:42973/
[rosmaster.master][INFO] 2024-07-27 10:39:46,856: -PUB [/tf] /robot_state_publisher http://rafzarf:42973/
[rosmaster.master][INFO] 2024-07-27 10:39:46,856: -PUB [/tf_static] /robot_state_publisher http://rafzarf:42973/
[rosmaster.master][INFO] 2024-07-27 10:39:46,857: -SUB [/joint_states] /robot_state_publisher http://rafzarf:42973/
[rosmaster.master][INFO] 2024-07-27 10:39:46,857: -SERVICE [/robot_state_publisher/get_loggers] /robot_state_publisher rosrpc://rafzarf:52443
[rosmaster.master][INFO] 2024-07-27 10:39:46,857: -SERVICE [/robot_state_publisher/set_logger_level] /robot_state_publisher rosrpc://rafzarf:52443
[rosmaster.master][INFO] 2024-07-27 10:39:46,857: -CACHEDPARAM [/rosout_disable_topics_generation] by /robot_state_publisher
[rosmaster.master][INFO] 2024-07-27 10:39:46,876: publisherUpdate[/rosout] -> http://rafzarf:46107/ ['http://rafzarf:43125/']
[rosmaster.master][INFO] 2024-07-27 10:39:46,876: publisherUpdate[/rosout] -> http://rafzarf:46107/ ['http://rafzarf:43125/']: sec=0.00, result=[1, '', 0]
[rosmaster.master][INFO] 2024-07-27 10:48:53,814: -PUB [/rosout_agg] /rosout http://rafzarf:46107/
[rosmaster.master][INFO] 2024-07-27 10:48:53,814: -SUB [/rosout] /rosout http://rafzarf:46107/
[rosmaster.master][INFO] 2024-07-27 10:48:53,815: -SERVICE [/rosout/get_loggers] /rosout rosrpc://rafzarf:46097
[rosmaster.master][INFO] 2024-07-27 10:48:53,815: -SERVICE [/rosout/set_logger_level] /rosout rosrpc://rafzarf:46097
[rosmaster.master][INFO] 2024-07-27 10:48:53,815: -CACHEDPARAM [/rosout/omit_topics] by /rosout
[rosmaster.main][INFO] 2024-07-27 10:48:53,872: keyboard interrupt, will exit
[rosmaster.main][INFO] 2024-07-27 10:48:53,872: stopping master...
[rospy.core][INFO] 2024-07-27 10:48:53,873: signal_shutdown [atexit]
