[rosmaster.main][INFO] 2024-07-14 20:44:14,562: initialization complete, waiting for shutdown
[rosmaster.main][INFO] 2024-07-14 20:44:14,563: Starting ROS Master Node
[xmlrpc][INFO] 2024-07-14 20:44:14,563: XML-RPC server binding to 0.0.0.0:11311
[xmlrpc][INFO] 2024-07-14 20:44:14,563: Started XML-RPC server [http://rafzarf:11311/]
[rosmaster.master][INFO] 2024-07-14 20:44:14,563: Master initialized: port[11311], uri[http://rafzarf:11311/]
[xmlrpc][INFO] 2024-07-14 20:44:14,563: xml rpc node: starting XML-RPC server
[rosmaster.master][INFO] 2024-07-14 20:44:14,601: +PARAM [/run_id] by /roslaunch
[rosmaster.master][INFO] 2024-07-14 20:44:14,602: +PARAM [/roslaunch/uris/host_rafzarf__39161] by /roslaunch
[rosmaster.master][INFO] 2024-07-14 20:44:14,624: +PARAM [/rosversion] by /roslaunch
[rosmaster.master][INFO] 2024-07-14 20:44:14,624: +PARAM [/rosdistro] by /roslaunch
[rosmaster.master][INFO] 2024-07-14 20:44:14,630: +SERVICE [/rosout/get_loggers] /rosout http://rafzarf:38251/
[rosmaster.master][INFO] 2024-07-14 20:44:14,631: +SERVICE [/rosout/set_logger_level] /rosout http://rafzarf:38251/
[rosmaster.master][INFO] 2024-07-14 20:44:14,631: +PUB [/rosout_agg] /rosout http://rafzarf:38251/
[rosmaster.master][INFO] 2024-07-14 20:44:14,633: +SUB [/rosout] /rosout http://rafzarf:38251/
[rosmaster.master][INFO] 2024-07-14 20:44:21,307: +PUB [/rosout] /demo_topic_subscriber http://rafzarf:39983/
[rosmaster.master][INFO] 2024-07-14 20:44:21,308: +SERVICE [/demo_topic_subscriber/get_loggers] /demo_topic_subscriber http://rafzarf:39983/
[rosmaster.master][INFO] 2024-07-14 20:44:21,308: +SERVICE [/demo_topic_subscriber/set_logger_level] /demo_topic_subscriber http://rafzarf:39983/
[rosmaster.master][INFO] 2024-07-14 20:44:21,309: +SUB [/numbers] /demo_topic_subscriber http://rafzarf:39983/
[rosmaster.master][INFO] 2024-07-14 20:44:21,375: publisherUpdate[/rosout] -> http://rafzarf:38251/ ['http://rafzarf:39983/']
[rosmaster.master][INFO] 2024-07-14 20:44:21,383: publisherUpdate[/rosout] -> http://rafzarf:38251/ ['http://rafzarf:39983/']: sec=0.01, result=[1, '', 0]
[rosmaster.master][INFO] 2024-07-14 20:44:31,403: -PUB [/rosout] /demo_topic_subscriber http://rafzarf:39983/
[rosmaster.master][INFO] 2024-07-14 20:44:31,403: publisherUpdate[/rosout] -> http://rafzarf:38251/ []
[rosmaster.master][INFO] 2024-07-14 20:44:31,404: -SUB [/numbers] /demo_topic_subscriber http://rafzarf:39983/
[rosmaster.master][INFO] 2024-07-14 20:44:31,404: publisherUpdate[/rosout] -> http://rafzarf:38251/ []: sec=0.00, result=[1, '', 0]
[rosmaster.master][INFO] 2024-07-14 20:44:31,404: -SERVICE [/demo_topic_subscriber/get_loggers] /demo_topic_subscriber rosrpc://rafzarf:38885
[rosmaster.master][INFO] 2024-07-14 20:44:31,405: -SERVICE [/demo_topic_subscriber/set_logger_level] /demo_topic_subscriber rosrpc://rafzarf:38885
[rosmaster.master][INFO] 2024-07-14 20:44:32,592: +PUB [/rosout] /demo_topic_subscriber http://rafzarf:40995/
[rosmaster.master][INFO] 2024-07-14 20:44:32,593: +SERVICE [/demo_topic_subscriber/get_loggers] /demo_topic_subscriber http://rafzarf:40995/
[rosmaster.master][INFO] 2024-07-14 20:44:32,593: +SERVICE [/demo_topic_subscriber/set_logger_level] /demo_topic_subscriber http://rafzarf:40995/
[rosmaster.master][INFO] 2024-07-14 20:44:32,594: +SUB [/numbers] /demo_topic_subscriber http://rafzarf:40995/
[rosmaster.master][INFO] 2024-07-14 20:44:32,602: publisherUpdate[/rosout] -> http://rafzarf:38251/ ['http://rafzarf:40995/']
[rosmaster.master][INFO] 2024-07-14 20:44:32,603: publisherUpdate[/rosout] -> http://rafzarf:38251/ ['http://rafzarf:40995/']: sec=0.00, result=[1, '', 0]
[rosmaster.master][INFO] 2024-07-14 20:44:35,009: -PUB [/rosout] /demo_topic_subscriber http://rafzarf:40995/
[rosmaster.master][INFO] 2024-07-14 20:44:35,009: -SUB [/numbers] /demo_topic_subscriber http://rafzarf:40995/
[rosmaster.master][INFO] 2024-07-14 20:44:35,009: -SERVICE [/demo_topic_subscriber/get_loggers] /demo_topic_subscriber rosrpc://rafzarf:54527
[rosmaster.master][INFO] 2024-07-14 20:44:35,010: -SERVICE [/demo_topic_subscriber/set_logger_level] /demo_topic_subscriber rosrpc://rafzarf:54527
[rosmaster.master][INFO] 2024-07-14 20:44:35,011: publisherUpdate[/rosout] -> http://rafzarf:38251/ []
[rosmaster.master][INFO] 2024-07-14 20:44:35,012: publisherUpdate[/rosout] -> http://rafzarf:38251/ []: sec=0.00, result=[1, '', 0]
[rosmaster.master][INFO] 2024-07-14 20:44:38,422: +PUB [/rosout] /demo_topic_publisher http://rafzarf:40717/
[rosmaster.master][INFO] 2024-07-14 20:44:38,423: +SERVICE [/demo_topic_publisher/get_loggers] /demo_topic_publisher http://rafzarf:40717/
[rosmaster.master][INFO] 2024-07-14 20:44:38,423: +SERVICE [/demo_topic_publisher/set_logger_level] /demo_topic_publisher http://rafzarf:40717/
[rosmaster.master][INFO] 2024-07-14 20:44:38,423: +PUB [/numbers] /demo_topic_publisher http://rafzarf:40717/
[rosmaster.master][INFO] 2024-07-14 20:44:38,424: +CACHEDPARAM [/rosout_disable_topics_generation] by /demo_topic_publisher
[rosmaster.master][INFO] 2024-07-14 20:44:38,514: publisherUpdate[/rosout] -> http://rafzarf:38251/ ['http://rafzarf:40717/']
[rosmaster.master][INFO] 2024-07-14 20:44:38,516: publisherUpdate[/rosout] -> http://rafzarf:38251/ ['http://rafzarf:40717/']: sec=0.00, result=[1, '', 0]
[rosmaster.master][INFO] 2024-07-14 20:44:38,725: +CACHEDPARAM [/rosout/omit_topics] by /rosout
[rosmaster.master][INFO] 2024-07-14 20:44:47,631: -PUB [/rosout] /demo_topic_publisher http://rafzarf:40717/
[rosmaster.master][INFO] 2024-07-14 20:44:47,632: -PUB [/numbers] /demo_topic_publisher http://rafzarf:40717/
[rosmaster.master][INFO] 2024-07-14 20:44:47,632: publisherUpdate[/rosout] -> http://rafzarf:38251/ []
[rosmaster.master][INFO] 2024-07-14 20:44:47,633: -SERVICE [/demo_topic_publisher/get_loggers] /demo_topic_publisher rosrpc://rafzarf:40247
[rosmaster.master][INFO] 2024-07-14 20:44:47,634: publisherUpdate[/rosout] -> http://rafzarf:38251/ []: sec=0.00, result=[1, '', 0]
[rosmaster.master][INFO] 2024-07-14 20:44:47,635: -SERVICE [/demo_topic_publisher/set_logger_level] /demo_topic_publisher rosrpc://rafzarf:40247
[rosmaster.master][INFO] 2024-07-14 20:44:47,635: -CACHEDPARAM [/rosout_disable_topics_generation] by /demo_topic_publisher
[rosmaster.master][INFO] 2024-07-14 20:48:45,076: -PUB [/rosout_agg] /rosout http://rafzarf:38251/
[rosmaster.master][INFO] 2024-07-14 20:48:45,077: -SUB [/rosout] /rosout http://rafzarf:38251/
[rosmaster.master][INFO] 2024-07-14 20:48:45,077: -SERVICE [/rosout/get_loggers] /rosout rosrpc://rafzarf:58689
[rosmaster.master][INFO] 2024-07-14 20:48:45,077: -SERVICE [/rosout/set_logger_level] /rosout rosrpc://rafzarf:58689
[rosmaster.master][INFO] 2024-07-14 20:48:45,077: -CACHEDPARAM [/rosout/omit_topics] by /rosout
[rosmaster.main][INFO] 2024-07-14 20:48:45,185: keyboard interrupt, will exit
[rosmaster.main][INFO] 2024-07-14 20:48:45,185: stopping master...
[rospy.core][INFO] 2024-07-14 20:48:45,185: signal_shutdown [atexit]
