

1721663356.147850857  Node Startup
1721663429.341819284 INFO /demo_action_client [/home/rafzarf/catkin_ws/src/mastering_ros_demo_pkg/src/demo_action_client.cpp:56(main)] [topics: /rosout, /demo_action/goal, /demo_action/cancel] Action server started, sending goal.
1721663429.341876973 INFO /demo_action_client [/home/rafzarf/catkin_ws/src/mastering_ros_demo_pkg/src/demo_action_client.cpp:62(main)] [topics: /rosout, /demo_action/goal, /demo_action/cancel] Sending Goal [10] and Preempt time of [1]
1721663429.342331352 INFO /demo_action [/home/rafzarf/catkin_ws/src/mastering_ros_demo_pkg/src/demo_action_server.cpp:77(executeCB)] [topics: /rosout, /demo_action/result, /demo_action/feedback, /demo_action/status] /demo_action is processing the goal 10
1721663429.345781892 INFO /demo_action [/home/rafzarf/catkin_ws/src/mastering_ros_demo_pkg/src/demo_action_server.cpp:98(executeCB)] [topics: /rosout, /demo_action/result, /demo_action/feedback, /demo_action/status] Setting to goal 0 / 10
1721663429.542438044 INFO /demo_action [/home/rafzarf/catkin_ws/src/mastering_ros_demo_pkg/src/demo_action_server.cpp:98(executeCB)] [topics: /rosout, /demo_action/result, /demo_action/feedback, /demo_action/status] Setting to goal 1 / 10
1721663429.742497701 INFO /demo_action [/home/rafzarf/catkin_ws/src/mastering_ros_demo_pkg/src/demo_action_server.cpp:98(executeCB)] [topics: /rosout, /demo_action/result, /demo_action/feedback, /demo_action/status] Setting to goal 2 / 10
1721663429.942427983 INFO /demo_action [/home/rafzarf/catkin_ws/src/mastering_ros_demo_pkg/src/demo_action_server.cpp:98(executeCB)] [topics: /rosout, /demo_action/result, /demo_action/feedback, /demo_action/status] Setting to goal 3 / 10
1721663430.142396104 INFO /demo_action [/home/rafzarf/catkin_ws/src/mastering_ros_demo_pkg/src/demo_action_server.cpp:98(executeCB)] [topics: /rosout, /demo_action/result, /demo_action/feedback, /demo_action/status] Setting to goal 4 / 10
1721663430.342167268 INFO /demo_action_client [/home/rafzarf/catkin_ws/src/mastering_ros_demo_pkg/src/demo_action_client.cpp:77(main)] [topics: /rosout, /demo_action/goal, /demo_action/cancel] Action did not finish before the time out.
1721663430.342408157 INFO /demo_action [/home/rafzarf/catkin_ws/src/mastering_ros_demo_pkg/src/demo_action_server.cpp:98(executeCB)] [topics: /rosout, /demo_action/result, /demo_action/feedback, /demo_action/status] Setting to goal 5 / 10
1721663430.342540872 WARN /demo_action [/home/rafzarf/catkin_ws/src/mastering_ros_demo_pkg/src/demo_action_server.cpp:68(preemptCB)] [topics: /rosout, /demo_action/result, /demo_action/feedback, /demo_action/status] /demo_action got preempted!
1721663447.141546754 INFO /demo_action_client [/home/rafzarf/catkin_ws/src/mastering_ros_demo_pkg/src/demo_action_client.cpp:56(main)] [topics: /rosout, /demo_action/goal, /demo_action/cancel] Action server started, sending goal.
1721663447.141589692 INFO /demo_action_client [/home/rafzarf/catkin_ws/src/mastering_ros_demo_pkg/src/demo_action_client.cpp:62(main)] [topics: /rosout, /demo_action/goal, /demo_action/cancel] Sending Goal [10] and Preempt time of [1]
1721663447.142035538 INFO /demo_action [/home/rafzarf/catkin_ws/src/mastering_ros_demo_pkg/src/demo_action_server.cpp:77(executeCB)] [topics: /rosout, /demo_action/result, /demo_action/feedback, /demo_action/status] /demo_action is processing the goal 10
1721663447.142081104 INFO /demo_action [/home/rafzarf/catkin_ws/src/mastering_ros_demo_pkg/src/demo_action_server.cpp:98(executeCB)] [topics: /rosout, /demo_action/result, /demo_action/feedback, /demo_action/status] Setting to goal 6 / 10
1721663447.342227880 INFO /demo_action [/home/rafzarf/catkin_ws/src/mastering_ros_demo_pkg/src/demo_action_server.cpp:98(executeCB)] [topics: /rosout, /demo_action/result, /demo_action/feedback, /demo_action/status] Setting to goal 1 / 10
1721663447.542221398 INFO /demo_action [/home/rafzarf/catkin_ws/src/mastering_ros_demo_pkg/src/demo_action_server.cpp:98(executeCB)] [topics: /rosout, /demo_action/result, /demo_action/feedback, /demo_action/status] Setting to goal 2 / 10
1721663447.742149250 INFO /demo_action [/home/rafzarf/catkin_ws/src/mastering_ros_demo_pkg/src/demo_action_server.cpp:98(executeCB)] [topics: /rosout, /demo_action/result, /demo_action/feedback, /demo_action/status] Setting to goal 3 / 10
1721663447.942152077 INFO /demo_action [/home/rafzarf/catkin_ws/src/mastering_ros_demo_pkg/src/demo_action_server.cpp:98(executeCB)] [topics: /rosout, /demo_action/result, /demo_action/feedback, /demo_action/status] Setting to goal 4 / 10
1721663448.142112319 INFO /demo_action [/home/rafzarf/catkin_ws/src/mastering_ros_demo_pkg/src/demo_action_server.cpp:98(executeCB)] [topics: /rosout, /demo_action/result, /demo_action/feedback, /demo_action/status] Setting to goal 5 / 10
1721663448.142223475 WARN /demo_action [/home/rafzarf/catkin_ws/src/mastering_ros_demo_pkg/src/demo_action_server.cpp:68(preemptCB)] [topics: /rosout, /demo_action/result, /demo_action/feedback, /demo_action/status] /demo_action got preempted!
1721663448.141945247 INFO /demo_action_client [/home/rafzarf/catkin_ws/src/mastering_ros_demo_pkg/src/demo_action_client.cpp:77(main)] [topics: /rosout, /demo_action/goal, /demo_action/cancel] Action did not finish before the time out.
1721663461.541611895 INFO /demo_action_client [/home/rafzarf/catkin_ws/src/mastering_ros_demo_pkg/src/demo_action_client.cpp:56(main)] [topics: /rosout, /demo_action/goal, /demo_action/cancel] Action server started, sending goal.
1721663461.541668405 INFO /demo_action_client [/home/rafzarf/catkin_ws/src/mastering_ros_demo_pkg/src/demo_action_client.cpp:62(main)] [topics: /rosout, /demo_action/goal, /demo_action/cancel] Sending Goal [5] and Preempt time of [1]
1721663461.542299253 INFO /demo_action [/home/rafzarf/catkin_ws/src/mastering_ros_demo_pkg/src/demo_action_server.cpp:77(executeCB)] [topics: /rosout, /demo_action/result, /demo_action/feedback, /demo_action/status] /demo_action is processing the goal 5
1721663461.542346060 INFO /demo_action [/home/rafzarf/catkin_ws/src/mastering_ros_demo_pkg/src/demo_action_server.cpp:98(executeCB)] [topics: /rosout, /demo_action/result, /demo_action/feedback, /demo_action/status] Setting to goal 6 / 5
1721663461.742375058 INFO /demo_action [/home/rafzarf/catkin_ws/src/mastering_ros_demo_pkg/src/demo_action_server.cpp:98(executeCB)] [topics: /rosout, /demo_action/result, /demo_action/feedback, /demo_action/status] Setting to goal 1 / 5
1721663461.942378157 INFO /demo_action [/home/rafzarf/catkin_ws/src/mastering_ros_demo_pkg/src/demo_action_server.cpp:98(executeCB)] [topics: /rosout, /demo_action/result, /demo_action/feedback, /demo_action/status] Setting to goal 2 / 5
1721663462.142368638 INFO /demo_action [/home/rafzarf/catkin_ws/src/mastering_ros_demo_pkg/src/demo_action_server.cpp:98(executeCB)] [topics: /rosout, /demo_action/result, /demo_action/feedback, /demo_action/status] Setting to goal 3 / 5
1721663462.342436127 INFO /demo_action [/home/rafzarf/catkin_ws/src/mastering_ros_demo_pkg/src/demo_action_server.cpp:93(executeCB)] [topics: /rosout, /demo_action/result, /demo_action/feedback, /demo_action/status] /demo_action Succeeded at getting to goal 5
1721663462.342855398 INFO /demo_action_client [/home/rafzarf/catkin_ws/src/mastering_ros_demo_pkg/src/demo_action_client.cpp:72(main)] [topics: /rosout, /demo_action/goal, /demo_action/cancel] Action finished: SUCCEEDED
