[rosmaster.main][INFO] 2024-07-27 16:07:23,593: initialization complete, waiting for shutdown
[rosmaster.main][INFO] 2024-07-27 16:07:23,593: Starting ROS Master Node
[xmlrpc][INFO] 2024-07-27 16:07:23,594: XML-RPC server binding to 0.0.0.0:11311
[xmlrpc][INFO] 2024-07-27 16:07:23,594: Started XML-RPC server [http://rafzarf:11311/]
[rosmaster.master][INFO] 2024-07-27 16:07:23,594: Master initialized: port[11311], uri[http://rafzarf:11311/]
[xmlrpc][INFO] 2024-07-27 16:07:23,594: xml rpc node: starting XML-RPC server
[rosmaster.master][INFO] 2024-07-27 16:07:23,611: +PARAM [/run_id] by /roslaunch
[rosmaster.master][INFO] 2024-07-27 16:07:23,612: +PARAM [/roslaunch/uris/host_rafzarf__40685] by /roslaunch
[rosmaster.master][INFO] 2024-07-27 16:07:23,634: +PARAM [/rosversion] by /roslaunch
[rosmaster.master][INFO] 2024-07-27 16:07:23,634: +PARAM [/rosdistro] by /roslaunch
[rosmaster.master][INFO] 2024-07-27 16:07:23,641: +SERVICE [/rosout/get_loggers] /rosout http://rafzarf:44497/
[rosmaster.master][INFO] 2024-07-27 16:07:23,642: +SERVICE [/rosout/set_logger_level] /rosout http://rafzarf:44497/
[rosmaster.master][INFO] 2024-07-27 16:07:23,642: +PUB [/rosout_agg] /rosout http://rafzarf:44497/
[rosmaster.master][INFO] 2024-07-27 16:07:23,643: +SUB [/rosout] /rosout http://rafzarf:44497/
[rosmaster.master][INFO] 2024-07-27 16:07:34,344: +PARAM [/roslaunch/uris/host_rafzarf__35029] by /roslaunch
[rosmaster.master][INFO] 2024-07-27 16:07:34,346: +PARAM [/rosversion] by /roslaunch
[rosmaster.master][INFO] 2024-07-27 16:07:34,347: +PARAM [/rosdistro] by /roslaunch
[rosmaster.master][INFO] 2024-07-27 16:07:34,347: +PARAM [/robot_description] by /roslaunch
[rosmaster.master][INFO] 2024-07-27 16:07:34,384: +PUB [/rosout] /robot_state_publisher http://rafzarf:44225/
[rosmaster.master][INFO] 2024-07-27 16:07:34,384: +SERVICE [/robot_state_publisher/get_loggers] /robot_state_publisher http://rafzarf:44225/
[rosmaster.master][INFO] 2024-07-27 16:07:34,384: +SERVICE [/robot_state_publisher/set_logger_level] /robot_state_publisher http://rafzarf:44225/
[rosmaster.master][INFO] 2024-07-27 16:07:34,386: +CACHEDPARAM [/rosout_disable_topics_generation] by /robot_state_publisher
[rosmaster.master][INFO] 2024-07-27 16:07:34,387: +PUB [/tf] /robot_state_publisher http://rafzarf:44225/
[rosmaster.master][INFO] 2024-07-27 16:07:34,388: +PUB [/tf_static] /robot_state_publisher http://rafzarf:44225/
[rosmaster.master][INFO] 2024-07-27 16:07:34,390: +SUB [/joint_states] /robot_state_publisher http://rafzarf:44225/
[rosmaster.master][INFO] 2024-07-27 16:07:34,412: publisherUpdate[/rosout] -> http://rafzarf:44497/ ['http://rafzarf:44225/']
[rosmaster.master][INFO] 2024-07-27 16:07:34,415: publisherUpdate[/rosout] -> http://rafzarf:44497/ ['http://rafzarf:44225/']: sec=0.00, result=[1, '', 0]
[rosmaster.master][INFO] 2024-07-27 16:07:34,516: +PUB [/rosout] /rviz http://rafzarf:46543/
[rosmaster.master][INFO] 2024-07-27 16:07:34,517: +SERVICE [/rviz/get_loggers] /rviz http://rafzarf:46543/
[rosmaster.master][INFO] 2024-07-27 16:07:34,518: +SERVICE [/rviz/set_logger_level] /rviz http://rafzarf:46543/
[rosmaster.master][INFO] 2024-07-27 16:07:34,519: +CACHEDPARAM [/rosout_disable_topics_generation] by /rviz
[rosmaster.master][INFO] 2024-07-27 16:07:34,612: publisherUpdate[/rosout] -> http://rafzarf:44497/ ['http://rafzarf:44225/', 'http://rafzarf:46543/']
[rosmaster.master][INFO] 2024-07-27 16:07:34,613: publisherUpdate[/rosout] -> http://rafzarf:44497/ ['http://rafzarf:44225/', 'http://rafzarf:46543/']: sec=0.00, result=[1, '', 0]
[rosmaster.master][INFO] 2024-07-27 16:07:34,682: +SUB [/tf] /rviz http://rafzarf:46543/
[rosmaster.master][INFO] 2024-07-27 16:07:34,683: +SUB [/tf_static] /rviz http://rafzarf:46543/
[rosmaster.master][INFO] 2024-07-27 16:07:34,711: +PUB [/initialpose] /rviz http://rafzarf:46543/
[rosmaster.master][INFO] 2024-07-27 16:07:34,712: +PUB [/goal] /rviz http://rafzarf:46543/
[rosmaster.master][INFO] 2024-07-27 16:07:34,716: -PUB [/goal] /rviz http://rafzarf:46543/
[rosmaster.master][INFO] 2024-07-27 16:07:34,716: -PUB [/initialpose] /rviz http://rafzarf:46543/
[rosmaster.master][INFO] 2024-07-27 16:07:34,719: +PUB [/initialpose] /rviz http://rafzarf:46543/
[rosmaster.master][INFO] 2024-07-27 16:07:34,720: +PUB [/goal] /rviz http://rafzarf:46543/
[rosmaster.master][INFO] 2024-07-27 16:07:34,720: +PUB [/move_base_simple/goal] /rviz http://rafzarf:46543/
[rosmaster.master][INFO] 2024-07-27 16:07:34,721: -PUB [/goal] /rviz http://rafzarf:46543/
[rosmaster.master][INFO] 2024-07-27 16:07:34,721: +PUB [/clicked_point] /rviz http://rafzarf:46543/
[rosmaster.master][INFO] 2024-07-27 16:07:34,743: +PUB [/rosout] /joint_state_publisher_gui http://rafzarf:37351/
[rosmaster.master][INFO] 2024-07-27 16:07:34,743: +SERVICE [/rviz/reload_shaders] /rviz http://rafzarf:46543/
[rosmaster.master][INFO] 2024-07-27 16:07:34,743: +SERVICE [/rviz/load_config] /rviz http://rafzarf:46543/
[rosmaster.master][INFO] 2024-07-27 16:07:34,743: +SERVICE [/rviz/load_config_discarding_changes] /rviz http://rafzarf:46543/
[rosmaster.master][INFO] 2024-07-27 16:07:34,744: +SERVICE [/rviz/save_config] /rviz http://rafzarf:46543/
[rosmaster.master][INFO] 2024-07-27 16:07:34,745: +SERVICE [/joint_state_publisher_gui/get_loggers] /joint_state_publisher_gui http://rafzarf:37351/
[rosmaster.master][INFO] 2024-07-27 16:07:34,745: +SERVICE [/joint_state_publisher_gui/set_logger_level] /joint_state_publisher_gui http://rafzarf:37351/
[rosmaster.master][INFO] 2024-07-27 16:07:34,813: publisherUpdate[/rosout] -> http://rafzarf:44497/ ['http://rafzarf:44225/', 'http://rafzarf:46543/', 'http://rafzarf:37351/']
[rosmaster.master][INFO] 2024-07-27 16:07:34,813: publisherUpdate[/rosout] -> http://rafzarf:44497/ ['http://rafzarf:44225/', 'http://rafzarf:46543/', 'http://rafzarf:37351/']: sec=0.00, result=[1, '', 0]
[rosmaster.master][INFO] 2024-07-27 16:07:34,814: +PUB [/joint_states] /joint_state_publisher_gui http://rafzarf:37351/
[rosmaster.master][INFO] 2024-07-27 16:07:34,816: publisherUpdate[/joint_states] -> http://rafzarf:44225/ ['http://rafzarf:37351/']
[rosmaster.master][INFO] 2024-07-27 16:07:34,817: publisherUpdate[/joint_states] -> http://rafzarf:44225/ ['http://rafzarf:37351/']: sec=0.00, result=[1, '', 0]
[rosmaster.master][INFO] 2024-07-27 16:07:34,859: +CACHEDPARAM [/rosout_disable_topics_generation] by /joint_state_publisher_gui
[rosmaster.master][INFO] 2024-07-27 16:07:35,017: +CACHEDPARAM [/rosout/omit_topics] by /rosout
[rosmaster.master][INFO] 2024-07-27 16:07:38,191: +CACHEDPARAM [/rosout_disable_topics_generation] by /joint_state_publisher_gui
[rosmaster.master][INFO] 2024-07-27 16:08:12,014: +CACHEDPARAM [/rosout_disable_topics_generation] by /joint_state_publisher_gui
[rosmaster.master][INFO] 2024-07-27 16:08:12,444: +CACHEDPARAM [/rosout_disable_topics_generation] by /joint_state_publisher_gui
[rosmaster.master][INFO] 2024-07-27 16:08:12,839: +CACHEDPARAM [/rosout_disable_topics_generation] by /joint_state_publisher_gui
[rosmaster.master][INFO] 2024-07-27 16:08:13,417: +CACHEDPARAM [/rosout_disable_topics_generation] by /joint_state_publisher_gui
[rosmaster.master][INFO] 2024-07-27 16:08:13,838: +CACHEDPARAM [/rosout_disable_topics_generation] by /joint_state_publisher_gui
[rosmaster.master][INFO] 2024-07-27 16:08:14,133: +CACHEDPARAM [/rosout_disable_topics_generation] by /joint_state_publisher_gui
[rosmaster.master][INFO] 2024-07-27 16:08:17,832: -PUB [/clicked_point] /rviz http://rafzarf:46543/
[rosmaster.master][INFO] 2024-07-27 16:08:17,833: -PUB [/move_base_simple/goal] /rviz http://rafzarf:46543/
[rosmaster.master][INFO] 2024-07-27 16:08:17,834: -PUB [/initialpose] /rviz http://rafzarf:46543/
[rosmaster.master][INFO] 2024-07-27 16:08:17,838: -SUB [/tf_static] /rviz http://rafzarf:46543/
[rosmaster.master][INFO] 2024-07-27 16:08:17,839: -SUB [/tf] /rviz http://rafzarf:46543/
[rosmaster.master][INFO] 2024-07-27 16:08:17,842: -SERVICE [/rviz/save_config] /rviz rosrpc://rafzarf:50943
[rosmaster.master][INFO] 2024-07-27 16:08:17,842: -SERVICE [/rviz/load_config_discarding_changes] /rviz rosrpc://rafzarf:50943
[rosmaster.master][INFO] 2024-07-27 16:08:17,843: -SERVICE [/rviz/load_config] /rviz rosrpc://rafzarf:50943
[rosmaster.master][INFO] 2024-07-27 16:08:17,843: -SERVICE [/rviz/reload_shaders] /rviz rosrpc://rafzarf:50943
[rosmaster.master][INFO] 2024-07-27 16:08:17,979: -PUB [/rosout] /rviz http://rafzarf:46543/
[rosmaster.master][INFO] 2024-07-27 16:08:17,980: -SERVICE [/rviz/get_loggers] /rviz rosrpc://rafzarf:50943
[rosmaster.master][INFO] 2024-07-27 16:08:17,981: -SERVICE [/rviz/set_logger_level] /rviz rosrpc://rafzarf:50943
[rosmaster.master][INFO] 2024-07-27 16:08:17,982: -CACHEDPARAM [/rosout_disable_topics_generation] by /rviz
[rosmaster.master][INFO] 2024-07-27 16:08:17,984: publisherUpdate[/rosout] -> http://rafzarf:44497/ ['http://rafzarf:44225/', 'http://rafzarf:37351/']
[rosmaster.master][INFO] 2024-07-27 16:08:17,986: publisherUpdate[/rosout] -> http://rafzarf:44497/ ['http://rafzarf:44225/', 'http://rafzarf:37351/']: sec=0.00, result=[1, '', 0]
[rosmaster.master][INFO] 2024-07-27 16:08:18,282: -PUB [/rosout] /robot_state_publisher http://rafzarf:44225/
[rosmaster.master][INFO] 2024-07-27 16:08:18,283: -PUB [/tf] /robot_state_publisher http://rafzarf:44225/
[rosmaster.master][INFO] 2024-07-27 16:08:18,283: -PUB [/tf_static] /robot_state_publisher http://rafzarf:44225/
[rosmaster.master][INFO] 2024-07-27 16:08:18,283: -SUB [/joint_states] /robot_state_publisher http://rafzarf:44225/
[rosmaster.master][INFO] 2024-07-27 16:08:18,283: -SERVICE [/robot_state_publisher/get_loggers] /robot_state_publisher rosrpc://rafzarf:58491
[rosmaster.master][INFO] 2024-07-27 16:08:18,284: -SERVICE [/robot_state_publisher/set_logger_level] /robot_state_publisher rosrpc://rafzarf:58491
[rosmaster.master][INFO] 2024-07-27 16:08:18,284: -CACHEDPARAM [/rosout_disable_topics_generation] by /robot_state_publisher
[rosmaster.master][INFO] 2024-07-27 16:08:18,285: publisherUpdate[/rosout] -> http://rafzarf:44497/ ['http://rafzarf:37351/']
[rosmaster.master][INFO] 2024-07-27 16:08:18,285: publisherUpdate[/rosout] -> http://rafzarf:44497/ ['http://rafzarf:37351/']: sec=0.00, result=[1, '', 0]
[rosmaster.master][INFO] 2024-07-27 16:09:33,404: -PUB [/rosout_agg] /rosout http://rafzarf:44497/
[rosmaster.master][INFO] 2024-07-27 16:09:33,404: -SUB [/rosout] /rosout http://rafzarf:44497/
[rosmaster.master][INFO] 2024-07-27 16:09:33,404: -SERVICE [/rosout/get_loggers] /rosout rosrpc://rafzarf:47981
[rosmaster.master][INFO] 2024-07-27 16:09:33,405: -SERVICE [/rosout/set_logger_level] /rosout rosrpc://rafzarf:47981
[rosmaster.master][INFO] 2024-07-27 16:09:33,405: -CACHEDPARAM [/rosout/omit_topics] by /rosout
[rosmaster.main][INFO] 2024-07-27 16:09:33,468: keyboard interrupt, will exit
[rosmaster.main][INFO] 2024-07-27 16:09:33,468: stopping master...
[rospy.core][INFO] 2024-07-27 16:09:33,468: signal_shutdown [atexit]
