[rosmaster.main][INFO] 2024-07-27 16:10:56,002: initialization complete, waiting for shutdown
[rosmaster.main][INFO] 2024-07-27 16:10:56,002: Starting ROS Master Node
[xmlrpc][INFO] 2024-07-27 16:10:56,003: XML-RPC server binding to 0.0.0.0:11311
[xmlrpc][INFO] 2024-07-27 16:10:56,003: Started XML-RPC server [http://rafzarf:11311/]
[rosmaster.master][INFO] 2024-07-27 16:10:56,003: Master initialized: port[11311], uri[http://rafzarf:11311/]
[xmlrpc][INFO] 2024-07-27 16:10:56,003: xml rpc node: starting XML-RPC server
[rosmaster.master][INFO] 2024-07-27 16:10:56,099: +PARAM [/run_id] by /roslaunch
[rosmaster.master][INFO] 2024-07-27 16:10:56,100: +PARAM [/roslaunch/uris/host_rafzarf__33179] by /roslaunch
[rosmaster.master][INFO] 2024-07-27 16:10:56,130: +PARAM [/rosversion] by /roslaunch
[rosmaster.master][INFO] 2024-07-27 16:10:56,130: +PARAM [/rosdistro] by /roslaunch
[rosmaster.master][INFO] 2024-07-27 16:10:56,137: +SERVICE [/rosout/get_loggers] /rosout http://rafzarf:38985/
[rosmaster.master][INFO] 2024-07-27 16:10:56,138: +SERVICE [/rosout/set_logger_level] /rosout http://rafzarf:38985/
[rosmaster.master][INFO] 2024-07-27 16:10:56,138: +PUB [/rosout_agg] /rosout http://rafzarf:38985/
[rosmaster.master][INFO] 2024-07-27 16:10:56,139: +SUB [/rosout] /rosout http://rafzarf:38985/
[rosmaster.master][INFO] 2024-07-27 16:10:56,380: +PUB [/rosout] /gazebo http://rafzarf:42307/
[rosmaster.master][INFO] 2024-07-27 16:10:56,381: +SERVICE [/gazebo/get_loggers] /gazebo http://rafzarf:42307/
[rosmaster.master][INFO] 2024-07-27 16:10:56,381: +SERVICE [/gazebo/set_logger_level] /gazebo http://rafzarf:42307/
[rosmaster.master][INFO] 2024-07-27 16:10:56,383: +CACHEDPARAM [/rosout_disable_topics_generation] by /gazebo
[rosmaster.master][INFO] 2024-07-27 16:10:56,404: publisherUpdate[/rosout] -> http://rafzarf:38985/ ['http://rafzarf:42307/']
[rosmaster.master][INFO] 2024-07-27 16:10:56,407: publisherUpdate[/rosout] -> http://rafzarf:38985/ ['http://rafzarf:42307/']: sec=0.00, result=[1, '', 0]
[rosmaster.master][INFO] 2024-07-27 16:10:56,655: +PUB [/clock] /gazebo http://rafzarf:42307/
[rosmaster.master][INFO] 2024-07-27 16:10:56,656: +SERVICE [/gazebo/spawn_sdf_model] /gazebo http://rafzarf:42307/
[rosmaster.master][INFO] 2024-07-27 16:10:56,656: +SERVICE [/gazebo/spawn_urdf_model] /gazebo http://rafzarf:42307/
[rosmaster.master][INFO] 2024-07-27 16:10:56,657: +SERVICE [/gazebo/delete_model] /gazebo http://rafzarf:42307/
[rosmaster.master][INFO] 2024-07-27 16:10:56,657: +SERVICE [/gazebo/delete_light] /gazebo http://rafzarf:42307/
[rosmaster.master][INFO] 2024-07-27 16:10:56,657: +SERVICE [/gazebo/get_model_properties] /gazebo http://rafzarf:42307/
[rosmaster.master][INFO] 2024-07-27 16:10:56,657: +SERVICE [/gazebo/get_model_state] /gazebo http://rafzarf:42307/
[rosmaster.master][INFO] 2024-07-27 16:10:56,657: +SERVICE [/gazebo/get_world_properties] /gazebo http://rafzarf:42307/
[rosmaster.master][INFO] 2024-07-27 16:10:56,658: +SERVICE [/gazebo/get_joint_properties] /gazebo http://rafzarf:42307/
[rosmaster.master][INFO] 2024-07-27 16:10:56,658: +SERVICE [/gazebo/get_link_properties] /gazebo http://rafzarf:42307/
[rosmaster.master][INFO] 2024-07-27 16:10:56,658: +SERVICE [/gazebo/get_link_state] /gazebo http://rafzarf:42307/
[rosmaster.master][INFO] 2024-07-27 16:10:56,658: +SERVICE [/gazebo/get_light_properties] /gazebo http://rafzarf:42307/
[rosmaster.master][INFO] 2024-07-27 16:10:56,659: +SERVICE [/gazebo/set_light_properties] /gazebo http://rafzarf:42307/
[rosmaster.master][INFO] 2024-07-27 16:10:56,659: +SERVICE [/gazebo/get_physics_properties] /gazebo http://rafzarf:42307/
[rosmaster.master][INFO] 2024-07-27 16:10:56,659: +PUB [/gazebo/link_states] /gazebo http://rafzarf:42307/
[rosmaster.master][INFO] 2024-07-27 16:10:56,659: +PUB [/gazebo/model_states] /gazebo http://rafzarf:42307/
[rosmaster.master][INFO] 2024-07-27 16:10:56,659: +PUB [/gazebo/performance_metrics] /gazebo http://rafzarf:42307/
[rosmaster.master][INFO] 2024-07-27 16:10:56,659: +SERVICE [/gazebo/set_link_properties] /gazebo http://rafzarf:42307/
[rosmaster.master][INFO] 2024-07-27 16:10:56,660: +SERVICE [/gazebo/set_physics_properties] /gazebo http://rafzarf:42307/
[rosmaster.master][INFO] 2024-07-27 16:10:56,660: +SERVICE [/gazebo/set_model_state] /gazebo http://rafzarf:42307/
[rosmaster.master][INFO] 2024-07-27 16:10:56,660: +SERVICE [/gazebo/set_model_configuration] /gazebo http://rafzarf:42307/
[rosmaster.master][INFO] 2024-07-27 16:10:56,660: +SERVICE [/gazebo/set_joint_properties] /gazebo http://rafzarf:42307/
[rosmaster.master][INFO] 2024-07-27 16:10:56,660: +SERVICE [/gazebo/set_link_state] /gazebo http://rafzarf:42307/
[rosmaster.master][INFO] 2024-07-27 16:10:56,661: +SUB [/gazebo/set_link_state] /gazebo http://rafzarf:42307/
[rosmaster.master][INFO] 2024-07-27 16:10:56,662: +SUB [/gazebo/set_model_state] /gazebo http://rafzarf:42307/
[rosmaster.master][INFO] 2024-07-27 16:10:56,662: +SERVICE [/gazebo/pause_physics] /gazebo http://rafzarf:42307/
[rosmaster.master][INFO] 2024-07-27 16:10:56,663: +SERVICE [/gazebo/unpause_physics] /gazebo http://rafzarf:42307/
[rosmaster.master][INFO] 2024-07-27 16:10:56,663: +SERVICE [/gazebo/apply_body_wrench] /gazebo http://rafzarf:42307/
[rosmaster.master][INFO] 2024-07-27 16:10:56,663: +SERVICE [/gazebo/apply_joint_effort] /gazebo http://rafzarf:42307/
[rosmaster.master][INFO] 2024-07-27 16:10:56,663: +SERVICE [/gazebo/clear_joint_forces] /gazebo http://rafzarf:42307/
[rosmaster.master][INFO] 2024-07-27 16:10:56,663: +SERVICE [/gazebo/clear_body_wrenches] /gazebo http://rafzarf:42307/
[rosmaster.master][INFO] 2024-07-27 16:10:56,664: +SERVICE [/gazebo/reset_simulation] /gazebo http://rafzarf:42307/
[rosmaster.master][INFO] 2024-07-27 16:10:56,664: +SERVICE [/gazebo/reset_world] /gazebo http://rafzarf:42307/
[rosmaster.master][INFO] 2024-07-27 16:10:56,664: +PARAM [/use_sim_time] by /gazebo
[rosmaster.master][INFO] 2024-07-27 16:10:56,673: +CACHEDPARAM [/rosout/omit_topics] by /rosout
[rosmaster.master][INFO] 2024-07-27 16:10:56,674: +SERVICE [/gazebo/set_parameters] /gazebo http://rafzarf:42307/
[rosmaster.master][INFO] 2024-07-27 16:10:56,674: +PUB [/gazebo/parameter_descriptions] /gazebo http://rafzarf:42307/
[rosmaster.master][INFO] 2024-07-27 16:10:56,675: +PUB [/gazebo/parameter_updates] /gazebo http://rafzarf:42307/
[rosmaster.master][INFO] 2024-07-27 16:10:56,677: +PARAM [/gazebo/time_step] by /gazebo
[rosmaster.master][INFO] 2024-07-27 16:10:56,677: +PARAM [/gazebo/max_update_rate] by /gazebo
[rosmaster.master][INFO] 2024-07-27 16:10:56,677: +PARAM [/gazebo/gravity_x] by /gazebo
[rosmaster.master][INFO] 2024-07-27 16:10:56,677: +PARAM [/gazebo/gravity_y] by /gazebo
[rosmaster.master][INFO] 2024-07-27 16:10:56,678: +PARAM [/gazebo/gravity_z] by /gazebo
[rosmaster.master][INFO] 2024-07-27 16:10:56,678: +PARAM [/gazebo/auto_disable_bodies] by /gazebo
[rosmaster.master][INFO] 2024-07-27 16:10:56,678: +PARAM [/gazebo/sor_pgs_precon_iters] by /gazebo
[rosmaster.master][INFO] 2024-07-27 16:10:56,678: +PARAM [/gazebo/sor_pgs_iters] by /gazebo
[rosmaster.master][INFO] 2024-07-27 16:10:56,678: +PARAM [/gazebo/sor_pgs_w] by /gazebo
[rosmaster.master][INFO] 2024-07-27 16:10:56,679: +PARAM [/gazebo/sor_pgs_rms_error_tol] by /gazebo
[rosmaster.master][INFO] 2024-07-27 16:10:56,679: +PARAM [/gazebo/cfm] by /gazebo
[rosmaster.master][INFO] 2024-07-27 16:10:56,679: +PARAM [/gazebo/erp] by /gazebo
[rosmaster.master][INFO] 2024-07-27 16:10:56,679: +PARAM [/gazebo/contact_surface_layer] by /gazebo
[rosmaster.master][INFO] 2024-07-27 16:10:56,679: +PARAM [/gazebo/contact_max_correcting_vel] by /gazebo
[rosmaster.master][INFO] 2024-07-27 16:10:56,680: +PARAM [/gazebo/max_contacts] by /gazebo
[rosmaster.master][INFO] 2024-07-27 16:10:56,681: +PARAM [/gazebo/time_step] by /gazebo
[rosmaster.master][INFO] 2024-07-27 16:10:56,681: +PARAM [/gazebo/max_update_rate] by /gazebo
[rosmaster.master][INFO] 2024-07-27 16:10:56,682: +PARAM [/gazebo/gravity_x] by /gazebo
[rosmaster.master][INFO] 2024-07-27 16:10:56,682: +PARAM [/gazebo/gravity_y] by /gazebo
[rosmaster.master][INFO] 2024-07-27 16:10:56,682: +PARAM [/gazebo/gravity_z] by /gazebo
[rosmaster.master][INFO] 2024-07-27 16:10:56,682: +PARAM [/gazebo/auto_disable_bodies] by /gazebo
[rosmaster.master][INFO] 2024-07-27 16:10:56,682: +PARAM [/gazebo/sor_pgs_precon_iters] by /gazebo
[rosmaster.master][INFO] 2024-07-27 16:10:56,682: +PARAM [/gazebo/sor_pgs_iters] by /gazebo
[rosmaster.master][INFO] 2024-07-27 16:10:56,683: +PARAM [/gazebo/sor_pgs_w] by /gazebo
[rosmaster.master][INFO] 2024-07-27 16:10:56,683: +PARAM [/gazebo/sor_pgs_rms_error_tol] by /gazebo
[rosmaster.master][INFO] 2024-07-27 16:10:56,683: +PARAM [/gazebo/cfm] by /gazebo
[rosmaster.master][INFO] 2024-07-27 16:10:56,683: +PARAM [/gazebo/erp] by /gazebo
[rosmaster.master][INFO] 2024-07-27 16:10:56,683: +PARAM [/gazebo/contact_surface_layer] by /gazebo
[rosmaster.master][INFO] 2024-07-27 16:10:56,684: +PARAM [/gazebo/contact_max_correcting_vel] by /gazebo
[rosmaster.master][INFO] 2024-07-27 16:10:56,684: +PARAM [/gazebo/max_contacts] by /gazebo
[rosmaster.master][INFO] 2024-07-27 16:11:57,732: -SUB [/gazebo/set_link_state] /gazebo http://rafzarf:42307/
[rosmaster.master][INFO] 2024-07-27 16:11:57,733: -SUB [/gazebo/set_model_state] /gazebo http://rafzarf:42307/
[rosmaster.master][INFO] 2024-07-27 16:11:57,738: -PUB [/clock] /gazebo http://rafzarf:42307/
[rosmaster.master][INFO] 2024-07-27 16:11:57,740: -PUB [/gazebo/link_states] /gazebo http://rafzarf:42307/
[rosmaster.master][INFO] 2024-07-27 16:11:57,740: -PUB [/gazebo/model_states] /gazebo http://rafzarf:42307/
[rosmaster.master][INFO] 2024-07-27 16:11:57,741: -PUB [/gazebo/performance_metrics] /gazebo http://rafzarf:42307/
[rosmaster.master][INFO] 2024-07-27 16:11:57,742: -SERVICE [/gazebo/spawn_sdf_model] /gazebo rosrpc://rafzarf:46071
[rosmaster.master][INFO] 2024-07-27 16:11:57,743: -SERVICE [/gazebo/spawn_urdf_model] /gazebo rosrpc://rafzarf:46071
[rosmaster.master][INFO] 2024-07-27 16:11:57,743: -SERVICE [/gazebo/delete_model] /gazebo rosrpc://rafzarf:46071
[rosmaster.master][INFO] 2024-07-27 16:11:57,744: -SERVICE [/gazebo/delete_light] /gazebo rosrpc://rafzarf:46071
[rosmaster.master][INFO] 2024-07-27 16:11:57,745: -SERVICE [/gazebo/get_model_properties] /gazebo rosrpc://rafzarf:46071
[rosmaster.master][INFO] 2024-07-27 16:11:57,746: -SERVICE [/gazebo/get_model_state] /gazebo rosrpc://rafzarf:46071
[rosmaster.master][INFO] 2024-07-27 16:11:57,747: -SERVICE [/gazebo/get_world_properties] /gazebo rosrpc://rafzarf:46071
[rosmaster.master][INFO] 2024-07-27 16:11:57,748: -SERVICE [/gazebo/get_joint_properties] /gazebo rosrpc://rafzarf:46071
[rosmaster.master][INFO] 2024-07-27 16:11:57,748: -SERVICE [/gazebo/get_link_properties] /gazebo rosrpc://rafzarf:46071
[rosmaster.master][INFO] 2024-07-27 16:11:57,749: -SERVICE [/gazebo/get_link_state] /gazebo rosrpc://rafzarf:46071
[rosmaster.master][INFO] 2024-07-27 16:11:57,749: -SERVICE [/gazebo/get_light_properties] /gazebo rosrpc://rafzarf:46071
[rosmaster.master][INFO] 2024-07-27 16:11:57,750: -SERVICE [/gazebo/set_light_properties] /gazebo rosrpc://rafzarf:46071
[rosmaster.master][INFO] 2024-07-27 16:11:57,750: -SERVICE [/gazebo/get_physics_properties] /gazebo rosrpc://rafzarf:46071
[rosmaster.master][INFO] 2024-07-27 16:11:57,751: -SERVICE [/gazebo/set_link_properties] /gazebo rosrpc://rafzarf:46071
[rosmaster.master][INFO] 2024-07-27 16:11:57,751: -SERVICE [/gazebo/set_physics_properties] /gazebo rosrpc://rafzarf:46071
[rosmaster.master][INFO] 2024-07-27 16:11:57,752: -SERVICE [/gazebo/set_model_state] /gazebo rosrpc://rafzarf:46071
[rosmaster.master][INFO] 2024-07-27 16:11:57,753: -SERVICE [/gazebo/set_model_configuration] /gazebo rosrpc://rafzarf:46071
[rosmaster.master][INFO] 2024-07-27 16:11:57,754: -SERVICE [/gazebo/set_joint_properties] /gazebo rosrpc://rafzarf:46071
[rosmaster.master][INFO] 2024-07-27 16:11:57,755: -SERVICE [/gazebo/set_link_state] /gazebo rosrpc://rafzarf:46071
[rosmaster.master][INFO] 2024-07-27 16:11:57,756: -SERVICE [/gazebo/pause_physics] /gazebo rosrpc://rafzarf:46071
[rosmaster.master][INFO] 2024-07-27 16:11:57,756: -SERVICE [/gazebo/unpause_physics] /gazebo rosrpc://rafzarf:46071
[rosmaster.master][INFO] 2024-07-27 16:11:57,757: -SERVICE [/gazebo/apply_body_wrench] /gazebo rosrpc://rafzarf:46071
[rosmaster.master][INFO] 2024-07-27 16:11:57,758: -SERVICE [/gazebo/apply_joint_effort] /gazebo rosrpc://rafzarf:46071
[rosmaster.master][INFO] 2024-07-27 16:11:57,758: -SERVICE [/gazebo/clear_joint_forces] /gazebo rosrpc://rafzarf:46071
[rosmaster.master][INFO] 2024-07-27 16:11:57,759: -SERVICE [/gazebo/clear_body_wrenches] /gazebo rosrpc://rafzarf:46071
[rosmaster.master][INFO] 2024-07-27 16:11:57,760: -SERVICE [/gazebo/reset_simulation] /gazebo rosrpc://rafzarf:46071
[rosmaster.master][INFO] 2024-07-27 16:11:57,760: -SERVICE [/gazebo/reset_world] /gazebo rosrpc://rafzarf:46071
[rosmaster.master][INFO] 2024-07-27 16:11:57,762: -PUB [/gazebo/parameter_descriptions] /gazebo http://rafzarf:42307/
[rosmaster.master][INFO] 2024-07-27 16:11:57,762: -PUB [/gazebo/parameter_updates] /gazebo http://rafzarf:42307/
[rosmaster.master][INFO] 2024-07-27 16:11:57,762: -SERVICE [/gazebo/set_parameters] /gazebo rosrpc://rafzarf:46071
[rosmaster.master][INFO] 2024-07-27 16:11:57,893: -PUB [/rosout] /gazebo http://rafzarf:42307/
[rosmaster.master][INFO] 2024-07-27 16:11:57,894: -SERVICE [/gazebo/get_loggers] /gazebo rosrpc://rafzarf:46071
[rosmaster.master][INFO] 2024-07-27 16:11:57,894: -SERVICE [/gazebo/set_logger_level] /gazebo rosrpc://rafzarf:46071
[rosmaster.master][INFO] 2024-07-27 16:11:57,895: -CACHEDPARAM [/rosout_disable_topics_generation] by /gazebo
[rosmaster.master][INFO] 2024-07-27 16:11:57,904: publisherUpdate[/rosout] -> http://rafzarf:38985/ []
[rosmaster.master][INFO] 2024-07-27 16:11:57,905: publisherUpdate[/rosout] -> http://rafzarf:38985/ []: sec=0.00, result=[1, '', 0]
[rosmaster.master][INFO] 2024-07-27 16:31:05,379: +PARAM [/roslaunch/uris/host_rafzarf__40097] by /roslaunch
[rosmaster.master][INFO] 2024-07-27 16:31:05,382: +PARAM [/rosversion] by /roslaunch
[rosmaster.master][INFO] 2024-07-27 16:31:05,382: +PARAM [/rosdistro] by /roslaunch
[rosmaster.master][INFO] 2024-07-27 16:31:05,382: +PARAM [/use_sim_time] by /roslaunch
[rosmaster.master][INFO] 2024-07-27 16:31:05,382: +PARAM [/gazebo/enable_ros_network] by /roslaunch
[rosmaster.master][INFO] 2024-07-27 16:31:05,382: +PARAM [/robot_description] by /roslaunch
[rosmaster.master][INFO] 2024-07-27 16:31:05,812: +PUB [/rosout] /urdf_spawner http://rafzarf:44685/
[rosmaster.master][INFO] 2024-07-27 16:31:05,814: +SUB [/clock] /urdf_spawner http://rafzarf:44685/
[rosmaster.master][INFO] 2024-07-27 16:31:05,815: +SERVICE [/urdf_spawner/get_loggers] /urdf_spawner http://rafzarf:44685/
[rosmaster.master][INFO] 2024-07-27 16:31:05,815: +SERVICE [/urdf_spawner/set_logger_level] /urdf_spawner http://rafzarf:44685/
[rosmaster.master][INFO] 2024-07-27 16:31:05,816: +CACHEDPARAM [/rosout_disable_topics_generation] by /urdf_spawner
[rosmaster.master][INFO] 2024-07-27 16:31:05,827: +CACHEDPARAM [/rosout_disable_topics_generation] by /urdf_spawner
[rosmaster.master][INFO] 2024-07-27 16:31:05,875: +PUB [/rosout] /gazebo http://rafzarf:38899/
[rosmaster.master][INFO] 2024-07-27 16:31:05,875: +SERVICE [/gazebo/get_loggers] /gazebo http://rafzarf:38899/
[rosmaster.master][INFO] 2024-07-27 16:31:05,876: +SERVICE [/gazebo/set_logger_level] /gazebo http://rafzarf:38899/
[rosmaster.master][INFO] 2024-07-27 16:31:05,877: +SUB [/clock] /gazebo http://rafzarf:38899/
[rosmaster.master][INFO] 2024-07-27 16:31:05,878: +CACHEDPARAM [/rosout_disable_topics_generation] by /gazebo
[rosmaster.master][INFO] 2024-07-27 16:31:05,881: publisherUpdate[/rosout] -> http://rafzarf:38985/ ['http://rafzarf:44685/']
[rosmaster.master][INFO] 2024-07-27 16:31:05,882: publisherUpdate[/rosout] -> http://rafzarf:38985/ ['http://rafzarf:44685/']: sec=0.00, result=[1, '', 0]
[rosmaster.master][INFO] 2024-07-27 16:31:05,882: publisherUpdate[/rosout] -> http://rafzarf:38985/ ['http://rafzarf:44685/', 'http://rafzarf:38899/']
[rosmaster.master][INFO] 2024-07-27 16:31:05,882: publisherUpdate[/rosout] -> http://rafzarf:38985/ ['http://rafzarf:44685/', 'http://rafzarf:38899/']: sec=0.00, result=[1, '', 0]
[rosmaster.master][INFO] 2024-07-27 16:31:05,924: +PUB [/rosout] /gazebo_gui http://rafzarf:43079/
[rosmaster.master][INFO] 2024-07-27 16:31:05,925: +SERVICE [/gazebo_gui/get_loggers] /gazebo_gui http://rafzarf:43079/
[rosmaster.master][INFO] 2024-07-27 16:31:05,925: +SERVICE [/gazebo_gui/set_logger_level] /gazebo_gui http://rafzarf:43079/
[rosmaster.master][INFO] 2024-07-27 16:31:05,926: +SUB [/clock] /gazebo_gui http://rafzarf:43079/
[rosmaster.master][INFO] 2024-07-27 16:31:05,928: +CACHEDPARAM [/rosout_disable_topics_generation] by /gazebo_gui
[rosmaster.master][INFO] 2024-07-27 16:31:05,982: publisherUpdate[/rosout] -> http://rafzarf:38985/ ['http://rafzarf:44685/', 'http://rafzarf:38899/', 'http://rafzarf:43079/']
[rosmaster.master][INFO] 2024-07-27 16:31:05,983: publisherUpdate[/rosout] -> http://rafzarf:38985/ ['http://rafzarf:44685/', 'http://rafzarf:38899/', 'http://rafzarf:43079/']: sec=0.00, result=[1, '', 0]
[rosmaster.master][INFO] 2024-07-27 16:31:06,145: +PUB [/clock] /gazebo http://rafzarf:38899/
[rosmaster.master][INFO] 2024-07-27 16:31:06,145: +SERVICE [/gazebo/spawn_sdf_model] /gazebo http://rafzarf:38899/
[rosmaster.master][INFO] 2024-07-27 16:31:06,146: +SERVICE [/gazebo/spawn_urdf_model] /gazebo http://rafzarf:38899/
[rosmaster.master][INFO] 2024-07-27 16:31:06,146: +SERVICE [/gazebo/delete_model] /gazebo http://rafzarf:38899/
[rosmaster.master][INFO] 2024-07-27 16:31:06,147: +SERVICE [/gazebo/delete_light] /gazebo http://rafzarf:38899/
[rosmaster.master][INFO] 2024-07-27 16:31:06,147: +SERVICE [/gazebo/get_model_properties] /gazebo http://rafzarf:38899/
[rosmaster.master][INFO] 2024-07-27 16:31:06,147: +SERVICE [/gazebo/get_model_state] /gazebo http://rafzarf:38899/
[rosmaster.master][INFO] 2024-07-27 16:31:06,147: +SERVICE [/gazebo/get_world_properties] /gazebo http://rafzarf:38899/
[rosmaster.master][INFO] 2024-07-27 16:31:06,148: +SERVICE [/gazebo/get_joint_properties] /gazebo http://rafzarf:38899/
[rosmaster.master][INFO] 2024-07-27 16:31:06,148: +SERVICE [/gazebo/get_link_properties] /gazebo http://rafzarf:38899/
[rosmaster.master][INFO] 2024-07-27 16:31:06,148: +SERVICE [/gazebo/get_link_state] /gazebo http://rafzarf:38899/
[rosmaster.master][INFO] 2024-07-27 16:31:06,148: +SERVICE [/gazebo/get_light_properties] /gazebo http://rafzarf:38899/
[rosmaster.master][INFO] 2024-07-27 16:31:06,148: +SERVICE [/gazebo/set_light_properties] /gazebo http://rafzarf:38899/
[rosmaster.master][INFO] 2024-07-27 16:31:06,149: +SERVICE [/gazebo/get_physics_properties] /gazebo http://rafzarf:38899/
[rosmaster.master][INFO] 2024-07-27 16:31:06,149: +PUB [/gazebo/link_states] /gazebo http://rafzarf:38899/
[rosmaster.master][INFO] 2024-07-27 16:31:06,149: +PUB [/gazebo/model_states] /gazebo http://rafzarf:38899/
[rosmaster.master][INFO] 2024-07-27 16:31:06,149: +PUB [/gazebo/performance_metrics] /gazebo http://rafzarf:38899/
[rosmaster.master][INFO] 2024-07-27 16:31:06,149: +SERVICE [/gazebo/set_link_properties] /gazebo http://rafzarf:38899/
[rosmaster.master][INFO] 2024-07-27 16:31:06,150: +SERVICE [/gazebo/set_physics_properties] /gazebo http://rafzarf:38899/
[rosmaster.master][INFO] 2024-07-27 16:31:06,150: +SERVICE [/gazebo/set_model_state] /gazebo http://rafzarf:38899/
[rosmaster.master][INFO] 2024-07-27 16:31:06,150: +SERVICE [/gazebo/set_model_configuration] /gazebo http://rafzarf:38899/
[rosmaster.master][INFO] 2024-07-27 16:31:06,150: +SERVICE [/gazebo/set_joint_properties] /gazebo http://rafzarf:38899/
[rosmaster.master][INFO] 2024-07-27 16:31:06,150: +SERVICE [/gazebo/set_link_state] /gazebo http://rafzarf:38899/
[rosmaster.master][INFO] 2024-07-27 16:31:06,151: +SUB [/gazebo/set_link_state] /gazebo http://rafzarf:38899/
[rosmaster.master][INFO] 2024-07-27 16:31:06,152: +SUB [/gazebo/set_model_state] /gazebo http://rafzarf:38899/
[rosmaster.master][INFO] 2024-07-27 16:31:06,152: +SERVICE [/gazebo/pause_physics] /gazebo http://rafzarf:38899/
[rosmaster.master][INFO] 2024-07-27 16:31:06,152: +SERVICE [/gazebo/unpause_physics] /gazebo http://rafzarf:38899/
[rosmaster.master][INFO] 2024-07-27 16:31:06,153: +SERVICE [/gazebo/apply_body_wrench] /gazebo http://rafzarf:38899/
[rosmaster.master][INFO] 2024-07-27 16:31:06,153: +SERVICE [/gazebo/apply_joint_effort] /gazebo http://rafzarf:38899/
[rosmaster.master][INFO] 2024-07-27 16:31:06,153: +SERVICE [/gazebo/clear_joint_forces] /gazebo http://rafzarf:38899/
[rosmaster.master][INFO] 2024-07-27 16:31:06,153: +SERVICE [/gazebo/clear_body_wrenches] /gazebo http://rafzarf:38899/
[rosmaster.master][INFO] 2024-07-27 16:31:06,153: +SERVICE [/gazebo/reset_simulation] /gazebo http://rafzarf:38899/
[rosmaster.master][INFO] 2024-07-27 16:31:06,153: +SERVICE [/gazebo/reset_world] /gazebo http://rafzarf:38899/
[rosmaster.master][INFO] 2024-07-27 16:31:06,169: +SERVICE [/gazebo/set_parameters] /gazebo http://rafzarf:38899/
[rosmaster.master][INFO] 2024-07-27 16:31:06,169: +PUB [/gazebo/parameter_descriptions] /gazebo http://rafzarf:38899/
[rosmaster.master][INFO] 2024-07-27 16:31:06,170: +PUB [/gazebo/parameter_updates] /gazebo http://rafzarf:38899/
[rosmaster.master][INFO] 2024-07-27 16:31:06,172: +PARAM [/gazebo/time_step] by /gazebo
[rosmaster.master][INFO] 2024-07-27 16:31:06,172: +PARAM [/gazebo/max_update_rate] by /gazebo
[rosmaster.master][INFO] 2024-07-27 16:31:06,173: +PARAM [/gazebo/gravity_x] by /gazebo
[rosmaster.master][INFO] 2024-07-27 16:31:06,173: +PARAM [/gazebo/gravity_y] by /gazebo
[rosmaster.master][INFO] 2024-07-27 16:31:06,173: +PARAM [/gazebo/gravity_z] by /gazebo
[rosmaster.master][INFO] 2024-07-27 16:31:06,173: +PARAM [/gazebo/auto_disable_bodies] by /gazebo
[rosmaster.master][INFO] 2024-07-27 16:31:06,174: +PARAM [/gazebo/sor_pgs_precon_iters] by /gazebo
[rosmaster.master][INFO] 2024-07-27 16:31:06,174: +PARAM [/gazebo/sor_pgs_iters] by /gazebo
[rosmaster.master][INFO] 2024-07-27 16:31:06,174: +PARAM [/gazebo/sor_pgs_w] by /gazebo
[rosmaster.master][INFO] 2024-07-27 16:31:06,174: +PARAM [/gazebo/sor_pgs_rms_error_tol] by /gazebo
[rosmaster.master][INFO] 2024-07-27 16:31:06,175: +PARAM [/gazebo/cfm] by /gazebo
[rosmaster.master][INFO] 2024-07-27 16:31:06,175: +PARAM [/gazebo/erp] by /gazebo
[rosmaster.master][INFO] 2024-07-27 16:31:06,175: +PARAM [/gazebo/contact_surface_layer] by /gazebo
[rosmaster.master][INFO] 2024-07-27 16:31:06,175: +PARAM [/gazebo/contact_max_correcting_vel] by /gazebo
[rosmaster.master][INFO] 2024-07-27 16:31:06,175: +PARAM [/gazebo/max_contacts] by /gazebo
[rosmaster.master][INFO] 2024-07-27 16:31:06,177: +PARAM [/gazebo/time_step] by /gazebo
[rosmaster.master][INFO] 2024-07-27 16:31:06,177: +PARAM [/gazebo/max_update_rate] by /gazebo
[rosmaster.master][INFO] 2024-07-27 16:31:06,177: +PARAM [/gazebo/gravity_x] by /gazebo
[rosmaster.master][INFO] 2024-07-27 16:31:06,178: +PARAM [/gazebo/gravity_y] by /gazebo
[rosmaster.master][INFO] 2024-07-27 16:31:06,178: +PARAM [/gazebo/gravity_z] by /gazebo
[rosmaster.master][INFO] 2024-07-27 16:31:06,178: +PARAM [/gazebo/auto_disable_bodies] by /gazebo
[rosmaster.master][INFO] 2024-07-27 16:31:06,178: +PARAM [/gazebo/sor_pgs_precon_iters] by /gazebo
[rosmaster.master][INFO] 2024-07-27 16:31:06,178: +PARAM [/gazebo/sor_pgs_iters] by /gazebo
[rosmaster.master][INFO] 2024-07-27 16:31:06,179: +PARAM [/gazebo/sor_pgs_w] by /gazebo
[rosmaster.master][INFO] 2024-07-27 16:31:06,179: +PARAM [/gazebo/sor_pgs_rms_error_tol] by /gazebo
[rosmaster.master][INFO] 2024-07-27 16:31:06,179: +PARAM [/gazebo/cfm] by /gazebo
[rosmaster.master][INFO] 2024-07-27 16:31:06,179: +PARAM [/gazebo/erp] by /gazebo
[rosmaster.master][INFO] 2024-07-27 16:31:06,179: +PARAM [/gazebo/contact_surface_layer] by /gazebo
[rosmaster.master][INFO] 2024-07-27 16:31:06,179: +PARAM [/gazebo/contact_max_correcting_vel] by /gazebo
[rosmaster.master][INFO] 2024-07-27 16:31:06,180: +PARAM [/gazebo/max_contacts] by /gazebo
[rosmaster.master][INFO] 2024-07-27 16:31:06,184: publisherUpdate[/clock] -> http://rafzarf:44685/ ['http://rafzarf:38899/']
[rosmaster.master][INFO] 2024-07-27 16:31:06,184: publisherUpdate[/clock] -> http://rafzarf:38899/ ['http://rafzarf:38899/']
[rosmaster.master][INFO] 2024-07-27 16:31:06,184: publisherUpdate[/clock] -> http://rafzarf:43079/ ['http://rafzarf:38899/']
[rosmaster.master][INFO] 2024-07-27 16:31:06,185: publisherUpdate[/clock] -> http://rafzarf:38899/ ['http://rafzarf:38899/']: sec=0.00, result=[1, '', 0]
[rosmaster.master][INFO] 2024-07-27 16:31:06,185: publisherUpdate[/clock] -> http://rafzarf:44685/ ['http://rafzarf:38899/']: sec=0.00, result=[1, '', 0]
[rosmaster.master][INFO] 2024-07-27 16:31:06,185: publisherUpdate[/clock] -> http://rafzarf:43079/ ['http://rafzarf:38899/']: sec=0.00, result=[1, '', 0]
[rosmaster.master][INFO] 2024-07-27 16:31:06,432: +CACHEDPARAM [/rosout_disable_topics_generation] by /urdf_spawner
[rosmaster.master][INFO] 2024-07-27 16:31:06,604: +CACHEDPARAM [/rosout_disable_topics_generation] by /urdf_spawner
[rosmaster.master][INFO] 2024-07-27 16:31:06,605: -SUB [/clock] /urdf_spawner http://rafzarf:44685/
[rosmaster.master][INFO] 2024-07-27 16:31:06,606: -PUB [/rosout] /urdf_spawner http://rafzarf:44685/
[rosmaster.master][INFO] 2024-07-27 16:31:06,606: -SERVICE [/urdf_spawner/get_loggers] /urdf_spawner rosrpc://rafzarf:44123
[rosmaster.master][INFO] 2024-07-27 16:31:06,606: -SERVICE [/urdf_spawner/set_logger_level] /urdf_spawner rosrpc://rafzarf:44123
[rosmaster.master][INFO] 2024-07-27 16:31:06,688: publisherUpdate[/rosout] -> http://rafzarf:38985/ ['http://rafzarf:38899/', 'http://rafzarf:43079/']
[rosmaster.master][INFO] 2024-07-27 16:31:06,689: publisherUpdate[/rosout] -> http://rafzarf:38985/ ['http://rafzarf:38899/', 'http://rafzarf:43079/']: sec=0.00, result=[1, '', 0]
[rosmaster.master][INFO] 2024-07-27 16:31:06,745: +SERVICE [/seven_dof_arm/controller_manager/list_controllers] /gazebo http://rafzarf:38899/
[rosmaster.master][INFO] 2024-07-27 16:31:06,745: +SERVICE [/seven_dof_arm/controller_manager/list_controller_types] /gazebo http://rafzarf:38899/
[rosmaster.master][INFO] 2024-07-27 16:31:06,746: +SERVICE [/seven_dof_arm/controller_manager/load_controller] /gazebo http://rafzarf:38899/
[rosmaster.master][INFO] 2024-07-27 16:31:06,746: +SERVICE [/seven_dof_arm/controller_manager/unload_controller] /gazebo http://rafzarf:38899/
[rosmaster.master][INFO] 2024-07-27 16:31:06,746: +SERVICE [/seven_dof_arm/controller_manager/switch_controller] /gazebo http://rafzarf:38899/
[rosmaster.master][INFO] 2024-07-27 16:31:06,747: +SERVICE [/seven_dof_arm/controller_manager/reload_controller_libraries] /gazebo http://rafzarf:38899/
[rosmaster.master][INFO] 2024-07-27 16:32:12,629: -SUB [/gazebo/set_link_state] /gazebo http://rafzarf:38899/
[rosmaster.master][INFO] 2024-07-27 16:32:12,629: -SUB [/gazebo/set_model_state] /gazebo http://rafzarf:38899/
[rosmaster.master][INFO] 2024-07-27 16:32:12,629: -PUB [/clock] /gazebo http://rafzarf:38899/
[rosmaster.master][INFO] 2024-07-27 16:32:12,630: -PUB [/gazebo/link_states] /gazebo http://rafzarf:38899/
[rosmaster.master][INFO] 2024-07-27 16:32:12,630: -PUB [/gazebo/model_states] /gazebo http://rafzarf:38899/
[rosmaster.master][INFO] 2024-07-27 16:32:12,630: -PUB [/gazebo/performance_metrics] /gazebo http://rafzarf:38899/
[rosmaster.master][INFO] 2024-07-27 16:32:12,630: -SERVICE [/gazebo/spawn_sdf_model] /gazebo rosrpc://rafzarf:50055
[rosmaster.master][INFO] 2024-07-27 16:32:12,631: -SERVICE [/gazebo/spawn_urdf_model] /gazebo rosrpc://rafzarf:50055
[rosmaster.master][INFO] 2024-07-27 16:32:12,631: -SERVICE [/gazebo/delete_model] /gazebo rosrpc://rafzarf:50055
[rosmaster.master][INFO] 2024-07-27 16:32:12,631: -SERVICE [/gazebo/delete_light] /gazebo rosrpc://rafzarf:50055
[rosmaster.master][INFO] 2024-07-27 16:32:12,631: -SERVICE [/gazebo/get_model_properties] /gazebo rosrpc://rafzarf:50055
[rosmaster.master][INFO] 2024-07-27 16:32:12,631: -SERVICE [/gazebo/get_model_state] /gazebo rosrpc://rafzarf:50055
[rosmaster.master][INFO] 2024-07-27 16:32:12,632: -SERVICE [/gazebo/get_world_properties] /gazebo rosrpc://rafzarf:50055
[rosmaster.master][INFO] 2024-07-27 16:32:12,632: -SERVICE [/gazebo/get_joint_properties] /gazebo rosrpc://rafzarf:50055
[rosmaster.master][INFO] 2024-07-27 16:32:12,632: -SERVICE [/gazebo/get_link_properties] /gazebo rosrpc://rafzarf:50055
[rosmaster.master][INFO] 2024-07-27 16:32:12,632: -SERVICE [/gazebo/get_link_state] /gazebo rosrpc://rafzarf:50055
[rosmaster.master][INFO] 2024-07-27 16:32:12,633: -SERVICE [/gazebo/get_light_properties] /gazebo rosrpc://rafzarf:50055
[rosmaster.master][INFO] 2024-07-27 16:32:12,633: -SERVICE [/gazebo/set_light_properties] /gazebo rosrpc://rafzarf:50055
[rosmaster.master][INFO] 2024-07-27 16:32:12,633: -SERVICE [/gazebo/get_physics_properties] /gazebo rosrpc://rafzarf:50055
[rosmaster.master][INFO] 2024-07-27 16:32:12,633: -SERVICE [/gazebo/set_link_properties] /gazebo rosrpc://rafzarf:50055
[rosmaster.master][INFO] 2024-07-27 16:32:12,634: -SERVICE [/gazebo/set_physics_properties] /gazebo rosrpc://rafzarf:50055
[rosmaster.master][INFO] 2024-07-27 16:32:12,634: -SERVICE [/gazebo/set_model_state] /gazebo rosrpc://rafzarf:50055
[rosmaster.master][INFO] 2024-07-27 16:32:12,634: -SERVICE [/gazebo/set_model_configuration] /gazebo rosrpc://rafzarf:50055
[rosmaster.master][INFO] 2024-07-27 16:32:12,634: -SERVICE [/gazebo/set_joint_properties] /gazebo rosrpc://rafzarf:50055
[rosmaster.master][INFO] 2024-07-27 16:32:12,635: -SERVICE [/gazebo/set_link_state] /gazebo rosrpc://rafzarf:50055
[rosmaster.master][INFO] 2024-07-27 16:32:12,635: -SERVICE [/gazebo/pause_physics] /gazebo rosrpc://rafzarf:50055
[rosmaster.master][INFO] 2024-07-27 16:32:12,635: -SERVICE [/gazebo/unpause_physics] /gazebo rosrpc://rafzarf:50055
[rosmaster.master][INFO] 2024-07-27 16:32:12,635: -SERVICE [/gazebo/apply_body_wrench] /gazebo rosrpc://rafzarf:50055
[rosmaster.master][INFO] 2024-07-27 16:32:12,635: -SERVICE [/gazebo/apply_joint_effort] /gazebo rosrpc://rafzarf:50055
[rosmaster.master][INFO] 2024-07-27 16:32:12,636: -SERVICE [/gazebo/clear_joint_forces] /gazebo rosrpc://rafzarf:50055
[rosmaster.master][INFO] 2024-07-27 16:32:12,636: -SERVICE [/gazebo/clear_body_wrenches] /gazebo rosrpc://rafzarf:50055
[rosmaster.master][INFO] 2024-07-27 16:32:12,636: -SERVICE [/gazebo/reset_simulation] /gazebo rosrpc://rafzarf:50055
[rosmaster.master][INFO] 2024-07-27 16:32:12,636: -SERVICE [/gazebo/reset_world] /gazebo rosrpc://rafzarf:50055
[rosmaster.master][INFO] 2024-07-27 16:32:12,637: -PUB [/gazebo/parameter_descriptions] /gazebo http://rafzarf:38899/
[rosmaster.master][INFO] 2024-07-27 16:32:12,638: -PUB [/gazebo/parameter_updates] /gazebo http://rafzarf:38899/
[rosmaster.master][INFO] 2024-07-27 16:32:12,638: -SERVICE [/gazebo/set_parameters] /gazebo rosrpc://rafzarf:50055
[rosmaster.master][INFO] 2024-07-27 16:32:12,641: -SERVICE [/seven_dof_arm/controller_manager/reload_controller_libraries] /gazebo rosrpc://rafzarf:50055
[rosmaster.master][INFO] 2024-07-27 16:32:12,642: -SERVICE [/seven_dof_arm/controller_manager/switch_controller] /gazebo rosrpc://rafzarf:50055
[rosmaster.master][INFO] 2024-07-27 16:32:12,642: -SERVICE [/seven_dof_arm/controller_manager/unload_controller] /gazebo rosrpc://rafzarf:50055
[rosmaster.master][INFO] 2024-07-27 16:32:12,642: -SERVICE [/seven_dof_arm/controller_manager/load_controller] /gazebo rosrpc://rafzarf:50055
[rosmaster.master][INFO] 2024-07-27 16:32:12,642: -SERVICE [/seven_dof_arm/controller_manager/list_controller_types] /gazebo rosrpc://rafzarf:50055
[rosmaster.master][INFO] 2024-07-27 16:32:12,642: -SERVICE [/seven_dof_arm/controller_manager/list_controllers] /gazebo rosrpc://rafzarf:50055
[rosmaster.master][INFO] 2024-07-27 16:32:12,690: publisherUpdate[/clock] -> http://rafzarf:38899/ []
[rosmaster.master][INFO] 2024-07-27 16:32:12,691: publisherUpdate[/clock] -> http://rafzarf:38899/ []: sec=0.00, result=[1, '', 0]
[rosmaster.master][INFO] 2024-07-27 16:32:12,692: publisherUpdate[/clock] -> http://rafzarf:43079/ []
[rosmaster.master][INFO] 2024-07-27 16:32:12,693: publisherUpdate[/clock] -> http://rafzarf:43079/ []: sec=0.00, result=[1, '', 0]
[rosmaster.master][INFO] 2024-07-27 16:32:12,792: -PUB [/rosout] /gazebo http://rafzarf:38899/
[rosmaster.master][INFO] 2024-07-27 16:32:12,793: -SUB [/clock] /gazebo http://rafzarf:38899/
[rosmaster.master][INFO] 2024-07-27 16:32:12,794: -SERVICE [/gazebo/get_loggers] /gazebo rosrpc://rafzarf:50055
[rosmaster.master][INFO] 2024-07-27 16:32:12,794: publisherUpdate[/rosout] -> http://rafzarf:38985/ ['http://rafzarf:43079/']
[rosmaster.master][INFO] 2024-07-27 16:32:12,795: -SERVICE [/gazebo/set_logger_level] /gazebo rosrpc://rafzarf:50055
[rosmaster.master][INFO] 2024-07-27 16:32:12,796: publisherUpdate[/rosout] -> http://rafzarf:38985/ ['http://rafzarf:43079/']: sec=0.00, result=[1, '', 0]
[rosmaster.master][INFO] 2024-07-27 16:32:12,797: -CACHEDPARAM [/rosout_disable_topics_generation] by /gazebo
[rosmaster.master][INFO] 2024-07-27 16:32:38,741: +PARAM [/roslaunch/uris/host_rafzarf__37425] by /roslaunch
[rosmaster.master][INFO] 2024-07-27 16:32:38,743: +PARAM [/rosversion] by /roslaunch
[rosmaster.master][INFO] 2024-07-27 16:32:38,744: +PARAM [/rosdistro] by /roslaunch
[rosmaster.master][INFO] 2024-07-27 16:32:38,744: +PARAM [/use_sim_time] by /roslaunch
[rosmaster.master][INFO] 2024-07-27 16:32:38,744: +PARAM [/gazebo/enable_ros_network] by /roslaunch
[rosmaster.master][INFO] 2024-07-27 16:32:38,744: +PARAM [/robot_description] by /roslaunch
[rosmaster.master][INFO] 2024-07-27 16:32:39,086: +PUB [/rosout] /urdf_spawner http://rafzarf:39307/
[rosmaster.master][INFO] 2024-07-27 16:32:39,088: +SUB [/clock] /urdf_spawner http://rafzarf:39307/
[rosmaster.master][INFO] 2024-07-27 16:32:39,089: +SERVICE [/urdf_spawner/get_loggers] /urdf_spawner http://rafzarf:39307/
[rosmaster.master][INFO] 2024-07-27 16:32:39,089: +SERVICE [/urdf_spawner/set_logger_level] /urdf_spawner http://rafzarf:39307/
[rosmaster.master][INFO] 2024-07-27 16:32:39,090: +CACHEDPARAM [/rosout_disable_topics_generation] by /urdf_spawner
[rosmaster.master][INFO] 2024-07-27 16:32:39,094: +CACHEDPARAM [/rosout_disable_topics_generation] by /urdf_spawner
[rosmaster.master][INFO] 2024-07-27 16:32:39,141: publisherUpdate[/rosout] -> http://rafzarf:38985/ ['http://rafzarf:43079/', 'http://rafzarf:39307/']
[rosmaster.master][INFO] 2024-07-27 16:32:39,141: publisherUpdate[/rosout] -> http://rafzarf:38985/ ['http://rafzarf:43079/', 'http://rafzarf:39307/']: sec=0.00, result=[1, '', 0]
[rosmaster.master][INFO] 2024-07-27 16:32:39,211: +PUB [/rosout] /gazebo http://rafzarf:32899/
[rosmaster.master][INFO] 2024-07-27 16:32:39,212: +SERVICE [/gazebo/get_loggers] /gazebo http://rafzarf:32899/
[rosmaster.master][INFO] 2024-07-27 16:32:39,212: +SERVICE [/gazebo/set_logger_level] /gazebo http://rafzarf:32899/
[rosmaster.master][INFO] 2024-07-27 16:32:39,213: +SUB [/clock] /gazebo http://rafzarf:32899/
[rosmaster.master][INFO] 2024-07-27 16:32:39,215: +CACHEDPARAM [/rosout_disable_topics_generation] by /gazebo
[rosmaster.master][INFO] 2024-07-27 16:32:39,242: publisherUpdate[/rosout] -> http://rafzarf:38985/ ['http://rafzarf:43079/', 'http://rafzarf:39307/', 'http://rafzarf:32899/']
[rosmaster.master][INFO] 2024-07-27 16:32:39,242: publisherUpdate[/rosout] -> http://rafzarf:38985/ ['http://rafzarf:43079/', 'http://rafzarf:39307/', 'http://rafzarf:32899/']: sec=0.00, result=[1, '', 0]
[rosmaster.master][INFO] 2024-07-27 16:32:39,287: +PUB [/rosout] /gazebo_gui http://rafzarf:42863/
[rosmaster.master][INFO] 2024-07-27 16:32:39,287: +SERVICE [/gazebo_gui/get_loggers] /gazebo_gui http://rafzarf:42863/
[rosmaster.master][INFO] 2024-07-27 16:32:39,287: +SERVICE [/gazebo_gui/set_logger_level] /gazebo_gui http://rafzarf:42863/
[rosmaster.master][INFO] 2024-07-27 16:32:39,289: +SUB [/clock] /gazebo_gui http://rafzarf:42863/
[rosmaster.master][INFO] 2024-07-27 16:32:39,290: +CACHEDPARAM [/rosout_disable_topics_generation] by /gazebo_gui
[rosmaster.master][INFO] 2024-07-27 16:32:39,342: publisherUpdate[/rosout] -> http://rafzarf:38985/ ['http://rafzarf:39307/', 'http://rafzarf:32899/', 'http://rafzarf:42863/']
[rosmaster.master][INFO] 2024-07-27 16:32:39,343: publisherUpdate[/rosout] -> http://rafzarf:38985/ ['http://rafzarf:39307/', 'http://rafzarf:32899/', 'http://rafzarf:42863/']: sec=0.00, result=[1, '', 0]
[rosmaster.master][INFO] 2024-07-27 16:32:39,477: +PUB [/clock] /gazebo http://rafzarf:32899/
[rosmaster.master][INFO] 2024-07-27 16:32:39,478: +SERVICE [/gazebo/spawn_sdf_model] /gazebo http://rafzarf:32899/
[rosmaster.master][INFO] 2024-07-27 16:32:39,478: +SERVICE [/gazebo/spawn_urdf_model] /gazebo http://rafzarf:32899/
[rosmaster.master][INFO] 2024-07-27 16:32:39,478: +SERVICE [/gazebo/delete_model] /gazebo http://rafzarf:32899/
[rosmaster.master][INFO] 2024-07-27 16:32:39,479: +SERVICE [/gazebo/delete_light] /gazebo http://rafzarf:32899/
[rosmaster.master][INFO] 2024-07-27 16:32:39,479: +SERVICE [/gazebo/get_model_properties] /gazebo http://rafzarf:32899/
[rosmaster.master][INFO] 2024-07-27 16:32:39,479: +SERVICE [/gazebo/get_model_state] /gazebo http://rafzarf:32899/
[rosmaster.master][INFO] 2024-07-27 16:32:39,479: +SERVICE [/gazebo/get_world_properties] /gazebo http://rafzarf:32899/
[rosmaster.master][INFO] 2024-07-27 16:32:39,480: +SERVICE [/gazebo/get_joint_properties] /gazebo http://rafzarf:32899/
[rosmaster.master][INFO] 2024-07-27 16:32:39,480: +SERVICE [/gazebo/get_link_properties] /gazebo http://rafzarf:32899/
[rosmaster.master][INFO] 2024-07-27 16:32:39,480: +SERVICE [/gazebo/get_link_state] /gazebo http://rafzarf:32899/
[rosmaster.master][INFO] 2024-07-27 16:32:39,481: +SERVICE [/gazebo/get_light_properties] /gazebo http://rafzarf:32899/
[rosmaster.master][INFO] 2024-07-27 16:32:39,481: +SERVICE [/gazebo/set_light_properties] /gazebo http://rafzarf:32899/
[rosmaster.master][INFO] 2024-07-27 16:32:39,481: +SERVICE [/gazebo/get_physics_properties] /gazebo http://rafzarf:32899/
[rosmaster.master][INFO] 2024-07-27 16:32:39,482: +PUB [/gazebo/link_states] /gazebo http://rafzarf:32899/
[rosmaster.master][INFO] 2024-07-27 16:32:39,482: +PUB [/gazebo/model_states] /gazebo http://rafzarf:32899/
[rosmaster.master][INFO] 2024-07-27 16:32:39,482: +PUB [/gazebo/performance_metrics] /gazebo http://rafzarf:32899/
[rosmaster.master][INFO] 2024-07-27 16:32:39,483: +SERVICE [/gazebo/set_link_properties] /gazebo http://rafzarf:32899/
[rosmaster.master][INFO] 2024-07-27 16:32:39,483: +SERVICE [/gazebo/set_physics_properties] /gazebo http://rafzarf:32899/
[rosmaster.master][INFO] 2024-07-27 16:32:39,484: +SERVICE [/gazebo/set_model_state] /gazebo http://rafzarf:32899/
[rosmaster.master][INFO] 2024-07-27 16:32:39,484: +SERVICE [/gazebo/set_model_configuration] /gazebo http://rafzarf:32899/
[rosmaster.master][INFO] 2024-07-27 16:32:39,485: +SERVICE [/gazebo/set_joint_properties] /gazebo http://rafzarf:32899/
[rosmaster.master][INFO] 2024-07-27 16:32:39,485: +SERVICE [/gazebo/set_link_state] /gazebo http://rafzarf:32899/
[rosmaster.master][INFO] 2024-07-27 16:32:39,486: +SERVICE [/gazebo/set_parameters] /gazebo http://rafzarf:32899/
[rosmaster.master][INFO] 2024-07-27 16:32:39,487: +SUB [/gazebo/set_link_state] /gazebo http://rafzarf:32899/
[rosmaster.master][INFO] 2024-07-27 16:32:39,487: +PUB [/gazebo/parameter_descriptions] /gazebo http://rafzarf:32899/
[rosmaster.master][INFO] 2024-07-27 16:32:39,488: +SUB [/gazebo/set_model_state] /gazebo http://rafzarf:32899/
[rosmaster.master][INFO] 2024-07-27 16:32:39,489: +SERVICE [/gazebo/pause_physics] /gazebo http://rafzarf:32899/
[rosmaster.master][INFO] 2024-07-27 16:32:39,489: +PUB [/gazebo/parameter_updates] /gazebo http://rafzarf:32899/
[rosmaster.master][INFO] 2024-07-27 16:32:39,489: +SERVICE [/gazebo/unpause_physics] /gazebo http://rafzarf:32899/
[rosmaster.master][INFO] 2024-07-27 16:32:39,489: +SERVICE [/gazebo/apply_body_wrench] /gazebo http://rafzarf:32899/
[rosmaster.master][INFO] 2024-07-27 16:32:39,490: +SERVICE [/gazebo/apply_joint_effort] /gazebo http://rafzarf:32899/
[rosmaster.master][INFO] 2024-07-27 16:32:39,490: +SERVICE [/gazebo/clear_joint_forces] /gazebo http://rafzarf:32899/
[rosmaster.master][INFO] 2024-07-27 16:32:39,491: +SERVICE [/gazebo/clear_body_wrenches] /gazebo http://rafzarf:32899/
[rosmaster.master][INFO] 2024-07-27 16:32:39,491: +SERVICE [/gazebo/reset_simulation] /gazebo http://rafzarf:32899/
[rosmaster.master][INFO] 2024-07-27 16:32:39,491: +SERVICE [/gazebo/reset_world] /gazebo http://rafzarf:32899/
[rosmaster.master][INFO] 2024-07-27 16:32:39,492: +PARAM [/gazebo/time_step] by /gazebo
[rosmaster.master][INFO] 2024-07-27 16:32:39,493: +PARAM [/gazebo/max_update_rate] by /gazebo
[rosmaster.master][INFO] 2024-07-27 16:32:39,493: +PARAM [/gazebo/gravity_x] by /gazebo
[rosmaster.master][INFO] 2024-07-27 16:32:39,493: +PARAM [/gazebo/gravity_y] by /gazebo
[rosmaster.master][INFO] 2024-07-27 16:32:39,493: +PARAM [/gazebo/gravity_z] by /gazebo
[rosmaster.master][INFO] 2024-07-27 16:32:39,494: +PARAM [/gazebo/auto_disable_bodies] by /gazebo
[rosmaster.master][INFO] 2024-07-27 16:32:39,494: +PARAM [/gazebo/sor_pgs_precon_iters] by /gazebo
[rosmaster.master][INFO] 2024-07-27 16:32:39,494: +PARAM [/gazebo/sor_pgs_iters] by /gazebo
[rosmaster.master][INFO] 2024-07-27 16:32:39,494: +PARAM [/gazebo/sor_pgs_w] by /gazebo
[rosmaster.master][INFO] 2024-07-27 16:32:39,494: +PARAM [/gazebo/sor_pgs_rms_error_tol] by /gazebo
[rosmaster.master][INFO] 2024-07-27 16:32:39,495: +PARAM [/gazebo/cfm] by /gazebo
[rosmaster.master][INFO] 2024-07-27 16:32:39,495: +PARAM [/gazebo/erp] by /gazebo
[rosmaster.master][INFO] 2024-07-27 16:32:39,495: +PARAM [/gazebo/contact_surface_layer] by /gazebo
[rosmaster.master][INFO] 2024-07-27 16:32:39,495: +PARAM [/gazebo/contact_max_correcting_vel] by /gazebo
[rosmaster.master][INFO] 2024-07-27 16:32:39,496: +PARAM [/gazebo/max_contacts] by /gazebo
[rosmaster.master][INFO] 2024-07-27 16:32:39,497: +PARAM [/gazebo/time_step] by /gazebo
[rosmaster.master][INFO] 2024-07-27 16:32:39,498: +PARAM [/gazebo/max_update_rate] by /gazebo
[rosmaster.master][INFO] 2024-07-27 16:32:39,498: +PARAM [/gazebo/gravity_x] by /gazebo
[rosmaster.master][INFO] 2024-07-27 16:32:39,499: +PARAM [/gazebo/gravity_y] by /gazebo
[rosmaster.master][INFO] 2024-07-27 16:32:39,499: +PARAM [/gazebo/gravity_z] by /gazebo
[rosmaster.master][INFO] 2024-07-27 16:32:39,499: +PARAM [/gazebo/auto_disable_bodies] by /gazebo
[rosmaster.master][INFO] 2024-07-27 16:32:39,499: +PARAM [/gazebo/sor_pgs_precon_iters] by /gazebo
[rosmaster.master][INFO] 2024-07-27 16:32:39,500: +PARAM [/gazebo/sor_pgs_iters] by /gazebo
[rosmaster.master][INFO] 2024-07-27 16:32:39,500: +PARAM [/gazebo/sor_pgs_w] by /gazebo
[rosmaster.master][INFO] 2024-07-27 16:32:39,500: +PARAM [/gazebo/sor_pgs_rms_error_tol] by /gazebo
[rosmaster.master][INFO] 2024-07-27 16:32:39,500: +PARAM [/gazebo/cfm] by /gazebo
[rosmaster.master][INFO] 2024-07-27 16:32:39,500: +PARAM [/gazebo/erp] by /gazebo
[rosmaster.master][INFO] 2024-07-27 16:32:39,501: +PARAM [/gazebo/contact_surface_layer] by /gazebo
[rosmaster.master][INFO] 2024-07-27 16:32:39,501: +PARAM [/gazebo/contact_max_correcting_vel] by /gazebo
[rosmaster.master][INFO] 2024-07-27 16:32:39,501: +PARAM [/gazebo/max_contacts] by /gazebo
[rosmaster.master][INFO] 2024-07-27 16:32:39,544: publisherUpdate[/clock] -> http://rafzarf:39307/ ['http://rafzarf:32899/']
[rosmaster.master][INFO] 2024-07-27 16:32:39,544: publisherUpdate[/clock] -> http://rafzarf:32899/ ['http://rafzarf:32899/']
[rosmaster.master][INFO] 2024-07-27 16:32:39,545: publisherUpdate[/clock] -> http://rafzarf:32899/ ['http://rafzarf:32899/']: sec=0.00, result=[1, '', 0]
[rosmaster.master][INFO] 2024-07-27 16:32:39,545: publisherUpdate[/clock] -> http://rafzarf:42863/ ['http://rafzarf:32899/']
[rosmaster.master][INFO] 2024-07-27 16:32:39,545: publisherUpdate[/clock] -> http://rafzarf:39307/ ['http://rafzarf:32899/']: sec=0.00, result=[1, '', 0]
[rosmaster.master][INFO] 2024-07-27 16:32:39,546: publisherUpdate[/clock] -> http://rafzarf:42863/ ['http://rafzarf:32899/']: sec=0.00, result=[1, '', 0]
[rosmaster.master][INFO] 2024-07-27 16:32:39,698: +CACHEDPARAM [/rosout_disable_topics_generation] by /urdf_spawner
[rosmaster.master][INFO] 2024-07-27 16:32:39,980: +CACHEDPARAM [/rosout_disable_topics_generation] by /urdf_spawner
[rosmaster.master][INFO] 2024-07-27 16:32:39,982: -SUB [/clock] /urdf_spawner http://rafzarf:39307/
[rosmaster.master][INFO] 2024-07-27 16:32:39,982: -PUB [/rosout] /urdf_spawner http://rafzarf:39307/
[rosmaster.master][INFO] 2024-07-27 16:32:39,982: -SERVICE [/urdf_spawner/get_loggers] /urdf_spawner rosrpc://rafzarf:33481
[rosmaster.master][INFO] 2024-07-27 16:32:39,982: -SERVICE [/urdf_spawner/set_logger_level] /urdf_spawner rosrpc://rafzarf:33481
[rosmaster.master][INFO] 2024-07-27 16:32:40,048: publisherUpdate[/rosout] -> http://rafzarf:38985/ ['http://rafzarf:32899/', 'http://rafzarf:42863/']
[rosmaster.master][INFO] 2024-07-27 16:32:40,049: publisherUpdate[/rosout] -> http://rafzarf:38985/ ['http://rafzarf:32899/', 'http://rafzarf:42863/']: sec=0.00, result=[1, '', 0]
[rosmaster.master][INFO] 2024-07-27 16:32:40,107: +SERVICE [/seven_dof_arm/controller_manager/list_controllers] /gazebo http://rafzarf:32899/
[rosmaster.master][INFO] 2024-07-27 16:32:40,107: +SERVICE [/seven_dof_arm/controller_manager/list_controller_types] /gazebo http://rafzarf:32899/
[rosmaster.master][INFO] 2024-07-27 16:32:40,108: +SERVICE [/seven_dof_arm/controller_manager/load_controller] /gazebo http://rafzarf:32899/
[rosmaster.master][INFO] 2024-07-27 16:32:40,108: +SERVICE [/seven_dof_arm/controller_manager/unload_controller] /gazebo http://rafzarf:32899/
[rosmaster.master][INFO] 2024-07-27 16:32:40,108: +SERVICE [/seven_dof_arm/controller_manager/switch_controller] /gazebo http://rafzarf:32899/
[rosmaster.master][INFO] 2024-07-27 16:32:40,108: +SERVICE [/seven_dof_arm/controller_manager/reload_controller_libraries] /gazebo http://rafzarf:32899/
[rosmaster.master][INFO] 2024-07-27 16:37:26,520: -SUB [/gazebo/set_link_state] /gazebo http://rafzarf:32899/
[rosmaster.master][INFO] 2024-07-27 16:37:26,521: -SUB [/gazebo/set_model_state] /gazebo http://rafzarf:32899/
[rosmaster.master][INFO] 2024-07-27 16:37:26,521: -PUB [/clock] /gazebo http://rafzarf:32899/
[rosmaster.master][INFO] 2024-07-27 16:37:26,521: publisherUpdate[/clock] -> http://rafzarf:32899/ []
[rosmaster.master][INFO] 2024-07-27 16:37:26,522: -PUB [/gazebo/link_states] /gazebo http://rafzarf:32899/
[rosmaster.master][INFO] 2024-07-27 16:37:26,522: -PUB [/gazebo/model_states] /gazebo http://rafzarf:32899/
[rosmaster.master][INFO] 2024-07-27 16:37:26,522: publisherUpdate[/clock] -> http://rafzarf:32899/ []: sec=0.00, result=[1, '', 0]
[rosmaster.master][INFO] 2024-07-27 16:37:26,522: -PUB [/gazebo/performance_metrics] /gazebo http://rafzarf:32899/
[rosmaster.master][INFO] 2024-07-27 16:37:26,522: publisherUpdate[/clock] -> http://rafzarf:42863/ []
[rosmaster.master][INFO] 2024-07-27 16:37:26,523: -SERVICE [/gazebo/spawn_sdf_model] /gazebo rosrpc://rafzarf:58659
[rosmaster.master][INFO] 2024-07-27 16:37:26,523: -SERVICE [/gazebo/spawn_urdf_model] /gazebo rosrpc://rafzarf:58659
[rosmaster.master][INFO] 2024-07-27 16:37:26,523: publisherUpdate[/clock] -> http://rafzarf:42863/ []: sec=0.00, result=[1, '', 0]
[rosmaster.master][INFO] 2024-07-27 16:37:26,524: -SERVICE [/gazebo/delete_model] /gazebo rosrpc://rafzarf:58659
[rosmaster.master][INFO] 2024-07-27 16:37:26,524: -SERVICE [/gazebo/delete_light] /gazebo rosrpc://rafzarf:58659
[rosmaster.master][INFO] 2024-07-27 16:37:26,524: -SERVICE [/gazebo/get_model_properties] /gazebo rosrpc://rafzarf:58659
[rosmaster.master][INFO] 2024-07-27 16:37:26,524: -SERVICE [/gazebo/get_model_state] /gazebo rosrpc://rafzarf:58659
[rosmaster.master][INFO] 2024-07-27 16:37:26,524: -SERVICE [/gazebo/get_world_properties] /gazebo rosrpc://rafzarf:58659
[rosmaster.master][INFO] 2024-07-27 16:37:26,525: -SERVICE [/gazebo/get_joint_properties] /gazebo rosrpc://rafzarf:58659
[rosmaster.master][INFO] 2024-07-27 16:37:26,525: -SERVICE [/gazebo/get_link_properties] /gazebo rosrpc://rafzarf:58659
[rosmaster.master][INFO] 2024-07-27 16:37:26,525: -SERVICE [/gazebo/get_link_state] /gazebo rosrpc://rafzarf:58659
[rosmaster.master][INFO] 2024-07-27 16:37:26,525: -SERVICE [/gazebo/get_light_properties] /gazebo rosrpc://rafzarf:58659
[rosmaster.master][INFO] 2024-07-27 16:37:26,525: -SERVICE [/gazebo/set_light_properties] /gazebo rosrpc://rafzarf:58659
[rosmaster.master][INFO] 2024-07-27 16:37:26,525: -SERVICE [/gazebo/get_physics_properties] /gazebo rosrpc://rafzarf:58659
[rosmaster.master][INFO] 2024-07-27 16:37:26,526: -SERVICE [/gazebo/set_link_properties] /gazebo rosrpc://rafzarf:58659
[rosmaster.master][INFO] 2024-07-27 16:37:26,526: -SERVICE [/gazebo/set_physics_properties] /gazebo rosrpc://rafzarf:58659
[rosmaster.master][INFO] 2024-07-27 16:37:26,526: -SERVICE [/gazebo/set_model_state] /gazebo rosrpc://rafzarf:58659
[rosmaster.master][INFO] 2024-07-27 16:37:26,526: -SERVICE [/gazebo/set_model_configuration] /gazebo rosrpc://rafzarf:58659
[rosmaster.master][INFO] 2024-07-27 16:37:26,526: -SERVICE [/gazebo/set_joint_properties] /gazebo rosrpc://rafzarf:58659
[rosmaster.master][INFO] 2024-07-27 16:37:26,526: -SERVICE [/gazebo/set_link_state] /gazebo rosrpc://rafzarf:58659
[rosmaster.master][INFO] 2024-07-27 16:37:26,526: -SERVICE [/gazebo/pause_physics] /gazebo rosrpc://rafzarf:58659
[rosmaster.master][INFO] 2024-07-27 16:37:26,527: -SERVICE [/gazebo/unpause_physics] /gazebo rosrpc://rafzarf:58659
[rosmaster.master][INFO] 2024-07-27 16:37:26,527: -SERVICE [/gazebo/apply_body_wrench] /gazebo rosrpc://rafzarf:58659
[rosmaster.master][INFO] 2024-07-27 16:37:26,527: -SERVICE [/gazebo/apply_joint_effort] /gazebo rosrpc://rafzarf:58659
[rosmaster.master][INFO] 2024-07-27 16:37:26,527: -SERVICE [/gazebo/clear_joint_forces] /gazebo rosrpc://rafzarf:58659
[rosmaster.master][INFO] 2024-07-27 16:37:26,527: -SERVICE [/gazebo/clear_body_wrenches] /gazebo rosrpc://rafzarf:58659
[rosmaster.master][INFO] 2024-07-27 16:37:26,527: -SERVICE [/gazebo/reset_simulation] /gazebo rosrpc://rafzarf:58659
[rosmaster.master][INFO] 2024-07-27 16:37:26,528: -SERVICE [/gazebo/reset_world] /gazebo rosrpc://rafzarf:58659
[rosmaster.master][INFO] 2024-07-27 16:37:26,529: -PUB [/gazebo/parameter_descriptions] /gazebo http://rafzarf:32899/
[rosmaster.master][INFO] 2024-07-27 16:37:26,529: -PUB [/gazebo/parameter_updates] /gazebo http://rafzarf:32899/
[rosmaster.master][INFO] 2024-07-27 16:37:26,529: -SERVICE [/gazebo/set_parameters] /gazebo rosrpc://rafzarf:58659
[rosmaster.master][INFO] 2024-07-27 16:37:26,532: -SERVICE [/seven_dof_arm/controller_manager/reload_controller_libraries] /gazebo rosrpc://rafzarf:58659
[rosmaster.master][INFO] 2024-07-27 16:37:26,533: -SERVICE [/seven_dof_arm/controller_manager/switch_controller] /gazebo rosrpc://rafzarf:58659
[rosmaster.master][INFO] 2024-07-27 16:37:26,533: -SERVICE [/seven_dof_arm/controller_manager/unload_controller] /gazebo rosrpc://rafzarf:58659
[rosmaster.master][INFO] 2024-07-27 16:37:26,533: -SERVICE [/seven_dof_arm/controller_manager/load_controller] /gazebo rosrpc://rafzarf:58659
[rosmaster.master][INFO] 2024-07-27 16:37:26,533: -SERVICE [/seven_dof_arm/controller_manager/list_controller_types] /gazebo rosrpc://rafzarf:58659
[rosmaster.master][INFO] 2024-07-27 16:37:26,533: -SERVICE [/seven_dof_arm/controller_manager/list_controllers] /gazebo rosrpc://rafzarf:58659
[rosmaster.master][INFO] 2024-07-27 16:37:26,623: -PUB [/rosout] /gazebo http://rafzarf:32899/
[rosmaster.master][INFO] 2024-07-27 16:37:26,624: -SUB [/clock] /gazebo http://rafzarf:32899/
[rosmaster.master][INFO] 2024-07-27 16:37:26,624: publisherUpdate[/rosout] -> http://rafzarf:38985/ ['http://rafzarf:42863/']
[rosmaster.master][INFO] 2024-07-27 16:37:26,629: -SERVICE [/gazebo/get_loggers] /gazebo rosrpc://rafzarf:58659
[rosmaster.master][INFO] 2024-07-27 16:37:26,630: publisherUpdate[/rosout] -> http://rafzarf:38985/ ['http://rafzarf:42863/']: sec=0.00, result=[1, '', 0]
[rosmaster.master][INFO] 2024-07-27 16:37:26,631: -SERVICE [/gazebo/set_logger_level] /gazebo rosrpc://rafzarf:58659
[rosmaster.master][INFO] 2024-07-27 16:37:26,632: -CACHEDPARAM [/rosout_disable_topics_generation] by /gazebo
[rosmaster.master][INFO] 2024-07-27 16:48:19,813: +PARAM [/roslaunch/uris/host_rafzarf__37417] by /roslaunch
[rosmaster.master][INFO] 2024-07-27 16:48:19,815: +PARAM [/rosversion] by /roslaunch
[rosmaster.master][INFO] 2024-07-27 16:48:19,815: +PARAM [/rosdistro] by /roslaunch
[rosmaster.master][INFO] 2024-07-27 16:48:19,815: +PARAM [/use_sim_time] by /roslaunch
[rosmaster.master][INFO] 2024-07-27 16:48:19,815: +PARAM [/gazebo/enable_ros_network] by /roslaunch
[rosmaster.master][INFO] 2024-07-27 16:48:19,816: +PARAM [/robot_description] by /roslaunch
[rosmaster.master][INFO] 2024-07-27 16:48:20,208: +PUB [/rosout] /urdf_spawner http://rafzarf:41731/
[rosmaster.master][INFO] 2024-07-27 16:48:20,210: +SUB [/clock] /urdf_spawner http://rafzarf:41731/
[rosmaster.master][INFO] 2024-07-27 16:48:20,211: +SERVICE [/urdf_spawner/get_loggers] /urdf_spawner http://rafzarf:41731/
[rosmaster.master][INFO] 2024-07-27 16:48:20,212: +SERVICE [/urdf_spawner/set_logger_level] /urdf_spawner http://rafzarf:41731/
[rosmaster.master][INFO] 2024-07-27 16:48:20,213: +CACHEDPARAM [/rosout_disable_topics_generation] by /urdf_spawner
[rosmaster.master][INFO] 2024-07-27 16:48:20,218: +CACHEDPARAM [/rosout_disable_topics_generation] by /urdf_spawner
[rosmaster.master][INFO] 2024-07-27 16:48:20,220: publisherUpdate[/rosout] -> http://rafzarf:38985/ ['http://rafzarf:42863/', 'http://rafzarf:41731/']
[rosmaster.master][INFO] 2024-07-27 16:48:20,221: publisherUpdate[/rosout] -> http://rafzarf:38985/ ['http://rafzarf:42863/', 'http://rafzarf:41731/']: sec=0.00, result=[1, '', 0]
[rosmaster.master][INFO] 2024-07-27 16:48:20,265: +PUB [/rosout] /gazebo http://rafzarf:37015/
[rosmaster.master][INFO] 2024-07-27 16:48:20,266: +SERVICE [/gazebo/get_loggers] /gazebo http://rafzarf:37015/
[rosmaster.master][INFO] 2024-07-27 16:48:20,266: +SERVICE [/gazebo/set_logger_level] /gazebo http://rafzarf:37015/
[rosmaster.master][INFO] 2024-07-27 16:48:20,267: +SUB [/clock] /gazebo http://rafzarf:37015/
[rosmaster.master][INFO] 2024-07-27 16:48:20,268: +CACHEDPARAM [/rosout_disable_topics_generation] by /gazebo
[rosmaster.master][INFO] 2024-07-27 16:48:20,321: publisherUpdate[/rosout] -> http://rafzarf:38985/ ['http://rafzarf:42863/', 'http://rafzarf:41731/', 'http://rafzarf:37015/']
[rosmaster.master][INFO] 2024-07-27 16:48:20,322: publisherUpdate[/rosout] -> http://rafzarf:38985/ ['http://rafzarf:42863/', 'http://rafzarf:41731/', 'http://rafzarf:37015/']: sec=0.00, result=[1, '', 0]
[rosmaster.master][INFO] 2024-07-27 16:48:20,328: +PUB [/rosout] /gazebo_gui http://rafzarf:37893/
[rosmaster.master][INFO] 2024-07-27 16:48:20,329: +SERVICE [/gazebo_gui/get_loggers] /gazebo_gui http://rafzarf:37893/
[rosmaster.master][INFO] 2024-07-27 16:48:20,329: +SERVICE [/gazebo_gui/set_logger_level] /gazebo_gui http://rafzarf:37893/
[rosmaster.master][INFO] 2024-07-27 16:48:20,331: +SUB [/clock] /gazebo_gui http://rafzarf:37893/
[rosmaster.master][INFO] 2024-07-27 16:48:20,332: +CACHEDPARAM [/rosout_disable_topics_generation] by /gazebo_gui
[rosmaster.master][INFO] 2024-07-27 16:48:20,333: publisherUpdate[/rosout] -> http://rafzarf:38985/ ['http://rafzarf:41731/', 'http://rafzarf:37015/', 'http://rafzarf:37893/']
[rosmaster.master][INFO] 2024-07-27 16:48:20,334: publisherUpdate[/rosout] -> http://rafzarf:38985/ ['http://rafzarf:41731/', 'http://rafzarf:37015/', 'http://rafzarf:37893/']: sec=0.00, result=[1, '', 0]
[rosmaster.master][INFO] 2024-07-27 16:48:20,525: +PUB [/clock] /gazebo http://rafzarf:37015/
[rosmaster.master][INFO] 2024-07-27 16:48:20,526: +SERVICE [/gazebo/spawn_sdf_model] /gazebo http://rafzarf:37015/
[rosmaster.master][INFO] 2024-07-27 16:48:20,526: +SERVICE [/gazebo/spawn_urdf_model] /gazebo http://rafzarf:37015/
[rosmaster.master][INFO] 2024-07-27 16:48:20,527: +SERVICE [/gazebo/delete_model] /gazebo http://rafzarf:37015/
[rosmaster.master][INFO] 2024-07-27 16:48:20,527: +SERVICE [/gazebo/delete_light] /gazebo http://rafzarf:37015/
[rosmaster.master][INFO] 2024-07-27 16:48:20,528: +SERVICE [/gazebo/get_model_properties] /gazebo http://rafzarf:37015/
[rosmaster.master][INFO] 2024-07-27 16:48:20,528: +SERVICE [/gazebo/get_model_state] /gazebo http://rafzarf:37015/
[rosmaster.master][INFO] 2024-07-27 16:48:20,529: +SERVICE [/gazebo/get_world_properties] /gazebo http://rafzarf:37015/
[rosmaster.master][INFO] 2024-07-27 16:48:20,529: +SERVICE [/gazebo/get_joint_properties] /gazebo http://rafzarf:37015/
[rosmaster.master][INFO] 2024-07-27 16:48:20,529: +SERVICE [/gazebo/get_link_properties] /gazebo http://rafzarf:37015/
[rosmaster.master][INFO] 2024-07-27 16:48:20,529: +SERVICE [/gazebo/get_link_state] /gazebo http://rafzarf:37015/
[rosmaster.master][INFO] 2024-07-27 16:48:20,530: +SERVICE [/gazebo/get_light_properties] /gazebo http://rafzarf:37015/
[rosmaster.master][INFO] 2024-07-27 16:48:20,530: +SERVICE [/gazebo/set_light_properties] /gazebo http://rafzarf:37015/
[rosmaster.master][INFO] 2024-07-27 16:48:20,530: +SERVICE [/gazebo/get_physics_properties] /gazebo http://rafzarf:37015/
[rosmaster.master][INFO] 2024-07-27 16:48:20,530: +PUB [/gazebo/link_states] /gazebo http://rafzarf:37015/
[rosmaster.master][INFO] 2024-07-27 16:48:20,530: +PUB [/gazebo/model_states] /gazebo http://rafzarf:37015/
[rosmaster.master][INFO] 2024-07-27 16:48:20,530: +PUB [/gazebo/performance_metrics] /gazebo http://rafzarf:37015/
[rosmaster.master][INFO] 2024-07-27 16:48:20,531: +SERVICE [/gazebo/set_link_properties] /gazebo http://rafzarf:37015/
[rosmaster.master][INFO] 2024-07-27 16:48:20,531: +SERVICE [/gazebo/set_physics_properties] /gazebo http://rafzarf:37015/
[rosmaster.master][INFO] 2024-07-27 16:48:20,531: +SERVICE [/gazebo/set_model_state] /gazebo http://rafzarf:37015/
[rosmaster.master][INFO] 2024-07-27 16:48:20,531: +SERVICE [/gazebo/set_model_configuration] /gazebo http://rafzarf:37015/
[rosmaster.master][INFO] 2024-07-27 16:48:20,531: +SERVICE [/gazebo/set_joint_properties] /gazebo http://rafzarf:37015/
[rosmaster.master][INFO] 2024-07-27 16:48:20,532: +SERVICE [/gazebo/set_link_state] /gazebo http://rafzarf:37015/
[rosmaster.master][INFO] 2024-07-27 16:48:20,532: +SUB [/gazebo/set_link_state] /gazebo http://rafzarf:37015/
[rosmaster.master][INFO] 2024-07-27 16:48:20,533: +SUB [/gazebo/set_model_state] /gazebo http://rafzarf:37015/
[rosmaster.master][INFO] 2024-07-27 16:48:20,533: +SERVICE [/gazebo/pause_physics] /gazebo http://rafzarf:37015/
[rosmaster.master][INFO] 2024-07-27 16:48:20,533: +SERVICE [/gazebo/unpause_physics] /gazebo http://rafzarf:37015/
[rosmaster.master][INFO] 2024-07-27 16:48:20,534: +SERVICE [/gazebo/apply_body_wrench] /gazebo http://rafzarf:37015/
[rosmaster.master][INFO] 2024-07-27 16:48:20,534: +SERVICE [/gazebo/apply_joint_effort] /gazebo http://rafzarf:37015/
[rosmaster.master][INFO] 2024-07-27 16:48:20,534: +SERVICE [/gazebo/clear_joint_forces] /gazebo http://rafzarf:37015/
[rosmaster.master][INFO] 2024-07-27 16:48:20,534: publisherUpdate[/clock] -> http://rafzarf:41731/ ['http://rafzarf:37015/']
[rosmaster.master][INFO] 2024-07-27 16:48:20,534: +SERVICE [/gazebo/clear_body_wrenches] /gazebo http://rafzarf:37015/
[rosmaster.master][INFO] 2024-07-27 16:48:20,535: +SERVICE [/gazebo/reset_simulation] /gazebo http://rafzarf:37015/
[rosmaster.master][INFO] 2024-07-27 16:48:20,535: publisherUpdate[/clock] -> http://rafzarf:37015/ ['http://rafzarf:37015/']
[rosmaster.master][INFO] 2024-07-27 16:48:20,535: +SERVICE [/gazebo/reset_world] /gazebo http://rafzarf:37015/
[rosmaster.master][INFO] 2024-07-27 16:48:20,536: publisherUpdate[/clock] -> http://rafzarf:37015/ ['http://rafzarf:37015/']: sec=0.00, result=[1, '', 0]
[rosmaster.master][INFO] 2024-07-27 16:48:20,536: publisherUpdate[/clock] -> http://rafzarf:37893/ ['http://rafzarf:37015/']
[rosmaster.master][INFO] 2024-07-27 16:48:20,536: publisherUpdate[/clock] -> http://rafzarf:41731/ ['http://rafzarf:37015/']: sec=0.00, result=[1, '', 0]
[rosmaster.master][INFO] 2024-07-27 16:48:20,538: +SERVICE [/gazebo/set_parameters] /gazebo http://rafzarf:37015/
[rosmaster.master][INFO] 2024-07-27 16:48:20,539: +PUB [/gazebo/parameter_descriptions] /gazebo http://rafzarf:37015/
[rosmaster.master][INFO] 2024-07-27 16:48:20,539: +PUB [/gazebo/parameter_updates] /gazebo http://rafzarf:37015/
[rosmaster.master][INFO] 2024-07-27 16:48:20,543: +PARAM [/gazebo/time_step] by /gazebo
[rosmaster.master][INFO] 2024-07-27 16:48:20,543: +PARAM [/gazebo/max_update_rate] by /gazebo
[rosmaster.master][INFO] 2024-07-27 16:48:20,543: +PARAM [/gazebo/gravity_x] by /gazebo
[rosmaster.master][INFO] 2024-07-27 16:48:20,544: +PARAM [/gazebo/gravity_y] by /gazebo
[rosmaster.master][INFO] 2024-07-27 16:48:20,544: +PARAM [/gazebo/gravity_z] by /gazebo
[rosmaster.master][INFO] 2024-07-27 16:48:20,544: +PARAM [/gazebo/auto_disable_bodies] by /gazebo
[rosmaster.master][INFO] 2024-07-27 16:48:20,545: +PARAM [/gazebo/sor_pgs_precon_iters] by /gazebo
[rosmaster.master][INFO] 2024-07-27 16:48:20,545: +PARAM [/gazebo/sor_pgs_iters] by /gazebo
[rosmaster.master][INFO] 2024-07-27 16:48:20,545: +PARAM [/gazebo/sor_pgs_w] by /gazebo
[rosmaster.master][INFO] 2024-07-27 16:48:20,545: +PARAM [/gazebo/sor_pgs_rms_error_tol] by /gazebo
[rosmaster.master][INFO] 2024-07-27 16:48:20,545: +PARAM [/gazebo/cfm] by /gazebo
[rosmaster.master][INFO] 2024-07-27 16:48:20,546: +PARAM [/gazebo/erp] by /gazebo
[rosmaster.master][INFO] 2024-07-27 16:48:20,546: +PARAM [/gazebo/contact_surface_layer] by /gazebo
[rosmaster.master][INFO] 2024-07-27 16:48:20,546: +PARAM [/gazebo/contact_max_correcting_vel] by /gazebo
[rosmaster.master][INFO] 2024-07-27 16:48:20,546: +PARAM [/gazebo/max_contacts] by /gazebo
[rosmaster.master][INFO] 2024-07-27 16:48:20,548: +PARAM [/gazebo/time_step] by /gazebo
[rosmaster.master][INFO] 2024-07-27 16:48:20,548: +PARAM [/gazebo/max_update_rate] by /gazebo
[rosmaster.master][INFO] 2024-07-27 16:48:20,548: +PARAM [/gazebo/gravity_x] by /gazebo
[rosmaster.master][INFO] 2024-07-27 16:48:20,548: +PARAM [/gazebo/gravity_y] by /gazebo
[rosmaster.master][INFO] 2024-07-27 16:48:20,549: +PARAM [/gazebo/gravity_z] by /gazebo
[rosmaster.master][INFO] 2024-07-27 16:48:20,549: +PARAM [/gazebo/auto_disable_bodies] by /gazebo
[rosmaster.master][INFO] 2024-07-27 16:48:20,549: +PARAM [/gazebo/sor_pgs_precon_iters] by /gazebo
[rosmaster.master][INFO] 2024-07-27 16:48:20,549: +PARAM [/gazebo/sor_pgs_iters] by /gazebo
[rosmaster.master][INFO] 2024-07-27 16:48:20,549: +PARAM [/gazebo/sor_pgs_w] by /gazebo
[rosmaster.master][INFO] 2024-07-27 16:48:20,549: +PARAM [/gazebo/sor_pgs_rms_error_tol] by /gazebo
[rosmaster.master][INFO] 2024-07-27 16:48:20,550: +PARAM [/gazebo/cfm] by /gazebo
[rosmaster.master][INFO] 2024-07-27 16:48:20,550: +PARAM [/gazebo/erp] by /gazebo
[rosmaster.master][INFO] 2024-07-27 16:48:20,550: +PARAM [/gazebo/contact_surface_layer] by /gazebo
[rosmaster.master][INFO] 2024-07-27 16:48:20,550: +PARAM [/gazebo/contact_max_correcting_vel] by /gazebo
[rosmaster.master][INFO] 2024-07-27 16:48:20,550: +PARAM [/gazebo/max_contacts] by /gazebo
[rosmaster.master][INFO] 2024-07-27 16:48:20,575: publisherUpdate[/clock] -> http://rafzarf:37893/ ['http://rafzarf:37015/']: sec=0.04, result=[1, '', 0]
[rosmaster.master][INFO] 2024-07-27 16:48:20,822: +CACHEDPARAM [/rosout_disable_topics_generation] by /urdf_spawner
[rosmaster.master][INFO] 2024-07-27 16:48:21,502: +SERVICE [/rgbd_camera/set_camera_info] /gazebo http://rafzarf:37015/
[rosmaster.master][INFO] 2024-07-27 16:48:21,507: +SERVICE [/rgbd_camera/set_parameters] /gazebo http://rafzarf:37015/
[rosmaster.master][INFO] 2024-07-27 16:48:21,508: +PUB [/rgbd_camera/parameter_descriptions] /gazebo http://rafzarf:37015/
[rosmaster.master][INFO] 2024-07-27 16:48:21,509: +PUB [/rgbd_camera/parameter_updates] /gazebo http://rafzarf:37015/
[rosmaster.master][INFO] 2024-07-27 16:48:21,509: +PARAM [/rgbd_camera/imager_rate] by /gazebo
[rosmaster.master][INFO] 2024-07-27 16:48:21,510: +PARAM [/rgbd_camera/imager_rate] by /gazebo
[rosmaster.master][INFO] 2024-07-27 16:48:21,513: +CACHEDPARAM [/rosout_disable_topics_generation] by /urdf_spawner
[rosmaster.master][INFO] 2024-07-27 16:48:21,515: +PARAM [/rgbd_camera/imager_rate] by /gazebo
[rosmaster.master][INFO] 2024-07-27 16:48:21,515: -SUB [/clock] /urdf_spawner http://rafzarf:41731/
[rosmaster.master][INFO] 2024-07-27 16:48:21,516: +PARAM [/rgbd_camera/imager_rate] by /gazebo
[rosmaster.master][INFO] 2024-07-27 16:48:21,516: -PUB [/rosout] /urdf_spawner http://rafzarf:41731/
[rosmaster.master][INFO] 2024-07-27 16:48:21,516: -SERVICE [/urdf_spawner/get_loggers] /urdf_spawner rosrpc://rafzarf:35689
[rosmaster.master][INFO] 2024-07-27 16:48:21,516: -SERVICE [/urdf_spawner/set_logger_level] /urdf_spawner rosrpc://rafzarf:35689
[rosmaster.master][INFO] 2024-07-27 16:48:21,529: publisherUpdate[/rosout] -> http://rafzarf:38985/ ['http://rafzarf:37015/', 'http://rafzarf:37893/']
[rosmaster.master][INFO] 2024-07-27 16:48:21,530: publisherUpdate[/rosout] -> http://rafzarf:38985/ ['http://rafzarf:37015/', 'http://rafzarf:37893/']: sec=0.00, result=[1, '', 0]
[rosmaster.master][INFO] 2024-07-27 16:48:21,595: +PUB [/rgbd_camera/ir/image_raw/compressedDepth] /gazebo http://rafzarf:37015/
[rosmaster.master][INFO] 2024-07-27 16:48:21,595: +PUB [/rgbd_camera/rgb/image_raw/compressedDepth] /gazebo http://rafzarf:37015/
[rosmaster.master][INFO] 2024-07-27 16:48:21,596: +SERVICE [/rgbd_camera/ir/image_raw/compressedDepth/set_parameters] /gazebo http://rafzarf:37015/
[rosmaster.master][INFO] 2024-07-27 16:48:21,596: +SERVICE [/rgbd_camera/rgb/image_raw/compressedDepth/set_parameters] /gazebo http://rafzarf:37015/
[rosmaster.master][INFO] 2024-07-27 16:48:21,596: +PUB [/rgbd_camera/ir/image_raw/compressedDepth/parameter_descriptions] /gazebo http://rafzarf:37015/
[rosmaster.master][INFO] 2024-07-27 16:48:21,596: +PUB [/rgbd_camera/rgb/image_raw/compressedDepth/parameter_descriptions] /gazebo http://rafzarf:37015/
[rosmaster.master][INFO] 2024-07-27 16:48:21,597: +PUB [/rgbd_camera/ir/image_raw/compressedDepth/parameter_updates] /gazebo http://rafzarf:37015/
[rosmaster.master][INFO] 2024-07-27 16:48:21,597: +PUB [/rgbd_camera/rgb/image_raw/compressedDepth/parameter_updates] /gazebo http://rafzarf:37015/
[rosmaster.master][INFO] 2024-07-27 16:48:21,599: +PARAM [/rgbd_camera/ir/image_raw/compressedDepth/format] by /gazebo
[rosmaster.master][INFO] 2024-07-27 16:48:21,599: +PARAM [/rgbd_camera/rgb/image_raw/compressedDepth/format] by /gazebo
[rosmaster.master][INFO] 2024-07-27 16:48:21,599: +PARAM [/rgbd_camera/ir/image_raw/compressedDepth/depth_max] by /gazebo
[rosmaster.master][INFO] 2024-07-27 16:48:21,600: +PARAM [/rgbd_camera/ir/image_raw/compressedDepth/depth_quantization] by /gazebo
[rosmaster.master][INFO] 2024-07-27 16:48:21,600: +PARAM [/rgbd_camera/rgb/image_raw/compressedDepth/depth_max] by /gazebo
[rosmaster.master][INFO] 2024-07-27 16:48:21,600: +PARAM [/rgbd_camera/ir/image_raw/compressedDepth/png_level] by /gazebo
[rosmaster.master][INFO] 2024-07-27 16:48:21,600: +PARAM [/rgbd_camera/rgb/image_raw/compressedDepth/depth_quantization] by /gazebo
[rosmaster.master][INFO] 2024-07-27 16:48:21,601: +PARAM [/rgbd_camera/rgb/image_raw/compressedDepth/png_level] by /gazebo
[rosmaster.master][INFO] 2024-07-27 16:48:21,601: +PARAM [/rgbd_camera/ir/image_raw/compressedDepth/format] by /gazebo
[rosmaster.master][INFO] 2024-07-27 16:48:21,601: +PARAM [/rgbd_camera/ir/image_raw/compressedDepth/depth_max] by /gazebo
[rosmaster.master][INFO] 2024-07-27 16:48:21,602: +PARAM [/rgbd_camera/rgb/image_raw/compressedDepth/format] by /gazebo
[rosmaster.master][INFO] 2024-07-27 16:48:21,602: +PARAM [/rgbd_camera/ir/image_raw/compressedDepth/depth_quantization] by /gazebo
[rosmaster.master][INFO] 2024-07-27 16:48:21,602: +PARAM [/rgbd_camera/rgb/image_raw/compressedDepth/depth_max] by /gazebo
[rosmaster.master][INFO] 2024-07-27 16:48:21,602: +PARAM [/rgbd_camera/ir/image_raw/compressedDepth/png_level] by /gazebo
[rosmaster.master][INFO] 2024-07-27 16:48:21,603: +PARAM [/rgbd_camera/rgb/image_raw/compressedDepth/depth_quantization] by /gazebo
[rosmaster.master][INFO] 2024-07-27 16:48:21,603: +PARAM [/rgbd_camera/rgb/image_raw/compressedDepth/png_level] by /gazebo
[rosmaster.master][INFO] 2024-07-27 16:48:21,607: +PUB [/rgbd_camera/rgb/image_raw/compressed] /gazebo http://rafzarf:37015/
[rosmaster.master][INFO] 2024-07-27 16:48:21,608: +PUB [/rgbd_camera/ir/image_raw/compressed] /gazebo http://rafzarf:37015/
[rosmaster.master][INFO] 2024-07-27 16:48:21,609: +SERVICE [/rgbd_camera/rgb/image_raw/compressed/set_parameters] /gazebo http://rafzarf:37015/
[rosmaster.master][INFO] 2024-07-27 16:48:21,610: +SERVICE [/rgbd_camera/ir/image_raw/compressed/set_parameters] /gazebo http://rafzarf:37015/
[rosmaster.master][INFO] 2024-07-27 16:48:21,610: +PUB [/rgbd_camera/rgb/image_raw/compressed/parameter_descriptions] /gazebo http://rafzarf:37015/
[rosmaster.master][INFO] 2024-07-27 16:48:21,610: +PUB [/rgbd_camera/ir/image_raw/compressed/parameter_descriptions] /gazebo http://rafzarf:37015/
[rosmaster.master][INFO] 2024-07-27 16:48:21,611: +PUB [/rgbd_camera/rgb/image_raw/compressed/parameter_updates] /gazebo http://rafzarf:37015/
[rosmaster.master][INFO] 2024-07-27 16:48:21,611: +PUB [/rgbd_camera/ir/image_raw/compressed/parameter_updates] /gazebo http://rafzarf:37015/
[rosmaster.master][INFO] 2024-07-27 16:48:21,613: +PARAM [/rgbd_camera/rgb/image_raw/compressed/format] by /gazebo
[rosmaster.master][INFO] 2024-07-27 16:48:21,614: +PARAM [/rgbd_camera/ir/image_raw/compressed/format] by /gazebo
[rosmaster.master][INFO] 2024-07-27 16:48:21,614: +PARAM [/rgbd_camera/rgb/image_raw/compressed/jpeg_quality] by /gazebo
[rosmaster.master][INFO] 2024-07-27 16:48:21,614: +PARAM [/rgbd_camera/ir/image_raw/compressed/jpeg_quality] by /gazebo
[rosmaster.master][INFO] 2024-07-27 16:48:21,614: +PARAM [/rgbd_camera/rgb/image_raw/compressed/jpeg_progressive] by /gazebo
[rosmaster.master][INFO] 2024-07-27 16:48:21,615: +PARAM [/rgbd_camera/ir/image_raw/compressed/jpeg_progressive] by /gazebo
[rosmaster.master][INFO] 2024-07-27 16:48:21,615: +PARAM [/rgbd_camera/rgb/image_raw/compressed/jpeg_optimize] by /gazebo
[rosmaster.master][INFO] 2024-07-27 16:48:21,615: +PARAM [/rgbd_camera/ir/image_raw/compressed/jpeg_optimize] by /gazebo
[rosmaster.master][INFO] 2024-07-27 16:48:21,615: +PARAM [/rgbd_camera/rgb/image_raw/compressed/jpeg_restart_interval] by /gazebo
[rosmaster.master][INFO] 2024-07-27 16:48:21,616: +PARAM [/rgbd_camera/ir/image_raw/compressed/jpeg_restart_interval] by /gazebo
[rosmaster.master][INFO] 2024-07-27 16:48:21,616: +PARAM [/rgbd_camera/rgb/image_raw/compressed/png_level] by /gazebo
[rosmaster.master][INFO] 2024-07-27 16:48:21,616: +PARAM [/rgbd_camera/ir/image_raw/compressed/png_level] by /gazebo
[rosmaster.master][INFO] 2024-07-27 16:48:21,616: +PARAM [/rgbd_camera/rgb/image_raw/compressed/format] by /gazebo
[rosmaster.master][INFO] 2024-07-27 16:48:21,617: +PARAM [/rgbd_camera/ir/image_raw/compressed/format] by /gazebo
[rosmaster.master][INFO] 2024-07-27 16:48:21,617: +PARAM [/rgbd_camera/rgb/image_raw/compressed/jpeg_quality] by /gazebo
[rosmaster.master][INFO] 2024-07-27 16:48:21,617: +PARAM [/rgbd_camera/ir/image_raw/compressed/jpeg_quality] by /gazebo
[rosmaster.master][INFO] 2024-07-27 16:48:21,617: +PARAM [/rgbd_camera/rgb/image_raw/compressed/jpeg_progressive] by /gazebo
[rosmaster.master][INFO] 2024-07-27 16:48:21,618: +PARAM [/rgbd_camera/ir/image_raw/compressed/jpeg_progressive] by /gazebo
[rosmaster.master][INFO] 2024-07-27 16:48:21,618: +PARAM [/rgbd_camera/rgb/image_raw/compressed/jpeg_optimize] by /gazebo
[rosmaster.master][INFO] 2024-07-27 16:48:21,618: +PARAM [/rgbd_camera/ir/image_raw/compressed/jpeg_optimize] by /gazebo
[rosmaster.master][INFO] 2024-07-27 16:48:21,619: +PARAM [/rgbd_camera/rgb/image_raw/compressed/jpeg_restart_interval] by /gazebo
[rosmaster.master][INFO] 2024-07-27 16:48:21,619: +PARAM [/rgbd_camera/ir/image_raw/compressed/jpeg_restart_interval] by /gazebo
[rosmaster.master][INFO] 2024-07-27 16:48:21,619: +PARAM [/rgbd_camera/rgb/image_raw/compressed/png_level] by /gazebo
[rosmaster.master][INFO] 2024-07-27 16:48:21,619: +PARAM [/rgbd_camera/ir/image_raw/compressed/png_level] by /gazebo
[rosmaster.master][INFO] 2024-07-27 16:48:21,623: +PUB [/rgbd_camera/rgb/image_raw] /gazebo http://rafzarf:37015/
[rosmaster.master][INFO] 2024-07-27 16:48:21,624: +PUB [/rgbd_camera/ir/image_raw] /gazebo http://rafzarf:37015/
[rosmaster.master][INFO] 2024-07-27 16:48:21,629: +PUB [/rgbd_camera/ir/image_raw/theora] /gazebo http://rafzarf:37015/
[rosmaster.master][INFO] 2024-07-27 16:48:21,630: +PUB [/rgbd_camera/rgb/image_raw/theora] /gazebo http://rafzarf:37015/
[rosmaster.master][INFO] 2024-07-27 16:48:21,630: +SERVICE [/rgbd_camera/ir/image_raw/theora/set_parameters] /gazebo http://rafzarf:37015/
[rosmaster.master][INFO] 2024-07-27 16:48:21,630: +SERVICE [/rgbd_camera/rgb/image_raw/theora/set_parameters] /gazebo http://rafzarf:37015/
[rosmaster.master][INFO] 2024-07-27 16:48:21,630: +PUB [/rgbd_camera/ir/image_raw/theora/parameter_descriptions] /gazebo http://rafzarf:37015/
[rosmaster.master][INFO] 2024-07-27 16:48:21,631: +PUB [/rgbd_camera/rgb/image_raw/theora/parameter_descriptions] /gazebo http://rafzarf:37015/
[rosmaster.master][INFO] 2024-07-27 16:48:21,631: +PUB [/rgbd_camera/ir/image_raw/theora/parameter_updates] /gazebo http://rafzarf:37015/
[rosmaster.master][INFO] 2024-07-27 16:48:21,631: +PUB [/rgbd_camera/rgb/image_raw/theora/parameter_updates] /gazebo http://rafzarf:37015/
[rosmaster.master][INFO] 2024-07-27 16:48:21,633: +PARAM [/rgbd_camera/ir/image_raw/theora/optimize_for] by /gazebo
[rosmaster.master][INFO] 2024-07-27 16:48:21,634: +PARAM [/rgbd_camera/ir/image_raw/theora/target_bitrate] by /gazebo
[rosmaster.master][INFO] 2024-07-27 16:48:21,634: +PARAM [/rgbd_camera/rgb/image_raw/theora/optimize_for] by /gazebo
[rosmaster.master][INFO] 2024-07-27 16:48:21,634: +PARAM [/rgbd_camera/rgb/image_raw/theora/target_bitrate] by /gazebo
[rosmaster.master][INFO] 2024-07-27 16:48:21,634: +PARAM [/rgbd_camera/ir/image_raw/theora/quality] by /gazebo
[rosmaster.master][INFO] 2024-07-27 16:48:21,635: +PARAM [/rgbd_camera/rgb/image_raw/theora/quality] by /gazebo
[rosmaster.master][INFO] 2024-07-27 16:48:21,635: +PARAM [/rgbd_camera/ir/image_raw/theora/keyframe_frequency] by /gazebo
[rosmaster.master][INFO] 2024-07-27 16:48:21,635: +PARAM [/rgbd_camera/rgb/image_raw/theora/keyframe_frequency] by /gazebo
[rosmaster.master][INFO] 2024-07-27 16:48:21,635: +PARAM [/rgbd_camera/ir/image_raw/theora/optimize_for] by /gazebo
[rosmaster.master][INFO] 2024-07-27 16:48:21,636: +PARAM [/rgbd_camera/rgb/image_raw/theora/optimize_for] by /gazebo
[rosmaster.master][INFO] 2024-07-27 16:48:21,636: +PARAM [/rgbd_camera/ir/image_raw/theora/target_bitrate] by /gazebo
[rosmaster.master][INFO] 2024-07-27 16:48:21,636: +PARAM [/rgbd_camera/rgb/image_raw/theora/target_bitrate] by /gazebo
[rosmaster.master][INFO] 2024-07-27 16:48:21,636: +PARAM [/rgbd_camera/ir/image_raw/theora/quality] by /gazebo
[rosmaster.master][INFO] 2024-07-27 16:48:21,637: +PARAM [/rgbd_camera/rgb/image_raw/theora/quality] by /gazebo
[rosmaster.master][INFO] 2024-07-27 16:48:21,637: +PARAM [/rgbd_camera/ir/image_raw/theora/keyframe_frequency] by /gazebo
[rosmaster.master][INFO] 2024-07-27 16:48:21,637: +PARAM [/rgbd_camera/rgb/image_raw/theora/keyframe_frequency] by /gazebo
[rosmaster.master][INFO] 2024-07-27 16:48:21,637: +PUB [/rgbd_camera/ir/camera_info] /gazebo http://rafzarf:37015/
[rosmaster.master][INFO] 2024-07-27 16:48:21,638: +PUB [/rgbd_camera/rgb/camera_info] /gazebo http://rafzarf:37015/
[rosmaster.master][INFO] 2024-07-27 16:48:21,638: +PUB [/rgbd_camera/depth/points] /gazebo http://rafzarf:37015/
[rosmaster.master][INFO] 2024-07-27 16:48:21,638: +PUB [/rgbd_camera/rgb/points] /gazebo http://rafzarf:37015/
[rosmaster.master][INFO] 2024-07-27 16:48:21,638: +PUB [/rgbd_camera/depth/image_raw] /gazebo http://rafzarf:37015/
[rosmaster.master][INFO] 2024-07-27 16:48:21,639: +PUB [/rgbd_camera/depth/camera_info] /gazebo http://rafzarf:37015/
[rosmaster.master][INFO] 2024-07-27 16:48:21,729: +SERVICE [/seven_dof_arm/controller_manager/list_controllers] /gazebo http://rafzarf:37015/
[rosmaster.master][INFO] 2024-07-27 16:48:21,730: +SERVICE [/seven_dof_arm/controller_manager/list_controller_types] /gazebo http://rafzarf:37015/
[rosmaster.master][INFO] 2024-07-27 16:48:21,731: +SERVICE [/seven_dof_arm/controller_manager/load_controller] /gazebo http://rafzarf:37015/
[rosmaster.master][INFO] 2024-07-27 16:48:21,731: +SERVICE [/seven_dof_arm/controller_manager/unload_controller] /gazebo http://rafzarf:37015/
[rosmaster.master][INFO] 2024-07-27 16:48:21,732: +SERVICE [/seven_dof_arm/controller_manager/switch_controller] /gazebo http://rafzarf:37015/
[rosmaster.master][INFO] 2024-07-27 16:48:21,732: +SERVICE [/seven_dof_arm/controller_manager/reload_controller_libraries] /gazebo http://rafzarf:37015/
[rosmaster.master][INFO] 2024-07-27 16:51:32,103: -SUB [/gazebo/set_link_state] /gazebo http://rafzarf:37015/
[rosmaster.master][INFO] 2024-07-27 16:51:32,104: -SUB [/gazebo/set_model_state] /gazebo http://rafzarf:37015/
[rosmaster.master][INFO] 2024-07-27 16:51:32,105: -PUB [/clock] /gazebo http://rafzarf:37015/
[rosmaster.master][INFO] 2024-07-27 16:51:32,107: -PUB [/gazebo/link_states] /gazebo http://rafzarf:37015/
[rosmaster.master][INFO] 2024-07-27 16:51:32,107: -PUB [/gazebo/model_states] /gazebo http://rafzarf:37015/
[rosmaster.master][INFO] 2024-07-27 16:51:32,108: -PUB [/gazebo/performance_metrics] /gazebo http://rafzarf:37015/
[rosmaster.master][INFO] 2024-07-27 16:51:32,108: -SERVICE [/gazebo/spawn_sdf_model] /gazebo rosrpc://rafzarf:35805
[rosmaster.master][INFO] 2024-07-27 16:51:32,108: -SERVICE [/gazebo/spawn_urdf_model] /gazebo rosrpc://rafzarf:35805
[rosmaster.master][INFO] 2024-07-27 16:51:32,109: -SERVICE [/gazebo/delete_model] /gazebo rosrpc://rafzarf:35805
[rosmaster.master][INFO] 2024-07-27 16:51:32,109: -SERVICE [/gazebo/delete_light] /gazebo rosrpc://rafzarf:35805
[rosmaster.master][INFO] 2024-07-27 16:51:32,109: -SERVICE [/gazebo/get_model_properties] /gazebo rosrpc://rafzarf:35805
[rosmaster.master][INFO] 2024-07-27 16:51:32,109: -SERVICE [/gazebo/get_model_state] /gazebo rosrpc://rafzarf:35805
[rosmaster.master][INFO] 2024-07-27 16:51:32,109: -SERVICE [/gazebo/get_world_properties] /gazebo rosrpc://rafzarf:35805
[rosmaster.master][INFO] 2024-07-27 16:51:32,109: -SERVICE [/gazebo/get_joint_properties] /gazebo rosrpc://rafzarf:35805
[rosmaster.master][INFO] 2024-07-27 16:51:32,110: -SERVICE [/gazebo/get_link_properties] /gazebo rosrpc://rafzarf:35805
[rosmaster.master][INFO] 2024-07-27 16:51:32,110: -SERVICE [/gazebo/get_link_state] /gazebo rosrpc://rafzarf:35805
[rosmaster.master][INFO] 2024-07-27 16:51:32,110: -SERVICE [/gazebo/get_light_properties] /gazebo rosrpc://rafzarf:35805
[rosmaster.master][INFO] 2024-07-27 16:51:32,110: -SERVICE [/gazebo/set_light_properties] /gazebo rosrpc://rafzarf:35805
[rosmaster.master][INFO] 2024-07-27 16:51:32,110: -SERVICE [/gazebo/get_physics_properties] /gazebo rosrpc://rafzarf:35805
[rosmaster.master][INFO] 2024-07-27 16:51:32,110: -SERVICE [/gazebo/set_link_properties] /gazebo rosrpc://rafzarf:35805
[rosmaster.master][INFO] 2024-07-27 16:51:32,111: -SERVICE [/gazebo/set_physics_properties] /gazebo rosrpc://rafzarf:35805
[rosmaster.master][INFO] 2024-07-27 16:51:32,111: -SERVICE [/gazebo/set_model_state] /gazebo rosrpc://rafzarf:35805
[rosmaster.master][INFO] 2024-07-27 16:51:32,111: -SERVICE [/gazebo/set_model_configuration] /gazebo rosrpc://rafzarf:35805
[rosmaster.master][INFO] 2024-07-27 16:51:32,111: -SERVICE [/gazebo/set_joint_properties] /gazebo rosrpc://rafzarf:35805
[rosmaster.master][INFO] 2024-07-27 16:51:32,111: -SERVICE [/gazebo/set_link_state] /gazebo rosrpc://rafzarf:35805
[rosmaster.master][INFO] 2024-07-27 16:51:32,111: -SERVICE [/gazebo/pause_physics] /gazebo rosrpc://rafzarf:35805
[rosmaster.master][INFO] 2024-07-27 16:51:32,111: -SERVICE [/gazebo/unpause_physics] /gazebo rosrpc://rafzarf:35805
[rosmaster.master][INFO] 2024-07-27 16:51:32,112: -SERVICE [/gazebo/apply_body_wrench] /gazebo rosrpc://rafzarf:35805
[rosmaster.master][INFO] 2024-07-27 16:51:32,112: -SERVICE [/gazebo/apply_joint_effort] /gazebo rosrpc://rafzarf:35805
[rosmaster.master][INFO] 2024-07-27 16:51:32,112: -SERVICE [/gazebo/clear_joint_forces] /gazebo rosrpc://rafzarf:35805
[rosmaster.master][INFO] 2024-07-27 16:51:32,112: -SERVICE [/gazebo/clear_body_wrenches] /gazebo rosrpc://rafzarf:35805
[rosmaster.master][INFO] 2024-07-27 16:51:32,112: -SERVICE [/gazebo/reset_simulation] /gazebo rosrpc://rafzarf:35805
[rosmaster.master][INFO] 2024-07-27 16:51:32,112: -SERVICE [/gazebo/reset_world] /gazebo rosrpc://rafzarf:35805
[rosmaster.master][INFO] 2024-07-27 16:51:32,113: -PUB [/gazebo/parameter_descriptions] /gazebo http://rafzarf:37015/
[rosmaster.master][INFO] 2024-07-27 16:51:32,113: -PUB [/gazebo/parameter_updates] /gazebo http://rafzarf:37015/
[rosmaster.master][INFO] 2024-07-27 16:51:32,114: -SERVICE [/gazebo/set_parameters] /gazebo rosrpc://rafzarf:35805
[rosmaster.master][INFO] 2024-07-27 16:51:32,115: -SERVICE [/seven_dof_arm/controller_manager/reload_controller_libraries] /gazebo rosrpc://rafzarf:35805
[rosmaster.master][INFO] 2024-07-27 16:51:32,115: -SERVICE [/seven_dof_arm/controller_manager/switch_controller] /gazebo rosrpc://rafzarf:35805
[rosmaster.master][INFO] 2024-07-27 16:51:32,116: -SERVICE [/seven_dof_arm/controller_manager/unload_controller] /gazebo rosrpc://rafzarf:35805
[rosmaster.master][INFO] 2024-07-27 16:51:32,116: -SERVICE [/seven_dof_arm/controller_manager/load_controller] /gazebo rosrpc://rafzarf:35805
[rosmaster.master][INFO] 2024-07-27 16:51:32,116: -SERVICE [/seven_dof_arm/controller_manager/list_controller_types] /gazebo rosrpc://rafzarf:35805
[rosmaster.master][INFO] 2024-07-27 16:51:32,116: -SERVICE [/seven_dof_arm/controller_manager/list_controllers] /gazebo rosrpc://rafzarf:35805
[rosmaster.master][INFO] 2024-07-27 16:51:32,118: -PUB [/rgbd_camera/depth/points] /gazebo http://rafzarf:37015/
[rosmaster.master][INFO] 2024-07-27 16:51:32,118: -PUB [/rgbd_camera/ir/camera_info] /gazebo http://rafzarf:37015/
[rosmaster.master][INFO] 2024-07-27 16:51:32,118: -SERVICE [/rgbd_camera/set_camera_info] /gazebo rosrpc://rafzarf:35805
[rosmaster.master][INFO] 2024-07-27 16:51:32,118: -PUB [/rgbd_camera/ir/image_raw/compressedDepth] /gazebo http://rafzarf:37015/
[rosmaster.master][INFO] 2024-07-27 16:51:32,119: -PUB [/rgbd_camera/ir/image_raw/compressed] /gazebo http://rafzarf:37015/
[rosmaster.master][INFO] 2024-07-27 16:51:32,119: -PUB [/rgbd_camera/ir/image_raw] /gazebo http://rafzarf:37015/
[rosmaster.master][INFO] 2024-07-27 16:51:32,119: -PUB [/rgbd_camera/ir/image_raw/theora] /gazebo http://rafzarf:37015/
[rosmaster.master][INFO] 2024-07-27 16:51:32,119: -PUB [/rgbd_camera/ir/image_raw/compressedDepth/parameter_descriptions] /gazebo http://rafzarf:37015/
[rosmaster.master][INFO] 2024-07-27 16:51:32,119: -PUB [/rgbd_camera/ir/image_raw/compressedDepth/parameter_updates] /gazebo http://rafzarf:37015/
[rosmaster.master][INFO] 2024-07-27 16:51:32,120: -SERVICE [/rgbd_camera/ir/image_raw/compressedDepth/set_parameters] /gazebo rosrpc://rafzarf:35805
[rosmaster.master][INFO] 2024-07-27 16:51:32,120: -PUB [/rgbd_camera/ir/image_raw/compressed/parameter_descriptions] /gazebo http://rafzarf:37015/
[rosmaster.master][INFO] 2024-07-27 16:51:32,120: -PUB [/rgbd_camera/ir/image_raw/compressed/parameter_updates] /gazebo http://rafzarf:37015/
[rosmaster.master][INFO] 2024-07-27 16:51:32,120: -SERVICE [/rgbd_camera/ir/image_raw/compressed/set_parameters] /gazebo rosrpc://rafzarf:35805
[rosmaster.master][INFO] 2024-07-27 16:51:32,120: -PUB [/rgbd_camera/ir/image_raw/theora/parameter_descriptions] /gazebo http://rafzarf:37015/
[rosmaster.master][INFO] 2024-07-27 16:51:32,120: -PUB [/rgbd_camera/ir/image_raw/theora/parameter_updates] /gazebo http://rafzarf:37015/
[rosmaster.master][INFO] 2024-07-27 16:51:32,121: -SERVICE [/rgbd_camera/ir/image_raw/theora/set_parameters] /gazebo rosrpc://rafzarf:35805
[rosmaster.master][INFO] 2024-07-27 16:51:32,122: -PUB [/rgbd_camera/depth/camera_info] /gazebo http://rafzarf:37015/
[rosmaster.master][INFO] 2024-07-27 16:51:32,122: -PUB [/rgbd_camera/depth/image_raw] /gazebo http://rafzarf:37015/
[rosmaster.master][INFO] 2024-07-27 16:51:32,122: -PUB [/rgbd_camera/rgb/points] /gazebo http://rafzarf:37015/
[rosmaster.master][INFO] 2024-07-27 16:51:32,122: -PUB [/rgbd_camera/rgb/camera_info] /gazebo http://rafzarf:37015/
[rosmaster.master][INFO] 2024-07-27 16:51:32,123: -PUB [/rgbd_camera/rgb/image_raw/compressedDepth] /gazebo http://rafzarf:37015/
[rosmaster.master][INFO] 2024-07-27 16:51:32,123: -PUB [/rgbd_camera/rgb/image_raw/compressed] /gazebo http://rafzarf:37015/
[rosmaster.master][INFO] 2024-07-27 16:51:32,123: -PUB [/rgbd_camera/rgb/image_raw] /gazebo http://rafzarf:37015/
[rosmaster.master][INFO] 2024-07-27 16:51:32,123: -PUB [/rgbd_camera/rgb/image_raw/theora] /gazebo http://rafzarf:37015/
[rosmaster.master][INFO] 2024-07-27 16:51:32,123: -PUB [/rgbd_camera/rgb/image_raw/compressedDepth/parameter_descriptions] /gazebo http://rafzarf:37015/
[rosmaster.master][INFO] 2024-07-27 16:51:32,123: -PUB [/rgbd_camera/rgb/image_raw/compressedDepth/parameter_updates] /gazebo http://rafzarf:37015/
[rosmaster.master][INFO] 2024-07-27 16:51:32,124: -SERVICE [/rgbd_camera/rgb/image_raw/compressedDepth/set_parameters] /gazebo rosrpc://rafzarf:35805
[rosmaster.master][INFO] 2024-07-27 16:51:32,124: -PUB [/rgbd_camera/rgb/image_raw/compressed/parameter_descriptions] /gazebo http://rafzarf:37015/
[rosmaster.master][INFO] 2024-07-27 16:51:32,124: -PUB [/rgbd_camera/rgb/image_raw/compressed/parameter_updates] /gazebo http://rafzarf:37015/
[rosmaster.master][INFO] 2024-07-27 16:51:32,124: -SERVICE [/rgbd_camera/rgb/image_raw/compressed/set_parameters] /gazebo rosrpc://rafzarf:35805
[rosmaster.master][INFO] 2024-07-27 16:51:32,124: -PUB [/rgbd_camera/rgb/image_raw/theora/parameter_descriptions] /gazebo http://rafzarf:37015/
[rosmaster.master][INFO] 2024-07-27 16:51:32,124: -PUB [/rgbd_camera/rgb/image_raw/theora/parameter_updates] /gazebo http://rafzarf:37015/
[rosmaster.master][INFO] 2024-07-27 16:51:32,125: -SERVICE [/rgbd_camera/rgb/image_raw/theora/set_parameters] /gazebo rosrpc://rafzarf:35805
[rosmaster.master][INFO] 2024-07-27 16:51:32,129: publisherUpdate[/clock] -> http://rafzarf:37015/ []
[rosmaster.master][INFO] 2024-07-27 16:51:32,130: publisherUpdate[/clock] -> http://rafzarf:37015/ []: sec=0.00, result=[1, '', 0]
[rosmaster.master][INFO] 2024-07-27 16:51:32,130: publisherUpdate[/clock] -> http://rafzarf:37893/ []
[rosmaster.master][INFO] 2024-07-27 16:51:32,131: publisherUpdate[/clock] -> http://rafzarf:37893/ []: sec=0.00, result=[1, '', 0]
