[rospy.client][INFO] 2024-07-27 16:31:05,708: init_node, name[/urdf_spawner], pid[575968]
[xmlrpc][INFO] 2024-07-27 16:31:05,708: XML-RPC server binding to 0.0.0.0:0
[xmlrpc][INFO] 2024-07-27 16:31:05,709: Started XML-RPC server [http://rafzarf:44685/]
[rospy.impl.masterslave][INFO] 2024-07-27 16:31:05,709: _ready: http://rafzarf:44685/
[rospy.init][INFO] 2024-07-27 16:31:05,709: ROS Slave URI: [http://rafzarf:44685/]
[rospy.registration][INFO] 2024-07-27 16:31:05,709: Registering with master node http://localhost:11311
[xmlrpc][INFO] 2024-07-27 16:31:05,710: xml rpc node: starting XML-RPC server
[rospy.init][INFO] 2024-07-27 16:31:05,810: registered with master
[rospy.rosout][INFO] 2024-07-27 16:31:05,810: initializing /rosout core topic
[rospy.rosout][INFO] 2024-07-27 16:31:05,812: connected to core topic /rosout
[rospy.simtime][INFO] 2024-07-27 16:31:05,813: initializing /clock core topic
[rospy.simtime][INFO] 2024-07-27 16:31:05,814: connected to core topic /clock
[rosout][INFO] 2024-07-27 16:31:05,815: Loading model XML from ros parameter robot_description
[rosout][INFO] 2024-07-27 16:31:05,826: Waiting for service /gazebo/spawn_urdf_model
[rospy.internal][INFO] 2024-07-27 16:31:06,085: topic[/rosout] adding connection to [/rosout], count 0
[rospy.internal][INFO] 2024-07-27 16:31:06,186: topic[/clock] adding connection to [http://rafzarf:38899/], count 0
[rosout][INFO] 2024-07-27 16:31:06,431: Calling service /gazebo/spawn_urdf_model
[rosout][INFO] 2024-07-27 16:31:06,603: Spawn status: SpawnModel: Successfully spawned entity
[rospy.core][INFO] 2024-07-27 16:31:06,605: signal_shutdown [atexit]
[rospy.internal][INFO] 2024-07-27 16:31:06,607: topic[/rosout] removing connection to /rosout
[rospy.internal][INFO] 2024-07-27 16:31:06,608: topic[/clock] removing connection to http://rafzarf:38899/
[rospy.impl.masterslave][INFO] 2024-07-27 16:31:06,608: atexit
[rospy.client][INFO] 2024-07-27 16:32:38,983: init_node, name[/urdf_spawner], pid[578708]
[xmlrpc][INFO] 2024-07-27 16:32:38,983: XML-RPC server binding to 0.0.0.0:0
[xmlrpc][INFO] 2024-07-27 16:32:38,984: Started XML-RPC server [http://rafzarf:39307/]
[rospy.init][INFO] 2024-07-27 16:32:38,984: ROS Slave URI: [http://rafzarf:39307/]
[rospy.impl.masterslave][INFO] 2024-07-27 16:32:38,984: _ready: http://rafzarf:39307/
[rospy.registration][INFO] 2024-07-27 16:32:38,984: Registering with master node http://localhost:11311
[xmlrpc][INFO] 2024-07-27 16:32:38,984: xml rpc node: starting XML-RPC server
[rospy.init][INFO] 2024-07-27 16:32:39,084: registered with master
[rospy.rosout][INFO] 2024-07-27 16:32:39,084: initializing /rosout core topic
[rospy.rosout][INFO] 2024-07-27 16:32:39,087: connected to core topic /rosout
[rospy.simtime][INFO] 2024-07-27 16:32:39,087: initializing /clock core topic
[rospy.simtime][INFO] 2024-07-27 16:32:39,088: connected to core topic /clock
[rosout][INFO] 2024-07-27 16:32:39,090: Loading model XML from ros parameter robot_description
[rosout][INFO] 2024-07-27 16:32:39,094: Waiting for service /gazebo/spawn_urdf_model
[rospy.internal][INFO] 2024-07-27 16:32:39,343: topic[/rosout] adding connection to [/rosout], count 0
[rospy.internal][INFO] 2024-07-27 16:32:39,546: topic[/clock] adding connection to [http://rafzarf:32899/], count 0
[rosout][INFO] 2024-07-27 16:32:39,698: Calling service /gazebo/spawn_urdf_model
[rosout][INFO] 2024-07-27 16:32:39,980: Spawn status: SpawnModel: Successfully spawned entity
[rospy.core][INFO] 2024-07-27 16:32:39,981: signal_shutdown [atexit]
[rospy.internal][INFO] 2024-07-27 16:32:39,983: topic[/rosout] removing connection to /rosout
[rospy.internal][INFO] 2024-07-27 16:32:39,983: topic[/clock] removing connection to http://rafzarf:32899/
[rospy.impl.masterslave][INFO] 2024-07-27 16:32:39,983: atexit
[rospy.client][INFO] 2024-07-27 16:48:20,104: init_node, name[/urdf_spawner], pid[603500]
[xmlrpc][INFO] 2024-07-27 16:48:20,105: XML-RPC server binding to 0.0.0.0:0
[xmlrpc][INFO] 2024-07-27 16:48:20,105: Started XML-RPC server [http://rafzarf:41731/]
[rospy.init][INFO] 2024-07-27 16:48:20,105: ROS Slave URI: [http://rafzarf:41731/]
[rospy.impl.masterslave][INFO] 2024-07-27 16:48:20,105: _ready: http://rafzarf:41731/
[rospy.registration][INFO] 2024-07-27 16:48:20,106: Registering with master node http://localhost:11311
[xmlrpc][INFO] 2024-07-27 16:48:20,106: xml rpc node: starting XML-RPC server
[rospy.init][INFO] 2024-07-27 16:48:20,205: registered with master
[rospy.rosout][INFO] 2024-07-27 16:48:20,206: initializing /rosout core topic
[rospy.rosout][INFO] 2024-07-27 16:48:20,208: connected to core topic /rosout
[rospy.simtime][INFO] 2024-07-27 16:48:20,209: initializing /clock core topic
[rospy.simtime][INFO] 2024-07-27 16:48:20,210: connected to core topic /clock
[rosout][INFO] 2024-07-27 16:48:20,212: Loading model XML from ros parameter robot_description
[rosout][INFO] 2024-07-27 16:48:20,217: Waiting for service /gazebo/spawn_urdf_model
[rospy.internal][INFO] 2024-07-27 16:48:20,434: topic[/rosout] adding connection to [/rosout], count 0
[rospy.internal][INFO] 2024-07-27 16:48:20,536: topic[/clock] adding connection to [http://rafzarf:37015/], count 0
[rosout][INFO] 2024-07-27 16:48:20,822: Calling service /gazebo/spawn_urdf_model
[rosout][INFO] 2024-07-27 16:48:21,512: Spawn status: SpawnModel: Successfully spawned entity
[rospy.core][INFO] 2024-07-27 16:48:21,514: signal_shutdown [atexit]
[rospy.internal][INFO] 2024-07-27 16:48:21,517: topic[/rosout] removing connection to /rosout
[rospy.internal][INFO] 2024-07-27 16:48:21,517: topic[/clock] removing connection to http://rafzarf:37015/
[rospy.impl.masterslave][INFO] 2024-07-27 16:48:21,517: atexit
