[rosmaster.main][INFO] 2024-07-14 20:28:49,199: initialization complete, waiting for shutdown
[rosmaster.main][INFO] 2024-07-14 20:28:49,199: Starting ROS Master Node
[xmlrpc][INFO] 2024-07-14 20:28:49,204: XML-RPC server binding to 0.0.0.0:11311
[xmlrpc][INFO] 2024-07-14 20:28:49,204: Started XML-RPC server [http://rafzarf:11311/]
[rosmaster.master][INFO] 2024-07-14 20:28:49,204: Master initialized: port[11311], uri[http://rafzarf:11311/]
[xmlrpc][INFO] 2024-07-14 20:28:49,204: xml rpc node: starting XML-RPC server
[rosmaster.master][INFO] 2024-07-14 20:28:49,214: +PARAM [/run_id] by /roslaunch
[rosmaster.master][INFO] 2024-07-14 20:28:49,215: +PARAM [/roslaunch/uris/host_rafzarf__35985] by /roslaunch
[rosmaster.master][INFO] 2024-07-14 20:28:49,240: +PARAM [/rosversion] by /roslaunch
[rosmaster.master][INFO] 2024-07-14 20:28:49,240: +PARAM [/rosdistro] by /roslaunch
[rosmaster.master][INFO] 2024-07-14 20:28:49,260: +SERVICE [/rosout/get_loggers] /rosout http://rafzarf:46075/
[rosmaster.master][INFO] 2024-07-14 20:28:49,260: +SERVICE [/rosout/set_logger_level] /rosout http://rafzarf:46075/
[rosmaster.master][INFO] 2024-07-14 20:28:49,260: +PUB [/rosout_agg] /rosout http://rafzarf:46075/
[rosmaster.master][INFO] 2024-07-14 20:28:49,262: +SUB [/rosout] /rosout http://rafzarf:46075/
[rosmaster.master][INFO] 2024-07-14 20:29:56,412: +PUB [/rosout] /demo_topic_publisher http://rafzarf:34473/
[rosmaster.master][INFO] 2024-07-14 20:29:56,412: +SERVICE [/demo_topic_publisher/get_loggers] /demo_topic_publisher http://rafzarf:34473/
[rosmaster.master][INFO] 2024-07-14 20:29:56,413: +SERVICE [/demo_topic_publisher/set_logger_level] /demo_topic_publisher http://rafzarf:34473/
[rosmaster.master][INFO] 2024-07-14 20:29:56,413: +PUB [/numbers] /demo_topic_publisher http://rafzarf:34473/
[rosmaster.master][INFO] 2024-07-14 20:29:56,414: +CACHEDPARAM [/rosout_disable_topics_generation] by /demo_topic_publisher
[rosmaster.master][INFO] 2024-07-14 20:29:56,428: publisherUpdate[/rosout] -> http://rafzarf:46075/ ['http://rafzarf:34473/']
[rosmaster.master][INFO] 2024-07-14 20:29:56,440: publisherUpdate[/rosout] -> http://rafzarf:46075/ ['http://rafzarf:34473/']: sec=0.01, result=[1, '', 0]
[rosmaster.master][INFO] 2024-07-14 20:29:56,715: +CACHEDPARAM [/rosout/omit_topics] by /rosout
[rosmaster.master][INFO] 2024-07-14 20:30:39,510: -PUB [/rosout] /demo_topic_publisher http://rafzarf:34473/
[rosmaster.master][INFO] 2024-07-14 20:30:39,511: -PUB [/numbers] /demo_topic_publisher http://rafzarf:34473/
[rosmaster.master][INFO] 2024-07-14 20:30:39,511: -SERVICE [/demo_topic_publisher/get_loggers] /demo_topic_publisher rosrpc://rafzarf:46597
[rosmaster.master][INFO] 2024-07-14 20:30:39,512: -SERVICE [/demo_topic_publisher/set_logger_level] /demo_topic_publisher rosrpc://rafzarf:46597
[rosmaster.master][INFO] 2024-07-14 20:30:39,513: -CACHEDPARAM [/rosout_disable_topics_generation] by /demo_topic_publisher
[rosmaster.master][INFO] 2024-07-14 20:30:39,515: publisherUpdate[/rosout] -> http://rafzarf:46075/ []
[rosmaster.master][INFO] 2024-07-14 20:30:39,533: publisherUpdate[/rosout] -> http://rafzarf:46075/ []: sec=0.02, result=[1, '', 0]
[rosmaster.master][INFO] 2024-07-14 20:30:41,436: -PUB [/rosout_agg] /rosout http://rafzarf:46075/
[rosmaster.master][INFO] 2024-07-14 20:30:41,436: -SUB [/rosout] /rosout http://rafzarf:46075/
[rosmaster.master][INFO] 2024-07-14 20:30:41,436: -SERVICE [/rosout/get_loggers] /rosout rosrpc://rafzarf:58943
[rosmaster.master][INFO] 2024-07-14 20:30:41,437: -SERVICE [/rosout/set_logger_level] /rosout rosrpc://rafzarf:58943
[rosmaster.master][INFO] 2024-07-14 20:30:41,437: -CACHEDPARAM [/rosout/omit_topics] by /rosout
[rosmaster.main][INFO] 2024-07-14 20:30:41,541: keyboard interrupt, will exit
[rosmaster.main][INFO] 2024-07-14 20:30:41,542: stopping master...
[rospy.core][INFO] 2024-07-14 20:30:41,542: signal_shutdown [atexit]
