[rosmaster.main][INFO] 2024-07-26 23:33:41,308: initialization complete, waiting for shutdown
[rosmaster.main][INFO] 2024-07-26 23:33:41,308: Starting ROS Master Node
[xmlrpc][INFO] 2024-07-26 23:33:41,312: XML-RPC server binding to 0.0.0.0:11311
[xmlrpc][INFO] 2024-07-26 23:33:41,312: Started XML-RPC server [http://rafzarf:11311/]
[rosmaster.master][INFO] 2024-07-26 23:33:41,312: Master initialized: port[11311], uri[http://rafzarf:11311/]
[xmlrpc][INFO] 2024-07-26 23:33:41,312: xml rpc node: starting XML-RPC server
[rosmaster.master][INFO] 2024-07-26 23:33:41,338: +PARAM [/run_id] by /roslaunch
[rosmaster.master][INFO] 2024-07-26 23:33:41,339: +PARAM [/roslaunch/uris/host_rafzarf__44331] by /roslaunch
[rosmaster.master][INFO] 2024-07-26 23:33:41,359: +PARAM [/rosversion] by /roslaunch
[rosmaster.master][INFO] 2024-07-26 23:33:41,359: +PARAM [/rosdistro] by /roslaunch
[rosmaster.master][INFO] 2024-07-26 23:33:41,365: +SERVICE [/rosout/get_loggers] /rosout http://rafzarf:33079/
[rosmaster.master][INFO] 2024-07-26 23:33:41,365: +SERVICE [/rosout/set_logger_level] /rosout http://rafzarf:33079/
[rosmaster.master][INFO] 2024-07-26 23:33:41,366: +PUB [/rosout_agg] /rosout http://rafzarf:33079/
[rosmaster.master][INFO] 2024-07-26 23:33:41,367: +SUB [/rosout] /rosout http://rafzarf:33079/
[rosmaster.master][INFO] 2024-07-26 23:33:43,957: +PARAM [/roslaunch/uris/host_rafzarf__45883] by /roslaunch
[rosmaster.master][INFO] 2024-07-26 23:33:43,959: +PARAM [/rosversion] by /roslaunch
[rosmaster.master][INFO] 2024-07-26 23:33:43,959: +PARAM [/rosdistro] by /roslaunch
[rosmaster.master][INFO] 2024-07-26 23:33:43,992: +PUB [/rosout] /publisher_node http://rafzarf:46841/
[rosmaster.master][INFO] 2024-07-26 23:33:43,992: +SERVICE [/publisher_node/get_loggers] /publisher_node http://rafzarf:46841/
[rosmaster.master][INFO] 2024-07-26 23:33:43,992: +SERVICE [/publisher_node/set_logger_level] /publisher_node http://rafzarf:46841/
[rosmaster.master][INFO] 2024-07-26 23:33:43,993: +PUB [/numbers] /publisher_node http://rafzarf:46841/
[rosmaster.master][INFO] 2024-07-26 23:33:43,993: +CACHEDPARAM [/rosout_disable_topics_generation] by /publisher_node
[rosmaster.master][INFO] 2024-07-26 23:33:43,997: +PUB [/rosout] /subscriber_node http://rafzarf:35739/
[rosmaster.master][INFO] 2024-07-26 23:33:43,997: +SERVICE [/subscriber_node/get_loggers] /subscriber_node http://rafzarf:35739/
[rosmaster.master][INFO] 2024-07-26 23:33:43,998: +SERVICE [/subscriber_node/set_logger_level] /subscriber_node http://rafzarf:35739/
[rosmaster.master][INFO] 2024-07-26 23:33:43,999: +SUB [/numbers] /subscriber_node http://rafzarf:35739/
[rosmaster.master][INFO] 2024-07-26 23:33:44,016: publisherUpdate[/rosout] -> http://rafzarf:33079/ ['http://rafzarf:46841/']
[rosmaster.master][INFO] 2024-07-26 23:33:44,018: publisherUpdate[/rosout] -> http://rafzarf:33079/ ['http://rafzarf:46841/']: sec=0.00, result=[1, '', 0]
[rosmaster.master][INFO] 2024-07-26 23:33:44,019: publisherUpdate[/rosout] -> http://rafzarf:33079/ ['http://rafzarf:46841/', 'http://rafzarf:35739/']
[rosmaster.master][INFO] 2024-07-26 23:33:44,019: publisherUpdate[/rosout] -> http://rafzarf:33079/ ['http://rafzarf:46841/', 'http://rafzarf:35739/']: sec=0.00, result=[1, '', 0]
[rosmaster.master][INFO] 2024-07-26 23:33:44,294: +CACHEDPARAM [/rosout/omit_topics] by /rosout
[rosmaster.master][INFO] 2024-07-26 23:33:44,294: +CACHEDPARAM [/rosout_disable_topics_generation] by /subscriber_node
[rosmaster.master][INFO] 2024-07-26 23:34:05,546: +PUB [/rosout] /rqt_gui_py_node_65543 http://rafzarf:42329/
[rosmaster.master][INFO] 2024-07-26 23:34:05,550: +SERVICE [/rqt_gui_py_node_65543/get_loggers] /rqt_gui_py_node_65543 http://rafzarf:42329/
[rosmaster.master][INFO] 2024-07-26 23:34:05,551: +SERVICE [/rqt_gui_py_node_65543/set_logger_level] /rqt_gui_py_node_65543 http://rafzarf:42329/
[rosmaster.master][INFO] 2024-07-26 23:34:05,552: publisherUpdate[/rosout] -> http://rafzarf:33079/ ['http://rafzarf:46841/', 'http://rafzarf:35739/', 'http://rafzarf:42329/']
[rosmaster.master][INFO] 2024-07-26 23:34:05,554: publisherUpdate[/rosout] -> http://rafzarf:33079/ ['http://rafzarf:46841/', 'http://rafzarf:35739/', 'http://rafzarf:42329/']: sec=0.00, result=[1, '', 0]
[rosmaster.master][INFO] 2024-07-26 23:34:05,655: +SUB [/rosout_agg] /rqt_gui_py_node_65543 http://rafzarf:42329/
[rosmaster.master][INFO] 2024-07-26 23:34:08,789: -SUB [/rosout_agg] /rqt_gui_py_node_65543 http://rafzarf:42329/
[rosmaster.master][INFO] 2024-07-26 23:34:08,813: -PUB [/rosout] /rqt_gui_py_node_65543 http://rafzarf:42329/
[rosmaster.master][INFO] 2024-07-26 23:34:08,813: -SERVICE [/rqt_gui_py_node_65543/get_loggers] /rqt_gui_py_node_65543 rosrpc://rafzarf:34301
[rosmaster.master][INFO] 2024-07-26 23:34:08,814: -SERVICE [/rqt_gui_py_node_65543/set_logger_level] /rqt_gui_py_node_65543 rosrpc://rafzarf:34301
[rosmaster.master][INFO] 2024-07-26 23:34:08,857: publisherUpdate[/rosout] -> http://rafzarf:33079/ ['http://rafzarf:46841/', 'http://rafzarf:35739/']
[rosmaster.master][INFO] 2024-07-26 23:34:08,859: publisherUpdate[/rosout] -> http://rafzarf:33079/ ['http://rafzarf:46841/', 'http://rafzarf:35739/']: sec=0.00, result=[1, '', 0]
[rosmaster.master][INFO] 2024-07-26 23:34:15,365: -PUB [/rosout] /publisher_node http://rafzarf:46841/
[rosmaster.master][INFO] 2024-07-26 23:34:15,366: -PUB [/rosout] /subscriber_node http://rafzarf:35739/
[rosmaster.master][INFO] 2024-07-26 23:34:15,366: -PUB [/numbers] /publisher_node http://rafzarf:46841/
[rosmaster.master][INFO] 2024-07-26 23:34:15,366: -SUB [/numbers] /subscriber_node http://rafzarf:35739/
[rosmaster.master][INFO] 2024-07-26 23:34:15,367: -SERVICE [/publisher_node/get_loggers] /publisher_node rosrpc://rafzarf:45907
[rosmaster.master][INFO] 2024-07-26 23:34:15,367: -SERVICE [/subscriber_node/get_loggers] /subscriber_node rosrpc://rafzarf:52311
[rosmaster.master][INFO] 2024-07-26 23:34:15,367: -SERVICE [/publisher_node/set_logger_level] /publisher_node rosrpc://rafzarf:45907
[rosmaster.master][INFO] 2024-07-26 23:34:15,367: -SERVICE [/subscriber_node/set_logger_level] /subscriber_node rosrpc://rafzarf:52311
[rosmaster.master][INFO] 2024-07-26 23:34:15,368: -CACHEDPARAM [/rosout_disable_topics_generation] by /publisher_node
[rosmaster.master][INFO] 2024-07-26 23:34:15,368: -CACHEDPARAM [/rosout_disable_topics_generation] by /subscriber_node
[rosmaster.master][INFO] 2024-07-26 23:34:15,368: publisherUpdate[/rosout] -> http://rafzarf:33079/ ['http://rafzarf:35739/']
[rosmaster.master][INFO] 2024-07-26 23:34:15,369: publisherUpdate[/numbers] -> http://rafzarf:35739/ []
[rosmaster.master][INFO] 2024-07-26 23:34:15,369: publisherUpdate[/rosout] -> http://rafzarf:33079/ ['http://rafzarf:35739/']: sec=0.00, result=[1, '', 0]
[rosmaster.master][INFO] 2024-07-26 23:34:15,369: publisherUpdate[/rosout] -> http://rafzarf:33079/ []
[rosmaster.master][INFO] 2024-07-26 23:34:15,369: publisherUpdate[/rosout] -> http://rafzarf:33079/ []: sec=0.00, result=[1, '', 0]
[rosmaster.master][INFO] 2024-07-26 23:34:15,376: publisherUpdate[/numbers] -> http://rafzarf:35739/ []: sec=0.01, exception=[Errno 111] Connection refused
[rosmaster.threadpool][ERROR] 2024-07-26 23:34:15,383: Traceback (most recent call last):
  File "/opt/ros/noetic/lib/python3/dist-packages/rosmaster/threadpool.py", line 218, in run
    result = cmd(*args)
  File "/opt/ros/noetic/lib/python3/dist-packages/rosmaster/master_api.py", line 210, in publisher_update_task
    ret = xmlrpcapi(api).publisherUpdate('/master', topic, pub_uris)
  File "/usr/lib/python3.8/xmlrpc/client.py", line 1109, in __call__
    return self.__send(self.__name, args)
  File "/usr/lib/python3.8/xmlrpc/client.py", line 1450, in __request
    response = self.__transport.request(
  File "/usr/lib/python3.8/xmlrpc/client.py", line 1153, in request
    return self.single_request(host, handler, request_body, verbose)
  File "/usr/lib/python3.8/xmlrpc/client.py", line 1165, in single_request
    http_conn = self.send_request(host, handler, request_body, verbose)
  File "/usr/lib/python3.8/xmlrpc/client.py", line 1278, in send_request
    self.send_content(connection, request_body)
  File "/usr/lib/python3.8/xmlrpc/client.py", line 1308, in send_content
    connection.endheaders(request_body)
  File "/usr/lib/python3.8/http/client.py", line 1251, in endheaders
    self._send_output(message_body, encode_chunked=encode_chunked)
  File "/usr/lib/python3.8/http/client.py", line 1011, in _send_output
    self.send(msg)
  File "/usr/lib/python3.8/http/client.py", line 951, in send
    self.connect()
  File "/usr/lib/python3.8/http/client.py", line 922, in connect
    self.sock = self._create_connection(
  File "/usr/lib/python3.8/socket.py", line 808, in create_connection
    raise err
  File "/usr/lib/python3.8/socket.py", line 796, in create_connection
    sock.connect(sa)
ConnectionRefusedError: [Errno 111] Connection refused

[rosmaster.master][INFO] 2024-07-26 23:34:37,203: -PUB [/rosout_agg] /rosout http://rafzarf:33079/
[rosmaster.master][INFO] 2024-07-26 23:34:37,204: -SUB [/rosout] /rosout http://rafzarf:33079/
[rosmaster.master][INFO] 2024-07-26 23:34:37,204: -SERVICE [/rosout/get_loggers] /rosout rosrpc://rafzarf:47215
[rosmaster.master][INFO] 2024-07-26 23:34:37,204: -SERVICE [/rosout/set_logger_level] /rosout rosrpc://rafzarf:47215
[rosmaster.master][INFO] 2024-07-26 23:34:37,205: -CACHEDPARAM [/rosout/omit_topics] by /rosout
[rosmaster.main][INFO] 2024-07-26 23:34:37,277: keyboard interrupt, will exit
[rosmaster.main][INFO] 2024-07-26 23:34:37,277: stopping master...
[rospy.core][INFO] 2024-07-26 23:34:37,277: signal_shutdown [atexit]
