[rosmaster.main][INFO] 2024-07-22 22:53:08,288: initialization complete, waiting for shutdown
[rosmaster.main][INFO] 2024-07-22 22:53:08,288: Starting ROS Master Node
[xmlrpc][INFO] 2024-07-22 22:53:08,294: XML-RPC server binding to 0.0.0.0:11311
[xmlrpc][INFO] 2024-07-22 22:53:08,294: Started XML-RPC server [http://rafzarf:11311/]
[rosmaster.master][INFO] 2024-07-22 22:53:08,294: Master initialized: port[11311], uri[http://rafzarf:11311/]
[xmlrpc][INFO] 2024-07-22 22:53:08,294: xml rpc node: starting XML-RPC server
[rosmaster.master][INFO] 2024-07-22 22:53:08,325: +PARAM [/run_id] by /roslaunch
[rosmaster.master][INFO] 2024-07-22 22:53:08,326: +PARAM [/roslaunch/uris/host_rafzarf__36775] by /roslaunch
[rosmaster.master][INFO] 2024-07-22 22:53:08,345: +PARAM [/rosversion] by /roslaunch
[rosmaster.master][INFO] 2024-07-22 22:53:08,345: +PARAM [/rosdistro] by /roslaunch
[rosmaster.master][INFO] 2024-07-22 22:53:08,352: +SERVICE [/rosout/get_loggers] /rosout http://rafzarf:32843/
[rosmaster.master][INFO] 2024-07-22 22:53:08,353: +SERVICE [/rosout/set_logger_level] /rosout http://rafzarf:32843/
[rosmaster.master][INFO] 2024-07-22 22:53:08,353: +PUB [/rosout_agg] /rosout http://rafzarf:32843/
[rosmaster.master][INFO] 2024-07-22 22:53:08,354: +SUB [/rosout] /rosout http://rafzarf:32843/
[rosmaster.master][INFO] 2024-07-22 22:53:16,869: -PUB [/rosout] /demo_action http://rafzarf:33817/
[rosmaster.master][INFO] 2024-07-22 22:53:16,869: -PUB [/demo_action/result] /demo_action http://rafzarf:33817/
[rosmaster.master][INFO] 2024-07-22 22:53:16,869: -PUB [/demo_action/feedback] /demo_action http://rafzarf:33817/
[rosmaster.master][INFO] 2024-07-22 22:53:16,870: -PUB [/demo_action/status] /demo_action http://rafzarf:33817/
[rosmaster.master][INFO] 2024-07-22 22:53:16,870: -SUB [/demo_action/goal] /demo_action http://rafzarf:33817/
[rosmaster.master][INFO] 2024-07-22 22:53:16,870: -SUB [/demo_action/cancel] /demo_action http://rafzarf:33817/
[rosmaster.master][INFO] 2024-07-22 22:53:16,870: -SERVICE [/demo_action/get_loggers] /demo_action rosrpc://rafzarf:54215
[rosmaster.master][INFO] 2024-07-22 22:53:16,871: -SERVICE [/demo_action/set_logger_level] /demo_action rosrpc://rafzarf:54215
[rosmaster.master][INFO] 2024-07-22 22:53:16,871: -CACHEDPARAM [/rosout_disable_topics_generation] by /demo_action
[rosmaster.master][INFO] 2024-07-22 22:53:24,655: +PARAM [/roslaunch/uris/host_rafzarf__46635] by /roslaunch
[rosmaster.master][INFO] 2024-07-22 22:53:24,656: +PARAM [/rosversion] by /roslaunch
[rosmaster.master][INFO] 2024-07-22 22:53:24,656: +PARAM [/rosdistro] by /roslaunch
[rosmaster.master][INFO] 2024-07-22 22:53:24,685: +PUB [/rosout] /publisher_node http://rafzarf:39733/
[rosmaster.master][INFO] 2024-07-22 22:53:24,686: +SERVICE [/publisher_node/get_loggers] /publisher_node http://rafzarf:39733/
[rosmaster.master][INFO] 2024-07-22 22:53:24,686: +SERVICE [/publisher_node/set_logger_level] /publisher_node http://rafzarf:39733/
[rosmaster.master][INFO] 2024-07-22 22:53:24,687: +PUB [/numbers] /publisher_node http://rafzarf:39733/
[rosmaster.master][INFO] 2024-07-22 22:53:24,687: +CACHEDPARAM [/rosout_disable_topics_generation] by /publisher_node
[rosmaster.master][INFO] 2024-07-22 22:53:24,690: +PUB [/rosout] /subscriber_node http://rafzarf:36179/
[rosmaster.master][INFO] 2024-07-22 22:53:24,690: +SERVICE [/subscriber_node/get_loggers] /subscriber_node http://rafzarf:36179/
[rosmaster.master][INFO] 2024-07-22 22:53:24,691: +SERVICE [/subscriber_node/set_logger_level] /subscriber_node http://rafzarf:36179/
[rosmaster.master][INFO] 2024-07-22 22:53:24,692: +SUB [/numbers] /subscriber_node http://rafzarf:36179/
[rosmaster.master][INFO] 2024-07-22 22:53:24,725: publisherUpdate[/rosout] -> http://rafzarf:32843/ ['http://rafzarf:39733/']
[rosmaster.master][INFO] 2024-07-22 22:53:24,730: publisherUpdate[/rosout] -> http://rafzarf:32843/ ['http://rafzarf:39733/']: sec=0.00, result=[1, '', 0]
[rosmaster.master][INFO] 2024-07-22 22:53:24,730: publisherUpdate[/rosout] -> http://rafzarf:32843/ ['http://rafzarf:39733/', 'http://rafzarf:36179/']
[rosmaster.master][INFO] 2024-07-22 22:53:24,731: publisherUpdate[/rosout] -> http://rafzarf:32843/ ['http://rafzarf:39733/', 'http://rafzarf:36179/']: sec=0.00, result=[1, '', 0]
[rosmaster.master][INFO] 2024-07-22 22:53:24,988: +CACHEDPARAM [/rosout/omit_topics] by /rosout
[rosmaster.master][INFO] 2024-07-22 22:53:24,989: +CACHEDPARAM [/rosout_disable_topics_generation] by /subscriber_node
[rosmaster.master][INFO] 2024-07-22 22:53:45,669: -PUB [/rosout] /publisher_node http://rafzarf:39733/
[rosmaster.master][INFO] 2024-07-22 22:53:45,669: -PUB [/rosout] /subscriber_node http://rafzarf:36179/
[rosmaster.master][INFO] 2024-07-22 22:53:45,669: -PUB [/numbers] /publisher_node http://rafzarf:39733/
[rosmaster.master][INFO] 2024-07-22 22:53:45,670: -SUB [/numbers] /subscriber_node http://rafzarf:36179/
[rosmaster.master][INFO] 2024-07-22 22:53:45,670: -SERVICE [/publisher_node/get_loggers] /publisher_node rosrpc://rafzarf:43073
[rosmaster.master][INFO] 2024-07-22 22:53:45,670: -SERVICE [/subscriber_node/get_loggers] /subscriber_node rosrpc://rafzarf:58345
[rosmaster.master][INFO] 2024-07-22 22:53:45,670: -SERVICE [/publisher_node/set_logger_level] /publisher_node rosrpc://rafzarf:43073
[rosmaster.master][INFO] 2024-07-22 22:53:45,671: -SERVICE [/subscriber_node/set_logger_level] /subscriber_node rosrpc://rafzarf:58345
[rosmaster.master][INFO] 2024-07-22 22:53:45,671: -CACHEDPARAM [/rosout_disable_topics_generation] by /publisher_node
[rosmaster.master][INFO] 2024-07-22 22:53:45,671: -CACHEDPARAM [/rosout_disable_topics_generation] by /subscriber_node
[rosmaster.master][INFO] 2024-07-22 22:53:45,671: publisherUpdate[/rosout] -> http://rafzarf:32843/ ['http://rafzarf:36179/']
[rosmaster.master][INFO] 2024-07-22 22:53:45,671: publisherUpdate[/rosout] -> http://rafzarf:32843/ ['http://rafzarf:36179/']: sec=0.00, result=[1, '', 0]
[rosmaster.master][INFO] 2024-07-22 22:53:45,671: publisherUpdate[/rosout] -> http://rafzarf:32843/ []
[rosmaster.master][INFO] 2024-07-22 22:53:45,672: publisherUpdate[/rosout] -> http://rafzarf:32843/ []: sec=0.00, result=[1, '', 0]
[rosmaster.master][INFO] 2024-07-22 22:53:45,672: publisherUpdate[/numbers] -> http://rafzarf:36179/ []
[rosmaster.master][INFO] 2024-07-22 22:53:45,679: publisherUpdate[/numbers] -> http://rafzarf:36179/ []: sec=0.01, exception=[Errno 111] Connection refused
[rosmaster.threadpool][ERROR] 2024-07-22 22:53:45,686: Traceback (most recent call last):
  File "/opt/ros/noetic/lib/python3/dist-packages/rosmaster/threadpool.py", line 218, in run
    result = cmd(*args)
  File "/opt/ros/noetic/lib/python3/dist-packages/rosmaster/master_api.py", line 210, in publisher_update_task
    ret = xmlrpcapi(api).publisherUpdate('/master', topic, pub_uris)
  File "/usr/lib/python3.8/xmlrpc/client.py", line 1109, in __call__
    return self.__send(self.__name, args)
  File "/usr/lib/python3.8/xmlrpc/client.py", line 1450, in __request
    response = self.__transport.request(
  File "/usr/lib/python3.8/xmlrpc/client.py", line 1153, in request
    return self.single_request(host, handler, request_body, verbose)
  File "/usr/lib/python3.8/xmlrpc/client.py", line 1165, in single_request
    http_conn = self.send_request(host, handler, request_body, verbose)
  File "/usr/lib/python3.8/xmlrpc/client.py", line 1278, in send_request
    self.send_content(connection, request_body)
  File "/usr/lib/python3.8/xmlrpc/client.py", line 1308, in send_content
    connection.endheaders(request_body)
  File "/usr/lib/python3.8/http/client.py", line 1251, in endheaders
    self._send_output(message_body, encode_chunked=encode_chunked)
  File "/usr/lib/python3.8/http/client.py", line 1011, in _send_output
    self.send(msg)
  File "/usr/lib/python3.8/http/client.py", line 951, in send
    self.connect()
  File "/usr/lib/python3.8/http/client.py", line 922, in connect
    self.sock = self._create_connection(
  File "/usr/lib/python3.8/socket.py", line 808, in create_connection
    raise err
  File "/usr/lib/python3.8/socket.py", line 796, in create_connection
    sock.connect(sa)
ConnectionRefusedError: [Errno 111] Connection refused

[rosmaster.master][INFO] 2024-07-22 22:53:56,309: +PARAM [/roslaunch/uris/host_rafzarf__35327] by /roslaunch
[rosmaster.master][INFO] 2024-07-22 22:53:56,310: +PARAM [/rosversion] by /roslaunch
[rosmaster.master][INFO] 2024-07-22 22:53:56,310: +PARAM [/rosdistro] by /roslaunch
[rosmaster.master][INFO] 2024-07-22 22:53:56,338: +PUB [/rosout] /publisher_node http://rafzarf:34799/
[rosmaster.master][INFO] 2024-07-22 22:53:56,338: +SERVICE [/publisher_node/get_loggers] /publisher_node http://rafzarf:34799/
[rosmaster.master][INFO] 2024-07-22 22:53:56,338: +SERVICE [/publisher_node/set_logger_level] /publisher_node http://rafzarf:34799/
[rosmaster.master][INFO] 2024-07-22 22:53:56,339: +PUB [/numbers] /publisher_node http://rafzarf:34799/
[rosmaster.master][INFO] 2024-07-22 22:53:56,339: +CACHEDPARAM [/rosout_disable_topics_generation] by /publisher_node
[rosmaster.master][INFO] 2024-07-22 22:53:56,341: +PUB [/rosout] /subscriber_node http://rafzarf:46845/
[rosmaster.master][INFO] 2024-07-22 22:53:56,341: +SERVICE [/subscriber_node/get_loggers] /subscriber_node http://rafzarf:46845/
[rosmaster.master][INFO] 2024-07-22 22:53:56,341: +SERVICE [/subscriber_node/set_logger_level] /subscriber_node http://rafzarf:46845/
[rosmaster.master][INFO] 2024-07-22 22:53:56,342: +SUB [/numbers] /subscriber_node http://rafzarf:46845/
[rosmaster.master][INFO] 2024-07-22 22:53:56,388: publisherUpdate[/rosout] -> http://rafzarf:32843/ ['http://rafzarf:34799/']
[rosmaster.master][INFO] 2024-07-22 22:53:56,390: publisherUpdate[/rosout] -> http://rafzarf:32843/ ['http://rafzarf:34799/']: sec=0.00, result=[1, '', 0]
[rosmaster.master][INFO] 2024-07-22 22:53:56,390: publisherUpdate[/rosout] -> http://rafzarf:32843/ ['http://rafzarf:34799/', 'http://rafzarf:46845/']
[rosmaster.master][INFO] 2024-07-22 22:53:56,391: publisherUpdate[/rosout] -> http://rafzarf:32843/ ['http://rafzarf:34799/', 'http://rafzarf:46845/']: sec=0.00, result=[1, '', 0]
[rosmaster.master][INFO] 2024-07-22 22:53:56,641: +CACHEDPARAM [/rosout_disable_topics_generation] by /subscriber_node
[rosmaster.master][INFO] 2024-07-22 22:54:16,201: +PUB [/rosout] /rqt_gui_py_node_1007275 http://rafzarf:43627/
[rosmaster.master][INFO] 2024-07-22 22:54:16,205: +SERVICE [/rqt_gui_py_node_1007275/get_loggers] /rqt_gui_py_node_1007275 http://rafzarf:43627/
[rosmaster.master][INFO] 2024-07-22 22:54:16,207: +SERVICE [/rqt_gui_py_node_1007275/set_logger_level] /rqt_gui_py_node_1007275 http://rafzarf:43627/
[rosmaster.master][INFO] 2024-07-22 22:54:16,227: publisherUpdate[/rosout] -> http://rafzarf:32843/ ['http://rafzarf:34799/', 'http://rafzarf:46845/', 'http://rafzarf:43627/']
[rosmaster.master][INFO] 2024-07-22 22:54:16,228: publisherUpdate[/rosout] -> http://rafzarf:32843/ ['http://rafzarf:34799/', 'http://rafzarf:46845/', 'http://rafzarf:43627/']: sec=0.00, result=[1, '', 0]
[rosmaster.master][INFO] 2024-07-22 22:54:16,240: +SUB [/statistics] /rqt_gui_py_node_1007275 http://rafzarf:43627/
[rosmaster.master][INFO] 2024-07-22 22:55:39,759: -SUB [/statistics] /rqt_gui_py_node_1007275 http://rafzarf:43627/
[rosmaster.master][INFO] 2024-07-22 22:55:39,759: -PUB [/rosout] /rqt_gui_py_node_1007275 http://rafzarf:43627/
[rosmaster.master][INFO] 2024-07-22 22:55:39,759: -SERVICE [/rqt_gui_py_node_1007275/get_loggers] /rqt_gui_py_node_1007275 rosrpc://rafzarf:40511
[rosmaster.master][INFO] 2024-07-22 22:55:39,759: -SERVICE [/rqt_gui_py_node_1007275/set_logger_level] /rqt_gui_py_node_1007275 rosrpc://rafzarf:40511
[rosmaster.master][INFO] 2024-07-22 22:55:39,786: publisherUpdate[/rosout] -> http://rafzarf:32843/ ['http://rafzarf:34799/', 'http://rafzarf:46845/']
[rosmaster.master][INFO] 2024-07-22 22:55:39,787: publisherUpdate[/rosout] -> http://rafzarf:32843/ ['http://rafzarf:34799/', 'http://rafzarf:46845/']: sec=0.00, result=[1, '', 0]
[rosmaster.master][INFO] 2024-07-22 22:55:53,216: +PUB [/rosout] /rqt_gui_py_node_1010378 http://rafzarf:45469/
[rosmaster.master][INFO] 2024-07-22 22:55:53,216: publisherUpdate[/rosout] -> http://rafzarf:32843/ ['http://rafzarf:34799/', 'http://rafzarf:46845/', 'http://rafzarf:45469/']
[rosmaster.master][INFO] 2024-07-22 22:55:53,218: publisherUpdate[/rosout] -> http://rafzarf:32843/ ['http://rafzarf:34799/', 'http://rafzarf:46845/', 'http://rafzarf:45469/']: sec=0.00, result=[1, '', 0]
[rosmaster.master][INFO] 2024-07-22 22:55:53,219: +SERVICE [/rqt_gui_py_node_1010378/get_loggers] /rqt_gui_py_node_1010378 http://rafzarf:45469/
[rosmaster.master][INFO] 2024-07-22 22:55:53,220: +SERVICE [/rqt_gui_py_node_1010378/set_logger_level] /rqt_gui_py_node_1010378 http://rafzarf:45469/
[rosmaster.master][INFO] 2024-07-22 22:55:53,285: +SUB [/rosout_agg] /rqt_gui_py_node_1010378 http://rafzarf:45469/
[rosmaster.master][INFO] 2024-07-22 22:56:07,262: -SUB [/rosout_agg] /rqt_gui_py_node_1010378 http://rafzarf:45469/
[rosmaster.master][INFO] 2024-07-22 22:56:07,291: -PUB [/rosout] /rqt_gui_py_node_1010378 http://rafzarf:45469/
[rosmaster.master][INFO] 2024-07-22 22:56:07,291: -SERVICE [/rqt_gui_py_node_1010378/get_loggers] /rqt_gui_py_node_1010378 rosrpc://rafzarf:35453
[rosmaster.master][INFO] 2024-07-22 22:56:07,291: -SERVICE [/rqt_gui_py_node_1010378/set_logger_level] /rqt_gui_py_node_1010378 rosrpc://rafzarf:35453
[rosmaster.master][INFO] 2024-07-22 22:56:07,342: publisherUpdate[/rosout] -> http://rafzarf:32843/ ['http://rafzarf:34799/', 'http://rafzarf:46845/']
[rosmaster.master][INFO] 2024-07-22 22:56:07,343: publisherUpdate[/rosout] -> http://rafzarf:32843/ ['http://rafzarf:34799/', 'http://rafzarf:46845/']: sec=0.00, result=[1, '', 0]
[rosmaster.master][INFO] 2024-07-22 22:56:09,732: -PUB [/rosout] /subscriber_node http://rafzarf:46845/
[rosmaster.master][INFO] 2024-07-22 22:56:09,733: -SUB [/numbers] /subscriber_node http://rafzarf:46845/
[rosmaster.master][INFO] 2024-07-22 22:56:09,733: -SERVICE [/subscriber_node/get_loggers] /subscriber_node rosrpc://rafzarf:48841
[rosmaster.master][INFO] 2024-07-22 22:56:09,733: -SERVICE [/subscriber_node/set_logger_level] /subscriber_node rosrpc://rafzarf:48841
[rosmaster.master][INFO] 2024-07-22 22:56:09,733: -CACHEDPARAM [/rosout_disable_topics_generation] by /subscriber_node
[rosmaster.master][INFO] 2024-07-22 22:56:09,747: publisherUpdate[/rosout] -> http://rafzarf:32843/ ['http://rafzarf:34799/']
[rosmaster.master][INFO] 2024-07-22 22:56:09,748: publisherUpdate[/rosout] -> http://rafzarf:32843/ ['http://rafzarf:34799/']: sec=0.00, result=[1, '', 0]
[rosmaster.master][INFO] 2024-07-22 22:56:09,793: -PUB [/rosout] /publisher_node http://rafzarf:34799/
[rosmaster.master][INFO] 2024-07-22 22:56:09,794: -PUB [/numbers] /publisher_node http://rafzarf:34799/
[rosmaster.master][INFO] 2024-07-22 22:56:09,794: -SERVICE [/publisher_node/get_loggers] /publisher_node rosrpc://rafzarf:49355
[rosmaster.master][INFO] 2024-07-22 22:56:09,795: -SERVICE [/publisher_node/set_logger_level] /publisher_node rosrpc://rafzarf:49355
[rosmaster.master][INFO] 2024-07-22 22:56:09,796: -CACHEDPARAM [/rosout_disable_topics_generation] by /publisher_node
[rosmaster.master][INFO] 2024-07-22 22:56:09,848: publisherUpdate[/rosout] -> http://rafzarf:32843/ []
[rosmaster.master][INFO] 2024-07-22 22:56:09,849: publisherUpdate[/rosout] -> http://rafzarf:32843/ []: sec=0.00, result=[1, '', 0]
[rosmaster.master][INFO] 2024-07-22 23:07:49,291: -PUB [/rosout_agg] /rosout http://rafzarf:32843/
[rosmaster.master][INFO] 2024-07-22 23:07:49,292: -SUB [/rosout] /rosout http://rafzarf:32843/
[rosmaster.master][INFO] 2024-07-22 23:07:49,292: -SERVICE [/rosout/get_loggers] /rosout rosrpc://rafzarf:49025
[rosmaster.master][INFO] 2024-07-22 23:07:49,292: -SERVICE [/rosout/set_logger_level] /rosout rosrpc://rafzarf:49025
[rosmaster.master][INFO] 2024-07-22 23:07:49,292: -CACHEDPARAM [/rosout/omit_topics] by /rosout
[rosmaster.main][INFO] 2024-07-22 23:07:49,366: keyboard interrupt, will exit
[rosmaster.main][INFO] 2024-07-22 23:07:49,366: stopping master...
[rospy.core][INFO] 2024-07-22 23:07:49,367: signal_shutdown [atexit]
